2022-02-15 20:02:41,438 - test_case01.py[line:21] - test_case01 - INFO - 用例序号:testcase_01
2022-02-15 20:02:41,438 - test_case01.py[line:22] - test_case01 - INFO - 用例名称:loginOauth
2022-02-15 20:02:41,438 - test_case01.py[line:23] - test_case01 - INFO - 请求url:http://uat.drp.orsd.tech/drpapi/oauth/loginOauth
2022-02-15 20:02:41,438 - test_case01.py[line:24] - test_case01 - INFO - 请求数据:{"username":"wuhaiyan", "password":"49ca2906599a55321586de19c9c835e1"}
2022-02-15 20:02:41,438 - test_case01.py[line:25] - test_case01 - INFO - 请求方式:POST
2022-02-15 20:02:41,438 - test_case01.py[line:26] - test_case01 - INFO - 请求头:header
2022-02-15 20:02:41,441 - test_case01.py[line:27] - test_case01 - INFO - 依赖:None
2022-02-15 20:02:41,441 - test_case01.py[line:28] - test_case01 - INFO - 依赖的返回数据:refreshToken
2022-02-15 20:02:41,441 - test_case01.py[line:29] - test_case01 - INFO - 数据依赖字段:None
2022-02-15 20:02:41,441 - test_case01.py[line:30] - test_case01 - INFO - 预期结果:code
2022-02-15 20:02:41,621 - test_case01.py[line:33] - test_case01 - INFO - 返回结果为:{"code": "0000", "msg": "Login was successful.", "data": {"subject": "wuhaiyan", "accessToken": "eyJhbGciOiJIUzUxMiJ9.eyJhdWQiOiIxIiwic3ViIjoid3VoYWl5YW4iLCJleHAiOjE2NDQ5NTUzNjIsImlhdCI6MTY0NDkyNjU2Mn0.gqiVRKkg2QSC7-Lwi02p6L-lELxiJiEyeKyvFlqkBNY07fa8g_SL1Z00kVo-6dEXXCIM-ZXD8DHqtmldUNdRuw", "refreshToken": "eyJhbGciOiJIUzUxMiJ9.eyJhdWQiOiIyIiwic3ViIjoid3VoYWl5YW4iLCJleHAiOjE2NDU1MzEzNjIsImlhdCI6MTY0NDkyNjU2Mn0.k76_e3Pp5NzleTE_H3-7PCfIJJNlO-8td9T7zb_jNRnYgiwDiPzdUj5UBu18DcwNWptW7qNFJUUZ0pKPFnLesQ", "tokenType": "jwt", "expiresIn": 28800000, "scope": "all", "refreshTime": 7100000}}
2022-02-15 20:02:41,622 - test_case01.py[line:21] - test_case01 - INFO - 用例序号:testcase_02
2022-02-15 20:02:41,622 - test_case01.py[line:22] - test_case01 - INFO - 用例名称:refreshOauthToken
2022-02-15 20:02:41,622 - test_case01.py[line:23] - test_case01 - INFO - 请求url:http://uat.drp.orsd.tech/drpapi/oauth/refreshOauthToken
2022-02-15 20:02:41,622 - test_case01.py[line:24] - test_case01 - INFO - 请求数据:None
2022-02-15 20:02:41,622 - test_case01.py[line:25] - test_case01 - INFO - 请求方式:POST
2022-02-15 20:02:41,622 - test_case01.py[line:26] - test_case01 - INFO - 请求头:yes
2022-02-15 20:02:41,622 - test_case01.py[line:27] - test_case01 - INFO - 依赖:case1
2022-02-15 20:02:41,622 - test_case01.py[line:28] - test_case01 - INFO - 依赖的返回数据:refreshToken
2022-02-15 20:02:41,623 - test_case01.py[line:29] - test_case01 - INFO - 数据依赖字段:refreshToken
2022-02-15 20:02:41,623 - test_case01.py[line:30] - test_case01 - INFO - 预期结果:code
