2022-02-16 09:59:03,894 - test_case01.py[line:21] - test_case01 - INFO - 用例序号:testcase_01
2022-02-16 09:59:03,894 - test_case01.py[line:22] - test_case01 - INFO - 用例名称:loginOauth
2022-02-16 09:59:03,894 - test_case01.py[line:23] - test_case01 - INFO - 请求url:http://uat.drp.orsd.tech/drpapi/oauth/loginOauth
2022-02-16 09:59:03,894 - test_case01.py[line:24] - test_case01 - INFO - 请求数据:{"username":"wuhaiyan", "password":"49ca2906599a55321586de19c9c835e1"}
2022-02-16 09:59:03,894 - test_case01.py[line:25] - test_case01 - INFO - 请求方式:POST
2022-02-16 09:59:03,894 - test_case01.py[line:26] - test_case01 - INFO - 请求头:header
2022-02-16 09:59:03,897 - test_case01.py[line:27] - test_case01 - INFO - 依赖:None
2022-02-16 09:59:03,897 - test_case01.py[line:28] - test_case01 - INFO - 依赖的返回数据:refreshToken
2022-02-16 09:59:03,897 - test_case01.py[line:29] - test_case01 - INFO - 数据依赖字段:None
2022-02-16 09:59:03,897 - test_case01.py[line:30] - test_case01 - INFO - 预期结果:code
2022-02-16 09:59:04,118 - test_case01.py[line:33] - test_case01 - INFO - 返回结果为:{"code": "0000", "msg": "Login was successful.", "data": {"subject": "wuhaiyan", "accessToken": "eyJhbGciOiJIUzUxMiJ9.eyJhdWQiOiIxIiwic3ViIjoid3VoYWl5YW4iLCJleHAiOjE2NDUwMDU1NDQsImlhdCI6MTY0NDk3Njc0NH0.MSYMRvdMM4VgqEk92nR3T1Yl2Lbp-8X1gpMAfF6TRvAWZmIWmql-_Gt6OskD3sc_PPHvAJaiAcva6MfxlVDqGA", "refreshToken": "eyJhbGciOiJIUzUxMiJ9.eyJhdWQiOiIyIiwic3ViIjoid3VoYWl5YW4iLCJleHAiOjE2NDU1ODE1NDQsImlhdCI6MTY0NDk3Njc0NH0.-Q3YMJ4C6dNJ8y34FHkhOp6VVtcnzXDnUxn-vJmd5JEMTpsNS9m5Gv1nRvsAoC-YIzJsJntQAv8X7f5haDZ-Wg", "tokenType": "jwt", "expiresIn": 28800000, "scope": "all", "refreshTime": 7100000}}
2022-02-16 09:59:04,119 - test_case01.py[line:21] - test_case01 - INFO - 用例序号:testcase_02
2022-02-16 09:59:04,119 - test_case01.py[line:22] - test_case01 - INFO - 用例名称:refreshOauthToken
2022-02-16 09:59:04,119 - test_case01.py[line:23] - test_case01 - INFO - 请求url:http://uat.drp.orsd.tech/drpapi/oauth/refreshOauthToken
2022-02-16 09:59:04,119 - test_case01.py[line:24] - test_case01 - INFO - 请求数据:None
2022-02-16 09:59:04,119 - test_case01.py[line:25] - test_case01 - INFO - 请求方式:POST
2022-02-16 09:59:04,119 - test_case01.py[line:26] - test_case01 - INFO - 请求头:yes
2022-02-16 09:59:04,119 - test_case01.py[line:27] - test_case01 - INFO - 依赖:case1
2022-02-16 09:59:04,119 - test_case01.py[line:28] - test_case01 - INFO - 依赖的返回数据:refreshToken
2022-02-16 09:59:04,119 - test_case01.py[line:29] - test_case01 - INFO - 数据依赖字段:refreshToken
2022-02-16 09:59:04,120 - test_case01.py[line:30] - test_case01 - INFO - 预期结果:code
2022-02-16 09:59:04,180 - test_case01.py[line:33] - test_case01 - INFO - 返回结果为:{"code": "0000", "msg": "success", "data": {"subject": "wuhaiyan", "accessToken": "eyJhbGciOiJIUzUxMiJ9.eyJhdWQiOiIxIiwic3ViIjoid3VoYWl5YW4iLCJleHAiOjE2NDUwMDU1NDQsImlhdCI6MTY0NDk3Njc0NH0.MSYMRvdMM4VgqEk92nR3T1Yl2Lbp-8X1gpMAfF6TRvAWZmIWmql-_Gt6OskD3sc_PPHvAJaiAcva6MfxlVDqGA", "refreshToken": null, "tokenType": "jwt", "expiresIn": 0, "scope": "all", "refreshTime": 30000}}
2022-02-16 09:59:04,180 - test_case01.py[line:21] - test_case01 - INFO - 用例序号:testcase_03
2022-02-16 09:59:04,180 - test_case01.py[line:22] - test_case01 - INFO - 用例名称:listWarehouse
2022-02-16 09:59:04,181 - test_case01.py[line:23] - test_case01 - INFO - 请求url:http://uat.drp.orsd.tech/drpapi/warehouse/truck/listWarehouse
2022-02-16 09:59:04,181 - test_case01.py[line:24] - test_case01 - INFO - 请求数据:None
2022-02-16 09:59:04,181 - test_case01.py[line:25] - test_case01 - INFO - 请求方式:POST
2022-02-16 09:59:04,181 - test_case01.py[line:26] - test_case01 - INFO - 请求头:yes
2022-02-16 09:59:04,181 - test_case01.py[line:27] - test_case01 - INFO - 依赖:None
2022-02-16 09:59:04,181 - test_case01.py[line:28] - test_case01 - INFO - 依赖的返回数据:None
2022-02-16 09:59:04,181 - test_case01.py[line:29] - test_case01 - INFO - 数据依赖字段:None
2022-02-16 09:59:04,181 - test_case01.py[line:30] - test_case01 - INFO - 预期结果:code
2022-02-16 09:59:04,190 - test_case01.py[line:33] - test_case01 - INFO - 返回结果为:{"code": "401", "data": "", "msg": "Your account has expired."}
2022-02-16 09:59:04,191 - test_case01.py[line:21] - test_case01 - INFO - 用例序号:testcase_04
2022-02-16 09:59:04,192 - test_case01.py[line:22] - test_case01 - INFO - 用例名称:make_order
2022-02-16 09:59:04,192 - test_case01.py[line:23] - test_case01 - INFO - 请求url:http://192.168.20.167:9876/usosj_test/order/dealOrders?platform=amazon&storeId=153&orderAmount=1&isImport=no
2022-02-16 09:59:04,192 - test_case01.py[line:24] - test_case01 - INFO - 请求数据:{"platform":"amazon", "storeId":"153", "orderAmount":"1", "isImport":"no"}
2022-02-16 09:59:04,192 - test_case01.py[line:25] - test_case01 - INFO - 请求方式:GET
2022-02-16 09:59:04,192 - test_case01.py[line:26] - test_case01 - INFO - 请求头:yes
2022-02-16 09:59:04,192 - test_case01.py[line:27] - test_case01 - INFO - 依赖:None
2022-02-16 09:59:04,192 - test_case01.py[line:28] - test_case01 - INFO - 依赖的返回数据:None
2022-02-16 09:59:04,192 - test_case01.py[line:29] - test_case01 - INFO - 数据依赖字段:None
2022-02-16 09:59:04,192 - test_case01.py[line:30] - test_case01 - INFO - 预期结果:code
2022-02-16 09:59:04,299 - test_case01.py[line:33] - test_case01 - INFO - 返回结果为:{"code": "200", "filePath": "/wosSysFile/testOrderExcel/amazon-20220215175904.xlsx", "orderList": [{"orderId": "114-8593415-4002672", "ordersFrom": "", "storeName": "Buymax", "orderDate": "2021-08-02 09:31", "shipName": "DeAundrea Hackett", "shipCompany": null, "shipAddress1": "3773 Soapstone Road", "shipAddress2": "", "shipCity": "Decatur", "shipState": "GA", "shipZipCode": "30034", "shipCountryCode": "US", "shipPhone": "+1 210-728-4548 ext. 42996", "shipMethod": "Std US D2D Dom", "discountAmount": 0.0, "taxAmount": 0.0, "shipAmount": 0.0, "orderTotal": 161.99, "customerComments": null, "lineItemNumber": 1, "sellerSku": "B00XP8J8J8", "itemCode": "PP187973IAA814", "altItemId": "17190443880106", "description": "Merax Travelhouse Luggage 3 Piece Expandable Spinner Set Purple", "qty": 1, "itemUnitPrice": 149.99, "itemUnitDiscount": 0.0, "itemUnitWeight": null, "storeId": 153, "orderNumber": null, "isExported": null, "sku": "PP191030AAI-001", "itemShipAmount": null, "itemTax": 12.0, "billEmail": "2shr6v7bmglbgd3@marketplace.amazon.com", "stockOut": null, "addressType": "Residential", "creationDate": "2022-02-15 17:59:04.257", "shippingTax": null, "scheduledDeliveryStartDate": "", "scheduledDeliveryEndDate": "", "promiseResponseDueDate": "", "earliestShipDate": "2021-08-12 12:00", "latestShipDate": "2021-09-07 23:59", "earliestDeliveryDate": "2021-08-29 12:00", "latestDeliveryDate": "2021-10-09 23:59", "billName": "DeAundrea", "billCompany": null, "billAddress1": null, "billAddress2": null, "billCity": null, "billState": null, "billZipCode": null, "billCountryCode": null, "billPhone": null}], "operationResult": "\u63d2\u5165\u8bb0\u5f55\u6761\u6570 = 1, \u8c03\u6574\u5e93\u5b58\u7ed3\u679c = success"}
2022-02-16 09:59:04,300 - test_case01.py[line:21] - test_case01 - INFO - 用例序号:testcase_05
2022-02-16 09:59:04,300 - test_case01.py[line:22] - test_case01 - INFO - 用例名称:edit_order
2022-02-16 09:59:04,300 - test_case01.py[line:23] - test_case01 - INFO - 请求url:http://uat.drp.orsd.tech/drpapi/monitor/job/edit
2022-02-16 09:59:04,300 - test_case01.py[line:24] - test_case01 - INFO - 请求数据:{"id":60,"jobName":"callStoreProcOrderImportPickUpTask","jobGroup":"OrderImport","methodName":"runParams","methodParams":"[153]","cronExpression":"0 20/45 * ? * *","misfirePolicy":3,"status":2,"duringRunPolicy":2,"remark":"上门取货平台订单导入","deleteIdList":null}
2022-02-16 09:59:04,300 - test_case01.py[line:25] - test_case01 - INFO - 请求方式:POST
2022-02-16 09:59:04,300 - test_case01.py[line:26] - test_case01 - INFO - 请求头:yes
2022-02-16 09:59:04,300 - test_case01.py[line:27] - test_case01 - INFO - 依赖:None
2022-02-16 09:59:04,300 - test_case01.py[line:28] - test_case01 - INFO - 依赖的返回数据:None
2022-02-16 09:59:04,300 - test_case01.py[line:29] - test_case01 - INFO - 数据依赖字段:None
2022-02-16 09:59:04,300 - test_case01.py[line:30] - test_case01 - INFO - 预期结果:code
2022-02-16 09:59:04,304 - test_case01.py[line:21] - test_case01 - INFO - 用例序号:testcase_06
2022-02-16 09:59:04,304 - test_case01.py[line:22] - test_case01 - INFO - 用例名称:job_run
2022-02-16 09:59:04,304 - test_case01.py[line:23] - test_case01 - INFO - 请求url:http://uat.drp.orsd.tech/drpapi/monitor/job/run
2022-02-16 09:59:04,305 - test_case01.py[line:24] - test_case01 - INFO - 请求数据:{"id":60}
2022-02-16 09:59:04,305 - test_case01.py[line:25] - test_case01 - INFO - 请求方式:POST
2022-02-16 09:59:04,305 - test_case01.py[line:26] - test_case01 - INFO - 请求头:yes
2022-02-16 09:59:04,305 - test_case01.py[line:27] - test_case01 - INFO - 依赖:None
2022-02-16 09:59:04,305 - test_case01.py[line:28] - test_case01 - INFO - 依赖的返回数据:None
2022-02-16 09:59:04,305 - test_case01.py[line:29] - test_case01 - INFO - 数据依赖字段:None
2022-02-16 09:59:04,305 - test_case01.py[line:30] - test_case01 - INFO - 预期结果:code
2022-02-16 09:59:04,314 - test_case01.py[line:33] - test_case01 - INFO - 返回结果为:{"code": "401", "data": "", "msg": "Your account has expired."}
