2022-02-21 13:12:13,116 - test_case01.py[line:21] - test_case01 - INFO - 用例序号:testcase_01
2022-02-21 13:12:13,116 - test_case01.py[line:22] - test_case01 - INFO - 用例名称:loginOauth
2022-02-21 13:12:13,116 - test_case01.py[line:23] - test_case01 - INFO - 请求url:http://uat.drp.orsd.tech/drpapi/oauth/loginOauth
2022-02-21 13:12:13,116 - test_case01.py[line:24] - test_case01 - INFO - 请求数据:{"username":"wuhaiyan", "password":"49ca2906599a55321586de19c9c835e1"}
2022-02-21 13:12:13,116 - test_case01.py[line:25] - test_case01 - INFO - 请求方式:POST
2022-02-21 13:12:13,116 - test_case01.py[line:26] - test_case01 - INFO - 请求头:header
2022-02-21 13:12:13,118 - test_case01.py[line:27] - test_case01 - INFO - 依赖:None
2022-02-21 13:12:13,118 - test_case01.py[line:28] - test_case01 - INFO - 依赖的返回数据:refreshToken
2022-02-21 13:12:13,118 - test_case01.py[line:29] - test_case01 - INFO - 数据依赖字段:None
2022-02-21 13:12:13,118 - test_case01.py[line:30] - test_case01 - INFO - 预期结果:code
2022-02-21 13:12:13,309 - test_case01.py[line:33] - test_case01 - INFO - 返回结果为:{"code": "0000", "msg": "Login was successful.", "data": {"subject": "wuhaiyan", "accessToken": "eyJhbGciOiJIUzUxMiJ9.eyJhdWQiOiIxIiwic3ViIjoid3VoYWl5YW4iLCJleHAiOjE2NDU0NDkxMzMsImlhdCI6MTY0NTQyMDMzM30.6ASYL5tnJ_JqWFs8MhLDQz_4GEue0Nxy5kXo2fi2xiHoNw8LUyoMrxk4OOhjTcyqXiSIffviSalE72iuFJ4fqg", "refreshToken": "eyJhbGciOiJIUzUxMiJ9.eyJhdWQiOiIyIiwic3ViIjoid3VoYWl5YW4iLCJleHAiOjE2NDYwMjUxMzMsImlhdCI6MTY0NTQyMDMzM30.uFSTIfnM1zhxRIUssU23rNn0B4KG5vXX2joO6mZjC2tWckzO9ljfgOgsZBhEHzlouJRChILUbs-QbvG8uCEBFg", "tokenType": "jwt", "expiresIn": 28800000, "scope": "all", "refreshTime": 7100000}}
2022-02-21 13:12:13,309 - test_case01.py[line:21] - test_case01 - INFO - 用例序号:testcase_02
2022-02-21 13:12:13,310 - test_case01.py[line:22] - test_case01 - INFO - 用例名称:refreshOauthToken
2022-02-21 13:12:13,310 - test_case01.py[line:23] - test_case01 - INFO - 请求url:http://uat.drp.orsd.tech/drpapi/oauth/refreshOauthToken
2022-02-21 13:12:13,310 - test_case01.py[line:24] - test_case01 - INFO - 请求数据:None
2022-02-21 13:12:13,310 - test_case01.py[line:25] - test_case01 - INFO - 请求方式:POST
2022-02-21 13:12:13,310 - test_case01.py[line:26] - test_case01 - INFO - 请求头:yes
2022-02-21 13:12:13,310 - test_case01.py[line:27] - test_case01 - INFO - 依赖:case1
2022-02-21 13:12:13,310 - test_case01.py[line:28] - test_case01 - INFO - 依赖的返回数据:refreshToken
2022-02-21 13:12:13,311 - test_case01.py[line:29] - test_case01 - INFO - 数据依赖字段:refreshToken
2022-02-21 13:12:13,311 - test_case01.py[line:30] - test_case01 - INFO - 预期结果:code
2022-02-21 13:12:13,424 - test_case01.py[line:33] - test_case01 - INFO - 返回结果为:{"code": "0000", "msg": "success", "data": {"subject": "wuhaiyan", "accessToken": "eyJhbGciOiJIUzUxMiJ9.eyJhdWQiOiIxIiwic3ViIjoid3VoYWl5YW4iLCJleHAiOjE2NDU0NDkxMzMsImlhdCI6MTY0NTQyMDMzM30.6ASYL5tnJ_JqWFs8MhLDQz_4GEue0Nxy5kXo2fi2xiHoNw8LUyoMrxk4OOhjTcyqXiSIffviSalE72iuFJ4fqg", "refreshToken": null, "tokenType": "jwt", "expiresIn": 0, "scope": "all", "refreshTime": 30000}}
2022-02-21 13:12:13,425 - test_case01.py[line:21] - test_case01 - INFO - 用例序号:testcase_03
2022-02-21 13:12:13,425 - test_case01.py[line:22] - test_case01 - INFO - 用例名称:listWarehouse
2022-02-21 13:12:13,425 - test_case01.py[line:23] - test_case01 - INFO - 请求url:http://uat.drp.orsd.tech/drpapi/warehouse/truck/listWarehouse
2022-02-21 13:12:13,425 - test_case01.py[line:24] - test_case01 - INFO - 请求数据:None
2022-02-21 13:12:13,425 - test_case01.py[line:25] - test_case01 - INFO - 请求方式:POST
2022-02-21 13:12:13,425 - test_case01.py[line:26] - test_case01 - INFO - 请求头:yes
2022-02-21 13:12:13,425 - test_case01.py[line:27] - test_case01 - INFO - 依赖:None
2022-02-21 13:12:13,425 - test_case01.py[line:28] - test_case01 - INFO - 依赖的返回数据:None
2022-02-21 13:12:13,425 - test_case01.py[line:29] - test_case01 - INFO - 数据依赖字段:None
2022-02-21 13:12:13,425 - test_case01.py[line:30] - test_case01 - INFO - 预期结果:code
2022-02-21 13:12:13,720 - test_case01.py[line:33] - test_case01 - INFO - 返回结果为:{"code": "0000", "msg": "success", "data": [{"code": 1, "description": "CA1", "qty": null, "url": null}, {"code": 18, "description": "NJ1", "qty": null, "url": null}, {"code": 50, "description": "NJ2", "qty": null, "url": null}, {"code": 52, "description": "CA2", "qty": null, "url": null}, {"code": 58, "description": "AT1", "qty": null, "url": null}, {"code": 62, "description": "CA3", "qty": null, "url": null}, {"code": 64, "description": "NJ3", "qty": null, "url": null}, {"code": 66, "description": "CAL1", "qty": null, "url": null}, {"code": 68, "description": "AT2", "qty": null, "url": null}, {"code": 72, "description": "CA4", "qty": null, "url": null}, {"code": 76, "description": "NJ4", "qty": null, "url": null}, {"code": 80, "description": "ATX4", "qty": null, "url": null}]}
2022-02-21 13:12:13,721 - test_case01.py[line:21] - test_case01 - INFO - 用例序号:testcase_04
2022-02-21 13:12:13,721 - test_case01.py[line:22] - test_case01 - INFO - 用例名称:make_order
2022-02-21 13:12:13,721 - test_case01.py[line:23] - test_case01 - INFO - 请求url:http://192.168.20.167:9876/usosj_test/order/dealOrders?platform=amazon&storeId=153&orderAmount=1&isImport=no
2022-02-21 13:12:13,721 - test_case01.py[line:24] - test_case01 - INFO - 请求数据:{"platform":"amazon", "storeId":"153", "orderAmount":"1", "isImport":"no"}
2022-02-21 13:12:13,721 - test_case01.py[line:25] - test_case01 - INFO - 请求方式:GET
2022-02-21 13:12:13,721 - test_case01.py[line:26] - test_case01 - INFO - 请求头:yes
2022-02-21 13:12:13,721 - test_case01.py[line:27] - test_case01 - INFO - 依赖:None
2022-02-21 13:12:13,721 - test_case01.py[line:28] - test_case01 - INFO - 依赖的返回数据:None
2022-02-21 13:12:13,721 - test_case01.py[line:29] - test_case01 - INFO - 数据依赖字段:None
2022-02-21 13:12:13,721 - test_case01.py[line:30] - test_case01 - INFO - 预期结果:code
2022-02-21 13:12:13,811 - test_case01.py[line:33] - test_case01 - INFO - 返回结果为:{"code": "200", "filePath": "/wosSysFile/testOrderExcel/amazon-20220220211212.xlsx", "orderList": [{"orderId": "112-4532869-8155064", "ordersFrom": "", "storeName": "Buymax", "orderDate": "2021-07-22 08:22", "shipName": "Stephanie M Plunkett", "shipCompany": null, "shipAddress1": "1100 E BAYOU PKWY", "shipAddress2": "", "shipCity": "LAFAYETTE", "shipState": "LA", "shipZipCode": "70508-5502", "shipCountryCode": "US", "shipPhone": "+1 210-728-4548 ext. 01860", "shipMethod": "Std US D2D Dom", "discountAmount": 0.0, "taxAmount": 0.0, "shipAmount": 0.0, "orderTotal": 162.66, "customerComments": null, "lineItemNumber": 1, "sellerSku": "B07RTVZL94", "itemCode": "ES186816NAA0313", "altItemId": "60656477317410", "description": "Sentern Portable Countertop Clear Ice Maker Stainless Steel Ice Making Machine", "qty": 1, "itemUnitPrice": 149.99, "itemUnitDiscount": 0.0, "itemUnitWeight": null, "storeId": 153, "orderNumber": null, "isExported": null, "sku": "ES186816NAA-001", "itemShipAmount": null, "itemTax": 12.67, "billEmail": "bmgls9plhv54qg6@marketplace.amazon.com", "stockOut": null, "addressType": "Residential", "creationDate": "2022-02-20 21:12:12.379", "shippingTax": null, "scheduledDeliveryStartDate": "", "scheduledDeliveryEndDate": "", "promiseResponseDueDate": "", "earliestShipDate": "2021-09-13 12:00", "latestShipDate": "2021-08-13 23:59", "earliestDeliveryDate": "2021-10-16 12:00", "latestDeliveryDate": "2021-08-21 23:59", "billName": "Stephanie Plunkett", "billCompany": null, "billAddress1": null, "billAddress2": null, "billCity": null, "billState": null, "billZipCode": null, "billCountryCode": null, "billPhone": null}], "operationResult": "\u63d2\u5165\u8bb0\u5f55\u6761\u6570 = 1, \u8c03\u6574\u5e93\u5b58\u7ed3\u679c = success"}
2022-02-21 13:12:13,813 - test_case01.py[line:21] - test_case01 - INFO - 用例序号:testcase_05
2022-02-21 13:12:13,814 - test_case01.py[line:22] - test_case01 - INFO - 用例名称:edit_order
2022-02-21 13:12:13,814 - test_case01.py[line:23] - test_case01 - INFO - 请求url:http://uat.drp.orsd.tech/drpapi/monitor/job/edit
2022-02-21 13:12:13,814 - test_case01.py[line:24] - test_case01 - INFO - 请求数据:{"id":60,"jobName":"callStoreProcOrderImportPickUpTask","jobGroup":"OrderImport","methodName":"runParams","methodParams":"[153]","cronExpression":"0 20/45 * ? * *","misfirePolicy":3,"status":2,"duringRunPolicy":2,"deleteIdList":null}
2022-02-21 13:12:13,814 - test_case01.py[line:25] - test_case01 - INFO - 请求方式:POST
2022-02-21 13:12:13,815 - test_case01.py[line:26] - test_case01 - INFO - 请求头:yes
2022-02-21 13:12:13,815 - test_case01.py[line:27] - test_case01 - INFO - 依赖:None
2022-02-21 13:12:13,815 - test_case01.py[line:28] - test_case01 - INFO - 依赖的返回数据:None
2022-02-21 13:12:13,815 - test_case01.py[line:29] - test_case01 - INFO - 数据依赖字段:None
2022-02-21 13:12:13,815 - test_case01.py[line:30] - test_case01 - INFO - 预期结果:code
2022-02-21 13:12:14,198 - test_case01.py[line:33] - test_case01 - INFO - 返回结果为:{"code": "0000", "msg": "success", "data": true}
2022-02-21 13:12:14,198 - test_case01.py[line:21] - test_case01 - INFO - 用例序号:testcase_06
2022-02-21 13:12:14,199 - test_case01.py[line:22] - test_case01 - INFO - 用例名称:job_run
2022-02-21 13:12:14,199 - test_case01.py[line:23] - test_case01 - INFO - 请求url:http://uat.drp.orsd.tech/drpapi/monitor/job/run
2022-02-21 13:12:14,199 - test_case01.py[line:24] - test_case01 - INFO - 请求数据:{"id":60}
2022-02-21 13:12:14,199 - test_case01.py[line:25] - test_case01 - INFO - 请求方式:POST
2022-02-21 13:12:14,199 - test_case01.py[line:26] - test_case01 - INFO - 请求头:yes
2022-02-21 13:12:14,199 - test_case01.py[line:27] - test_case01 - INFO - 依赖:None
2022-02-21 13:12:14,199 - test_case01.py[line:28] - test_case01 - INFO - 依赖的返回数据:None
2022-02-21 13:12:14,199 - test_case01.py[line:29] - test_case01 - INFO - 数据依赖字段:None
2022-02-21 13:12:14,199 - test_case01.py[line:30] - test_case01 - INFO - 预期结果:code
2022-02-21 13:12:14,474 - test_case01.py[line:33] - test_case01 - INFO - 返回结果为:{"code": "0000", "msg": "success", "data": true}
