2022-02-21 13:39:01,396 - test_case01.py[line:21] - test_case01 - INFO - 用例序号:testcase_01
2022-02-21 13:39:01,396 - test_case01.py[line:22] - test_case01 - INFO - 用例名称:loginOauth
2022-02-21 13:39:01,396 - test_case01.py[line:23] - test_case01 - INFO - 请求url:http://uat.drp.orsd.tech/drpapi/oauth/loginOauth
2022-02-21 13:39:01,397 - test_case01.py[line:24] - test_case01 - INFO - 请求数据:{"username":"wuhaiyan", "password":"49ca2906599a55321586de19c9c835e1"}
2022-02-21 13:39:01,397 - test_case01.py[line:25] - test_case01 - INFO - 请求方式:POST
2022-02-21 13:39:01,397 - test_case01.py[line:26] - test_case01 - INFO - 请求头:header
2022-02-21 13:39:01,399 - test_case01.py[line:27] - test_case01 - INFO - 依赖:None
2022-02-21 13:39:01,399 - test_case01.py[line:28] - test_case01 - INFO - 依赖的返回数据:refreshToken
2022-02-21 13:39:01,399 - test_case01.py[line:29] - test_case01 - INFO - 数据依赖字段:None
2022-02-21 13:39:01,399 - test_case01.py[line:30] - test_case01 - INFO - 预期结果:code
2022-02-21 13:39:01,661 - test_case01.py[line:33] - test_case01 - INFO - 返回结果为:{"code": "0000", "msg": "Login was successful.", "data": {"subject": "wuhaiyan", "accessToken": "eyJhbGciOiJIUzUxMiJ9.eyJhdWQiOiIxIiwic3ViIjoid3VoYWl5YW4iLCJleHAiOjE2NDU0NTA3NDEsImlhdCI6MTY0NTQyMTk0MX0.uYyz2nyLa_8sNyAPHMtxQhRgscnWmP8zammPIh0U636pBEFP-4qoprZuDmdIyxyxbChlCYDcTAZ3PuSXHGXHjA", "refreshToken": "eyJhbGciOiJIUzUxMiJ9.eyJhdWQiOiIyIiwic3ViIjoid3VoYWl5YW4iLCJleHAiOjE2NDYwMjY3NDEsImlhdCI6MTY0NTQyMTk0MX0.whMY2tlfw7iRAgRJpzuVmjq0RwuWDEB4eO_uMRKGOCRGY8Ma-5NO8d0RpaXp3bckhLiL7vV6rE1_3XuJPc2GAA", "tokenType": "jwt", "expiresIn": 28800000, "scope": "all", "refreshTime": 7100000}}
2022-02-21 13:39:01,662 - test_case01.py[line:21] - test_case01 - INFO - 用例序号:testcase_02
2022-02-21 13:39:01,662 - test_case01.py[line:22] - test_case01 - INFO - 用例名称:refreshOauthToken
2022-02-21 13:39:01,662 - test_case01.py[line:23] - test_case01 - INFO - 请求url:http://uat.drp.orsd.tech/drpapi/oauth/refreshOauthToken
2022-02-21 13:39:01,663 - test_case01.py[line:24] - test_case01 - INFO - 请求数据:None
2022-02-21 13:39:01,663 - test_case01.py[line:25] - test_case01 - INFO - 请求方式:POST
2022-02-21 13:39:01,663 - test_case01.py[line:26] - test_case01 - INFO - 请求头:yes
2022-02-21 13:39:01,663 - test_case01.py[line:27] - test_case01 - INFO - 依赖:case1
2022-02-21 13:39:01,663 - test_case01.py[line:28] - test_case01 - INFO - 依赖的返回数据:refreshToken
2022-02-21 13:39:01,663 - test_case01.py[line:29] - test_case01 - INFO - 数据依赖字段:refreshToken
2022-02-21 13:39:01,664 - test_case01.py[line:30] - test_case01 - INFO - 预期结果:code
2022-02-21 13:39:01,764 - test_case01.py[line:33] - test_case01 - INFO - 返回结果为:{"code": "0000", "msg": "success", "data": {"subject": "wuhaiyan", "accessToken": "eyJhbGciOiJIUzUxMiJ9.eyJhdWQiOiIxIiwic3ViIjoid3VoYWl5YW4iLCJleHAiOjE2NDU0NTA3NDEsImlhdCI6MTY0NTQyMTk0MX0.uYyz2nyLa_8sNyAPHMtxQhRgscnWmP8zammPIh0U636pBEFP-4qoprZuDmdIyxyxbChlCYDcTAZ3PuSXHGXHjA", "refreshToken": null, "tokenType": "jwt", "expiresIn": 0, "scope": "all", "refreshTime": 30000}}
2022-02-21 13:39:01,765 - test_case01.py[line:21] - test_case01 - INFO - 用例序号:testcase_03
2022-02-21 13:39:01,765 - test_case01.py[line:22] - test_case01 - INFO - 用例名称:listWarehouse
2022-02-21 13:39:01,765 - test_case01.py[line:23] - test_case01 - INFO - 请求url:http://uat.drp.orsd.tech/drpapi/warehouse/truck/listWarehouse
2022-02-21 13:39:01,765 - test_case01.py[line:24] - test_case01 - INFO - 请求数据:None
2022-02-21 13:39:01,765 - test_case01.py[line:25] - test_case01 - INFO - 请求方式:POST
2022-02-21 13:39:01,765 - test_case01.py[line:26] - test_case01 - INFO - 请求头:yes
2022-02-21 13:39:01,765 - test_case01.py[line:27] - test_case01 - INFO - 依赖:None
2022-02-21 13:39:01,765 - test_case01.py[line:28] - test_case01 - INFO - 依赖的返回数据:None
2022-02-21 13:39:01,765 - test_case01.py[line:29] - test_case01 - INFO - 数据依赖字段:None
2022-02-21 13:39:01,765 - test_case01.py[line:30] - test_case01 - INFO - 预期结果:code
2022-02-21 13:39:02,182 - test_case01.py[line:33] - test_case01 - INFO - 返回结果为:{"code": "0000", "msg": "success", "data": [{"code": 1, "description": "CA1", "qty": null, "url": null}, {"code": 18, "description": "NJ1", "qty": null, "url": null}, {"code": 50, "description": "NJ2", "qty": null, "url": null}, {"code": 52, "description": "CA2", "qty": null, "url": null}, {"code": 58, "description": "AT1", "qty": null, "url": null}, {"code": 62, "description": "CA3", "qty": null, "url": null}, {"code": 64, "description": "NJ3", "qty": null, "url": null}, {"code": 66, "description": "CAL1", "qty": null, "url": null}, {"code": 68, "description": "AT2", "qty": null, "url": null}, {"code": 72, "description": "CA4", "qty": null, "url": null}, {"code": 76, "description": "NJ4", "qty": null, "url": null}, {"code": 80, "description": "ATX4", "qty": null, "url": null}]}
2022-02-21 13:39:02,182 - test_case01.py[line:21] - test_case01 - INFO - 用例序号:testcase_04
2022-02-21 13:39:02,183 - test_case01.py[line:22] - test_case01 - INFO - 用例名称:make_order
2022-02-21 13:39:02,183 - test_case01.py[line:23] - test_case01 - INFO - 请求url:http://192.168.20.167:9876/usosj_test/order/dealOrders?platform=amazon&storeId=153&orderAmount=1&isImport=no
2022-02-21 13:39:02,183 - test_case01.py[line:24] - test_case01 - INFO - 请求数据:{"platform":"amazon", "storeId":"153", "orderAmount":"1", "isImport":"no"}
2022-02-21 13:39:02,183 - test_case01.py[line:25] - test_case01 - INFO - 请求方式:GET
2022-02-21 13:39:02,183 - test_case01.py[line:26] - test_case01 - INFO - 请求头:yes
2022-02-21 13:39:02,183 - test_case01.py[line:27] - test_case01 - INFO - 依赖:None
2022-02-21 13:39:02,183 - test_case01.py[line:28] - test_case01 - INFO - 依赖的返回数据:None
2022-02-21 13:39:02,183 - test_case01.py[line:29] - test_case01 - INFO - 数据依赖字段:None
2022-02-21 13:39:02,183 - test_case01.py[line:30] - test_case01 - INFO - 预期结果:code
2022-02-21 13:39:02,256 - test_case01.py[line:33] - test_case01 - INFO - 返回结果为:{"code": "200", "filePath": "/wosSysFile/testOrderExcel/amazon-20220220213900.xlsx", "orderList": [{"orderId": "113-1559461-8280015", "ordersFrom": "", "storeName": "Buymax", "orderDate": "2021-07-25 10:03", "shipName": "Roman Khorosh", "shipCompany": null, "shipAddress1": "345 KNOLL RIDGE CT", "shipAddress2": "", "shipCity": "ALPHARETTA", "shipState": "GA", "shipZipCode": "30022-5039", "shipCountryCode": "US", "shipPhone": "+1 210-728-4548 ext. 81062", "shipMethod": "Exp US D2D Dom", "discountAmount": 0.0, "taxAmount": 0.0, "shipAmount": 49.99, "orderTotal": 332.92, "customerComments": null, "lineItemNumber": 1, "sellerSku": "B07QDX6G7H", "itemCode": "MS190423AAB1031", "altItemId": "07873041685322", "description": "Merax Electric Folding Treadmill - Easy Assembly Fitness Motorized Running Jogging Machine with Speakers for Home Use, 12 Preset Programs (Black)", "qty": 1, "itemUnitPrice": 258.99, "itemUnitDiscount": 0.0, "itemUnitWeight": null, "storeId": 153, "orderNumber": null, "isExported": null, "sku": "MS192229AAE-001", "itemShipAmount": 49.99, "itemTax": 20.07, "billEmail": "gb3hkfbb683gpv9@marketplace.amazon.com", "stockOut": null, "addressType": "Residential", "creationDate": "2022-02-20 21:39:00.838", "shippingTax": 3.87, "scheduledDeliveryStartDate": "", "scheduledDeliveryEndDate": "", "promiseResponseDueDate": "", "earliestShipDate": "2021-10-08 12:00", "latestShipDate": "2021-08-14 23:59", "earliestDeliveryDate": "2021-10-21 12:00", "latestDeliveryDate": "2021-10-23 23:59", "billName": "Roman Khorosh", "billCompany": null, "billAddress1": null, "billAddress2": null, "billCity": null, "billState": null, "billZipCode": null, "billCountryCode": null, "billPhone": null}], "operationResult": "\u63d2\u5165\u8bb0\u5f55\u6761\u6570 = 1, \u8c03\u6574\u5e93\u5b58\u7ed3\u679c = success"}
2022-02-21 13:39:02,258 - test_case01.py[line:21] - test_case01 - INFO - 用例序号:testcase_05
2022-02-21 13:39:02,259 - test_case01.py[line:22] - test_case01 - INFO - 用例名称:edit_order
2022-02-21 13:39:02,259 - test_case01.py[line:23] - test_case01 - INFO - 请求url:http://uat.drp.orsd.tech/drpapi/monitor/job/edit
2022-02-21 13:39:02,259 - test_case01.py[line:24] - test_case01 - INFO - 请求数据:{"id":60,"jobName":"callStoreProcOrderImportPickUpTask","jobGroup":"OrderImport","methodName":"runParams","methodParams":"[153]","cronExpression":"0 20/45 * ? * *","misfirePolicy":3,"status":2,"duringRunPolicy":2,"deleteIdList":null}
2022-02-21 13:39:02,259 - test_case01.py[line:25] - test_case01 - INFO - 请求方式:POST
2022-02-21 13:39:02,260 - test_case01.py[line:26] - test_case01 - INFO - 请求头:yes
2022-02-21 13:39:02,260 - test_case01.py[line:27] - test_case01 - INFO - 依赖:None
2022-02-21 13:39:02,260 - test_case01.py[line:28] - test_case01 - INFO - 依赖的返回数据:None
2022-02-21 13:39:02,260 - test_case01.py[line:29] - test_case01 - INFO - 数据依赖字段:None
2022-02-21 13:39:02,260 - test_case01.py[line:30] - test_case01 - INFO - 预期结果:code
2022-02-21 13:39:02,719 - test_case01.py[line:33] - test_case01 - INFO - 返回结果为:{"code": "0000", "msg": "success", "data": true}
2022-02-21 13:39:02,719 - test_case01.py[line:21] - test_case01 - INFO - 用例序号:testcase_06
2022-02-21 13:39:02,719 - test_case01.py[line:22] - test_case01 - INFO - 用例名称:job_run
2022-02-21 13:39:02,719 - test_case01.py[line:23] - test_case01 - INFO - 请求url:http://uat.drp.orsd.tech/drpapi/monitor/job/run
2022-02-21 13:39:02,719 - test_case01.py[line:24] - test_case01 - INFO - 请求数据:{"id":60}
2022-02-21 13:39:02,719 - test_case01.py[line:25] - test_case01 - INFO - 请求方式:POST
2022-02-21 13:39:02,719 - test_case01.py[line:26] - test_case01 - INFO - 请求头:yes
2022-02-21 13:39:02,719 - test_case01.py[line:27] - test_case01 - INFO - 依赖:None
2022-02-21 13:39:02,719 - test_case01.py[line:28] - test_case01 - INFO - 依赖的返回数据:None
2022-02-21 13:39:02,719 - test_case01.py[line:29] - test_case01 - INFO - 数据依赖字段:None
2022-02-21 13:39:02,719 - test_case01.py[line:30] - test_case01 - INFO - 预期结果:code
2022-02-21 13:39:02,970 - test_case01.py[line:33] - test_case01 - INFO - 返回结果为:{"code": "0000", "msg": "success", "data": true}
