2022-03-24 19:40:36,271 - test_case01.py[line:23] - test_case01 - INFO - 
                         _    _         _      _____         _
          __ _ _ __ (_)  / \  _   _| |_ __|_   _|__  ___| |_
         / _` | '_ \| | / _ \| | | | __/ _ \| |/ _ \/ __| __|
        | (_| | |_) | |/ ___ \ |_| | || (_) | |  __/\__ \ |_
         \__,_| .__/|_/_/   \_\__,_|\__\___/|_|\___||___/\__|
              |_|
              Starting      ...     ...     ...
            
2022-03-24 19:40:36,271 - test_case01.py[line:32] - test_case01 - INFO - 用例序号:testcase_01
2022-03-24 19:40:36,271 - test_case01.py[line:33] - test_case01 - INFO - 用例名称:loginOauth
2022-03-24 19:40:36,272 - test_case01.py[line:34] - test_case01 - INFO - 请求url:http://uat.drp.orsd.tech/drpapi/oauth/loginOauth
2022-03-24 19:40:36,272 - test_case01.py[line:35] - test_case01 - INFO - 请求数据:{"username":"wuhaiyan", "password":"49ca2906599a55321586de19c9c835e1"}
2022-03-24 19:40:36,272 - test_case01.py[line:36] - test_case01 - INFO - 请求方式:POST
2022-03-24 19:40:36,272 - test_case01.py[line:37] - test_case01 - INFO - 请求头:header
2022-03-24 19:40:36,272 - test_case01.py[line:38] - test_case01 - INFO - 依赖:None
2022-03-24 19:40:36,272 - test_case01.py[line:39] - test_case01 - INFO - 依赖的返回数据:refreshToken
2022-03-24 19:40:36,272 - test_case01.py[line:40] - test_case01 - INFO - 数据依赖字段:None
2022-03-24 19:40:36,272 - test_case01.py[line:41] - test_case01 - INFO - 预期结果:code
2022-03-24 19:40:39,671 - test_case01.py[line:81] - test_case01 - INFO - 返回结果为:{
  "code": "0000",
  "data": {
    "accessToken": "eyJhbGciOiJIUzUxMiJ9.eyJhdWQiOiIxIiwic3ViIjoid3VoYWl5YW4iLCJleHAiOjE2NDgxNTA4MzksImlhdCI6MTY0ODEyMjAzOX0.C4j03P3SuHzPTVSohbqi6OA9ZgkEbi5Sx_dhWaXDX6H99ZNvK3y4L0KMP-vCdh1hMHubNDiYKYjca46ErFgsOA",
    "expiresIn": 28800000,
    "refreshTime": 7100000,
    "refreshToken": "eyJhbGciOiJIUzUxMiJ9.eyJhdWQiOiIyIiwic3ViIjoid3VoYWl5YW4iLCJleHAiOjE2NDg3MjY4MzksImlhdCI6MTY0ODEyMjAzOX0.nVOQ7iAM6aBKgtPwtjbzjfGj5Exu6I0ujZExKqCrPOMb_sFmnpvzmDqxrbl9ZOUdLSOiC70oHWIxuKqI9Rtxpw",
    "scope": "all",
    "subject": "wuhaiyan",
    "tokenType": "jwt"
  },
  "msg": "Login was successful."
}
2022-03-24 19:40:39,672 - test_case01.py[line:23] - test_case01 - INFO - 
                         _    _         _      _____         _
          __ _ _ __ (_)  / \  _   _| |_ __|_   _|__  ___| |_
         / _` | '_ \| | / _ \| | | | __/ _ \| |/ _ \/ __| __|
        | (_| | |_) | |/ ___ \ |_| | || (_) | |  __/\__ \ |_
         \__,_| .__/|_/_/   \_\__,_|\__\___/|_|\___||___/\__|
              |_|
              Starting      ...     ...     ...
            
2022-03-24 19:40:39,672 - test_case01.py[line:32] - test_case01 - INFO - 用例序号:testcase_02
2022-03-24 19:40:39,672 - test_case01.py[line:33] - test_case01 - INFO - 用例名称:refreshOauthToken
2022-03-24 19:40:39,672 - test_case01.py[line:34] - test_case01 - INFO - 请求url:http://uat.drp.orsd.tech/drpapi/oauth/refreshOauthToken
2022-03-24 19:40:39,672 - test_case01.py[line:35] - test_case01 - INFO - 请求数据:None
2022-03-24 19:40:39,672 - test_case01.py[line:36] - test_case01 - INFO - 请求方式:POST
2022-03-24 19:40:39,672 - test_case01.py[line:37] - test_case01 - INFO - 请求头:yes
2022-03-24 19:40:39,672 - test_case01.py[line:38] - test_case01 - INFO - 依赖:case1
2022-03-24 19:40:39,672 - test_case01.py[line:39] - test_case01 - INFO - 依赖的返回数据:refreshToken
2022-03-24 19:40:39,672 - test_case01.py[line:40] - test_case01 - INFO - 数据依赖字段:refreshToken
2022-03-24 19:40:39,672 - test_case01.py[line:41] - test_case01 - INFO - 预期结果:code
2022-03-24 19:40:39,884 - test_case01.py[line:81] - test_case01 - INFO - 返回结果为:{
  "code": "0000",
  "data": {
    "accessToken": "eyJhbGciOiJIUzUxMiJ9.eyJhdWQiOiIxIiwic3ViIjoid3VoYWl5YW4iLCJleHAiOjE2NDgxNTA4NDAsImlhdCI6MTY0ODEyMjA0MH0.vCHXlFcqJJ4nLcZVjjaOOBKQe8Jl2-PjRRB6JLy2ucbyPmfhtNmWS3V9CPwhD5Pvu89MbtoDxx26d4sbw2r1vQ",
    "expiresIn": 0,
    "refreshTime": 30000,
    "refreshToken": null,
    "scope": "all",
    "subject": "wuhaiyan",
    "tokenType": "jwt"
  },
  "msg": "success"
}
2022-03-24 19:40:39,884 - test_case01.py[line:23] - test_case01 - INFO - 
                         _    _         _      _____         _
          __ _ _ __ (_)  / \  _   _| |_ __|_   _|__  ___| |_
         / _` | '_ \| | / _ \| | | | __/ _ \| |/ _ \/ __| __|
        | (_| | |_) | |/ ___ \ |_| | || (_) | |  __/\__ \ |_
         \__,_| .__/|_/_/   \_\__,_|\__\___/|_|\___||___/\__|
              |_|
              Starting      ...     ...     ...
            
2022-03-24 19:40:39,884 - test_case01.py[line:32] - test_case01 - INFO - 用例序号:testcase_03
2022-03-24 19:40:39,884 - test_case01.py[line:33] - test_case01 - INFO - 用例名称:listWarehouse
2022-03-24 19:40:39,884 - test_case01.py[line:34] - test_case01 - INFO - 请求url:http://uat.drp.orsd.tech/drpapi/warehouse/truck/listWarehouse
2022-03-24 19:40:39,885 - test_case01.py[line:35] - test_case01 - INFO - 请求数据:None
2022-03-24 19:40:39,885 - test_case01.py[line:36] - test_case01 - INFO - 请求方式:POST
2022-03-24 19:40:39,885 - test_case01.py[line:37] - test_case01 - INFO - 请求头:yes
2022-03-24 19:40:39,885 - test_case01.py[line:38] - test_case01 - INFO - 依赖:None
2022-03-24 19:40:39,885 - test_case01.py[line:39] - test_case01 - INFO - 依赖的返回数据:None
2022-03-24 19:40:39,885 - test_case01.py[line:40] - test_case01 - INFO - 数据依赖字段:None
2022-03-24 19:40:39,885 - test_case01.py[line:41] - test_case01 - INFO - 预期结果:code
2022-03-24 19:40:40,003 - test_case01.py[line:81] - test_case01 - INFO - 返回结果为:{
  "code": "401",
  "data": "",
  "msg": "Your account has been logged in elsewhere,please log in again."
}
2022-03-24 19:40:40,021 - test_case01.py[line:23] - test_case01 - INFO - 
                         _    _         _      _____         _
          __ _ _ __ (_)  / \  _   _| |_ __|_   _|__  ___| |_
         / _` | '_ \| | / _ \| | | | __/ _ \| |/ _ \/ __| __|
        | (_| | |_) | |/ ___ \ |_| | || (_) | |  __/\__ \ |_
         \__,_| .__/|_/_/   \_\__,_|\__\___/|_|\___||___/\__|
              |_|
              Starting      ...     ...     ...
            
2022-03-24 19:40:40,021 - test_case01.py[line:32] - test_case01 - INFO - 用例序号:testcase_04
2022-03-24 19:40:40,021 - test_case01.py[line:33] - test_case01 - INFO - 用例名称:make_order
2022-03-24 19:40:40,021 - test_case01.py[line:34] - test_case01 - INFO - 请求url:http://192.168.20.167:9876/usosj_test/order/dealOrders?platform=amazon&storeId=153&orderAmount=1&isImport=no
2022-03-24 19:40:40,021 - test_case01.py[line:35] - test_case01 - INFO - 请求数据:{"platform":"amazon", "storeId":"153", "orderAmount":"1", "isImport":"no"}
2022-03-24 19:40:40,021 - test_case01.py[line:36] - test_case01 - INFO - 请求方式:GET
2022-03-24 19:40:40,021 - test_case01.py[line:37] - test_case01 - INFO - 请求头:yes
2022-03-24 19:40:40,021 - test_case01.py[line:38] - test_case01 - INFO - 依赖:None
2022-03-24 19:40:40,021 - test_case01.py[line:39] - test_case01 - INFO - 依赖的返回数据:None
2022-03-24 19:40:40,021 - test_case01.py[line:40] - test_case01 - INFO - 数据依赖字段:None
2022-03-24 19:40:40,021 - test_case01.py[line:41] - test_case01 - INFO - 预期结果:code
2022-03-24 19:40:40,129 - test_case01.py[line:81] - test_case01 - INFO - 返回结果为:{
  "code": "200",
  "filePath": "/wosSysFile/testOrderExcel/amazon-20220324044037.xlsx",
  "operationResult": "插入记录条数 = 1, 调整库存结果 = success",
  "orderList": [
    {
      "addressType": "Residential",
      "altItemId": "65633385480810",
      "billAddress1": null,
      "billAddress2": null,
      "billCity": null,
      "billCompany": null,
      "billCountryCode": null,
      "billEmail": "k71flkg1rmpz5fn@marketplace.amazon.com",
      "billName": "mary",
      "billPhone": null,
      "billState": null,
      "billZipCode": null,
      "creationDate": "2022-03-24 04:40:37.749",
      "customerComments": null,
      "description": "Merax Twin Bed Frame with Drawers ,Twin Size Bed Frame with Storage , Wood Platform Bed Frame with Headboard for Kids,No Box Spring Needed ,White",
      "discountAmount": 0.0,
      "earliestDeliveryDate": "2021-08-19 12:00",
      "earliestShipDate": "2021-09-04 12:00",
      "isExported": null,
      "itemCode": "WF197751AAK-H47",
      "itemShipAmount": 48.99,
      "itemTax": 12.87,
      "itemUnitDiscount": 0.0,
      "itemUnitPrice": 145.0,
      "itemUnitWeight": null,
      "latestDeliveryDate": "2021-08-13 23:59",
      "latestShipDate": "2021-09-28 23:59",
      "lineItemNumber": 1,
      "orderDate": "2021-08-30 05:28",
      "orderId": "114-3729940-6229839",
      "orderNumber": null,
      "orderTotal": 211.21,
      "ordersFrom": "",
      "promiseResponseDueDate": "",
      "qty": 1,
      "scheduledDeliveryEndDate": "",
      "scheduledDeliveryStartDate": "",
      "sellerSku": "B0912FTS3T",
      "shipAddress1": "206 E 67TH ST APT 21",
      "shipAddress2": "",
      "shipAmount": 48.99,
      "shipCity": "NEW YORK",
      "shipCompany": null,
      "shipCountryCode": "US",
      "shipMethod": "Std US D2D Dom",
      "shipName": "Dimitry Gelfenbeyn",
      "shipPhone": "+1 415-419-8616 ext. 94980",
      "shipState": "NY",
      "shipZipCode": "10065-6248",
      "shippingTax": 4.35,
      "sku": "WF197751AAK-001",
      "stockOut": null,
      "storeId": 153,
      "storeName": "Buymax",
      "taxAmount": 0.0
    }
  ]
}
2022-03-24 19:40:40,129 - test_case01.py[line:23] - test_case01 - INFO - 
                         _    _         _      _____         _
          __ _ _ __ (_)  / \  _   _| |_ __|_   _|__  ___| |_
         / _` | '_ \| | / _ \| | | | __/ _ \| |/ _ \/ __| __|
        | (_| | |_) | |/ ___ \ |_| | || (_) | |  __/\__ \ |_
         \__,_| .__/|_/_/   \_\__,_|\__\___/|_|\___||___/\__|
              |_|
              Starting      ...     ...     ...
            
2022-03-24 19:40:40,129 - test_case01.py[line:32] - test_case01 - INFO - 用例序号:testcase_05
2022-03-24 19:40:40,129 - test_case01.py[line:33] - test_case01 - INFO - 用例名称:edit_order
2022-03-24 19:40:40,129 - test_case01.py[line:34] - test_case01 - INFO - 请求url:http://uat.drp.orsd.tech/drpapi/monitor/job/edit
2022-03-24 19:40:40,130 - test_case01.py[line:35] - test_case01 - INFO - 请求数据:{"id":60,"jobName":"callStoreProcOrderImportPickUpTask","jobGroup":"OrderImport","methodName":"runParams","methodParams":"[153]","cronExpression":"0 20/45 * ? * *","misfirePolicy":3,"status":2,"duringRunPolicy":2,"deleteIdList":null}
2022-03-24 19:40:40,130 - test_case01.py[line:36] - test_case01 - INFO - 请求方式:POST
2022-03-24 19:40:40,130 - test_case01.py[line:37] - test_case01 - INFO - 请求头:yes
2022-03-24 19:40:40,130 - test_case01.py[line:38] - test_case01 - INFO - 依赖:None
2022-03-24 19:40:40,130 - test_case01.py[line:39] - test_case01 - INFO - 依赖的返回数据:None
2022-03-24 19:40:40,130 - test_case01.py[line:40] - test_case01 - INFO - 数据依赖字段:None
2022-03-24 19:40:40,133 - test_case01.py[line:41] - test_case01 - INFO - 预期结果:code
2022-03-24 19:40:40,225 - test_case01.py[line:81] - test_case01 - INFO - 返回结果为:{
  "code": "401",
  "data": "",
  "msg": "Your account has been logged in elsewhere,please log in again."
}
2022-03-24 19:40:40,226 - test_case01.py[line:23] - test_case01 - INFO - 
                         _    _         _      _____         _
          __ _ _ __ (_)  / \  _   _| |_ __|_   _|__  ___| |_
         / _` | '_ \| | / _ \| | | | __/ _ \| |/ _ \/ __| __|
        | (_| | |_) | |/ ___ \ |_| | || (_) | |  __/\__ \ |_
         \__,_| .__/|_/_/   \_\__,_|\__\___/|_|\___||___/\__|
              |_|
              Starting      ...     ...     ...
            
2022-03-24 19:40:40,226 - test_case01.py[line:32] - test_case01 - INFO - 用例序号:testcase_06
2022-03-24 19:40:40,226 - test_case01.py[line:33] - test_case01 - INFO - 用例名称:job_run
2022-03-24 19:40:40,226 - test_case01.py[line:34] - test_case01 - INFO - 请求url:http://uat.drp.orsd.tech/drpapi/monitor/job/run
2022-03-24 19:40:40,226 - test_case01.py[line:35] - test_case01 - INFO - 请求数据:{"id":60}
2022-03-24 19:40:40,226 - test_case01.py[line:36] - test_case01 - INFO - 请求方式:POST
2022-03-24 19:40:40,226 - test_case01.py[line:37] - test_case01 - INFO - 请求头:yes
2022-03-24 19:40:40,226 - test_case01.py[line:38] - test_case01 - INFO - 依赖:None
2022-03-24 19:40:40,226 - test_case01.py[line:39] - test_case01 - INFO - 依赖的返回数据:None
2022-03-24 19:40:40,226 - test_case01.py[line:40] - test_case01 - INFO - 数据依赖字段:None
2022-03-24 19:40:40,226 - test_case01.py[line:41] - test_case01 - INFO - 预期结果:code
2022-03-24 19:40:40,296 - test_case01.py[line:81] - test_case01 - INFO - 返回结果为:{
  "code": "401",
  "data": "",
  "msg": "Your account has been logged in elsewhere,please log in again."
}
