2022-02-15 19:39:56,336 - test_case01.py[line:21] - test_case01 - INFO - 用例序号:testcase_01
2022-02-15 19:39:56,336 - test_case01.py[line:22] - test_case01 - INFO - 用例名称:loginOauth
2022-02-15 19:39:56,336 - test_case01.py[line:23] - test_case01 - INFO - 请求url:http://uat.drp.orsd.tech/drpapi/oauth/loginOauth
2022-02-15 19:39:56,336 - test_case01.py[line:24] - test_case01 - INFO - 请求数据:{"username":"wuhaiyan", "password":"49ca2906599a55321586de19c9c835e1"}
2022-02-15 19:39:56,336 - test_case01.py[line:25] - test_case01 - INFO - 请求方式:POST
2022-02-15 19:39:56,336 - test_case01.py[line:26] - test_case01 - INFO - 请求头:header
2022-02-15 19:39:56,339 - test_case01.py[line:27] - test_case01 - INFO - 依赖:None
2022-02-15 19:39:56,339 - test_case01.py[line:28] - test_case01 - INFO - 依赖的返回数据:refreshToken
2022-02-15 19:39:56,339 - test_case01.py[line:29] - test_case01 - INFO - 预期结果:code
2022-02-15 19:39:56,504 - test_case01.py[line:32] - test_case01 - INFO - 返回结果为:{"code": "0000", "msg": "Login was successful.", "data": {"subject": "wuhaiyan", "accessToken": "eyJhbGciOiJIUzUxMiJ9.eyJhdWQiOiIxIiwic3ViIjoid3VoYWl5YW4iLCJleHAiOjE2NDQ5NTM5OTcsImlhdCI6MTY0NDkyNTE5N30.m-LA847DKU3iRPx4dkoh-BZJT9MEpYjm30SgoJdbklmh5iGQTpZl1zjIiXBcs_ehr0_ltCoubLK5lvld-gviVQ", "refreshToken": "eyJhbGciOiJIUzUxMiJ9.eyJhdWQiOiIyIiwic3ViIjoid3VoYWl5YW4iLCJleHAiOjE2NDU1Mjk5OTcsImlhdCI6MTY0NDkyNTE5N30.CwiGhn6r7dw_UenHrwY4JqAfdlAE64FEc6PrVVcrpb2YUF5J2JxX-3CIbJ42bo6IYJACgpKhxOmw71dXDe-UWg", "tokenType": "jwt", "expiresIn": 28800000, "scope": "all", "refreshTime": 7100000}}
2022-02-15 19:39:56,505 - test_case01.py[line:21] - test_case01 - INFO - 用例序号:testcase_02
2022-02-15 19:39:56,505 - test_case01.py[line:22] - test_case01 - INFO - 用例名称:refreshOauthToken
2022-02-15 19:39:56,505 - test_case01.py[line:23] - test_case01 - INFO - 请求url:http://uat.drp.orsd.tech/drpapi/oauth/refreshOauthToken
2022-02-15 19:39:56,505 - test_case01.py[line:24] - test_case01 - INFO - 请求数据:None
2022-02-15 19:39:56,505 - test_case01.py[line:25] - test_case01 - INFO - 请求方式:POST
2022-02-15 19:39:56,505 - test_case01.py[line:26] - test_case01 - INFO - 请求头:yes
2022-02-15 19:39:56,505 - test_case01.py[line:27] - test_case01 - INFO - 依赖:case1
2022-02-15 19:39:56,505 - test_case01.py[line:28] - test_case01 - INFO - 依赖的返回数据:refreshToken
2022-02-15 19:39:56,505 - test_case01.py[line:29] - test_case01 - INFO - 预期结果:code
2022-02-15 19:39:56,526 - test_case01.py[line:32] - test_case01 - INFO - 返回结果为:{'timestamp': '2022-02-15T11:39:57.251+0000', 'status': 400, 'error': 'Bad Request', 'message': 'Required request body is missing: public com.oristand.starcloud.common.response.ResponseData com.oristand.starcloud.api.controller.oauth.OAuthController.refreshToken(com.oristand.starcloud.pojo.core.vo.YahooUserVO,javax.servlet.http.HttpServletRequest,javax.servlet.http.HttpServletResponse)', 'path': '/drpapi/oauth/refreshOauthToken'}
