2022-02-21 11:32:52,290 - test_case01.py[line:21] - test_case01 - INFO - 用例序号:testcase_01
2022-02-21 11:32:52,290 - test_case01.py[line:22] - test_case01 - INFO - 用例名称:loginOauth
2022-02-21 11:32:52,290 - test_case01.py[line:23] - test_case01 - INFO - 请求url:http://uat.drp.orsd.tech/drpapi/oauth/loginOauth
2022-02-21 11:32:52,290 - test_case01.py[line:24] - test_case01 - INFO - 请求数据:{"username":"wuhaiyan", "password":"49ca2906599a55321586de19c9c835e1"}
2022-02-21 11:32:52,290 - test_case01.py[line:25] - test_case01 - INFO - 请求方式:POST
2022-02-21 11:32:52,290 - test_case01.py[line:26] - test_case01 - INFO - 请求头:header
2022-02-21 11:32:52,293 - test_case01.py[line:27] - test_case01 - INFO - 依赖:None
2022-02-21 11:32:52,293 - test_case01.py[line:28] - test_case01 - INFO - 依赖的返回数据:refreshToken
2022-02-21 11:32:52,293 - test_case01.py[line:29] - test_case01 - INFO - 数据依赖字段:None
2022-02-21 11:32:52,293 - test_case01.py[line:30] - test_case01 - INFO - 预期结果:code
2022-02-21 11:32:52,496 - test_case01.py[line:33] - test_case01 - INFO - 返回结果为:{"code": "0000", "msg": "Login was successful.", "data": {"subject": "wuhaiyan", "accessToken": "eyJhbGciOiJIUzUxMiJ9.eyJhdWQiOiIxIiwic3ViIjoid3VoYWl5YW4iLCJleHAiOjE2NDU0NDMxNzAsImlhdCI6MTY0NTQxNDM3MH0.DiaO5_T3kZolITszs0TAKByVrwqQhcgumEHRQH4q3HLqyRpElxlCm7-bx9qbIwKWqknWMcAtwvgE971rwMJ7Rg", "refreshToken": "eyJhbGciOiJIUzUxMiJ9.eyJhdWQiOiIyIiwic3ViIjoid3VoYWl5YW4iLCJleHAiOjE2NDYwMTkxNzAsImlhdCI6MTY0NTQxNDM3MH0.R9D38C5kbrpeGl0kz_Kud0FWvu3PWlMC5GGfRZLU_JulXyVmoI8VF9u81FGnHfZw6Das_uHiQ13wPhamZgeI5A", "tokenType": "jwt", "expiresIn": 28800000, "scope": "all", "refreshTime": 7100000}}
2022-02-21 11:32:52,496 - test_case01.py[line:21] - test_case01 - INFO - 用例序号:testcase_02
2022-02-21 11:32:52,497 - test_case01.py[line:22] - test_case01 - INFO - 用例名称:refreshOauthToken
2022-02-21 11:32:52,497 - test_case01.py[line:23] - test_case01 - INFO - 请求url:http://uat.drp.orsd.tech/drpapi/oauth/refreshOauthToken
2022-02-21 11:32:52,497 - test_case01.py[line:24] - test_case01 - INFO - 请求数据:None
2022-02-21 11:32:52,497 - test_case01.py[line:25] - test_case01 - INFO - 请求方式:POST
2022-02-21 11:32:52,497 - test_case01.py[line:26] - test_case01 - INFO - 请求头:yes
2022-02-21 11:32:52,497 - test_case01.py[line:27] - test_case01 - INFO - 依赖:case1
2022-02-21 11:32:52,497 - test_case01.py[line:28] - test_case01 - INFO - 依赖的返回数据:refreshToken
2022-02-21 11:32:52,497 - test_case01.py[line:29] - test_case01 - INFO - 数据依赖字段:refreshToken
2022-02-21 11:32:52,497 - test_case01.py[line:30] - test_case01 - INFO - 预期结果:code
2022-02-21 11:32:52,564 - test_case01.py[line:33] - test_case01 - INFO - 返回结果为:{"code": "0000", "msg": "success", "data": {"subject": "wuhaiyan", "accessToken": "eyJhbGciOiJIUzUxMiJ9.eyJhdWQiOiIxIiwic3ViIjoid3VoYWl5YW4iLCJleHAiOjE2NDU0NDMxNzAsImlhdCI6MTY0NTQxNDM3MH0.DiaO5_T3kZolITszs0TAKByVrwqQhcgumEHRQH4q3HLqyRpElxlCm7-bx9qbIwKWqknWMcAtwvgE971rwMJ7Rg", "refreshToken": null, "tokenType": "jwt", "expiresIn": 0, "scope": "all", "refreshTime": 30000}}
2022-02-21 11:32:52,564 - test_case01.py[line:21] - test_case01 - INFO - 用例序号:testcase_03
2022-02-21 11:32:52,564 - test_case01.py[line:22] - test_case01 - INFO - 用例名称:listWarehouse
2022-02-21 11:32:52,565 - test_case01.py[line:23] - test_case01 - INFO - 请求url:http://uat.drp.orsd.tech/drpapi/warehouse/truck/listWarehouse
2022-02-21 11:32:52,565 - test_case01.py[line:24] - test_case01 - INFO - 请求数据:None
2022-02-21 11:32:52,565 - test_case01.py[line:25] - test_case01 - INFO - 请求方式:POST
2022-02-21 11:32:52,565 - test_case01.py[line:26] - test_case01 - INFO - 请求头:yes
2022-02-21 11:32:52,565 - test_case01.py[line:27] - test_case01 - INFO - 依赖:None
2022-02-21 11:32:52,565 - test_case01.py[line:28] - test_case01 - INFO - 依赖的返回数据:None
2022-02-21 11:32:52,565 - test_case01.py[line:29] - test_case01 - INFO - 数据依赖字段:None
2022-02-21 11:32:52,565 - test_case01.py[line:30] - test_case01 - INFO - 预期结果:code
2022-02-21 11:32:53,171 - test_case01.py[line:33] - test_case01 - INFO - 返回结果为:{"code": "0000", "msg": "success", "data": [{"code": 1, "description": "CA1", "qty": null, "url": null}, {"code": 18, "description": "NJ1", "qty": null, "url": null}, {"code": 50, "description": "NJ2", "qty": null, "url": null}, {"code": 52, "description": "CA2", "qty": null, "url": null}, {"code": 58, "description": "AT1", "qty": null, "url": null}, {"code": 62, "description": "CA3", "qty": null, "url": null}, {"code": 64, "description": "NJ3", "qty": null, "url": null}, {"code": 66, "description": "CAL1", "qty": null, "url": null}, {"code": 68, "description": "AT2", "qty": null, "url": null}, {"code": 72, "description": "CA4", "qty": null, "url": null}, {"code": 76, "description": "NJ4", "qty": null, "url": null}, {"code": 80, "description": "ATX4", "qty": null, "url": null}]}
2022-02-21 11:32:53,172 - test_case01.py[line:21] - test_case01 - INFO - 用例序号:testcase_04
2022-02-21 11:32:53,172 - test_case01.py[line:22] - test_case01 - INFO - 用例名称:make_order
2022-02-21 11:32:53,172 - test_case01.py[line:23] - test_case01 - INFO - 请求url:http://192.168.20.167:9876/usosj_test/order/dealOrders?platform=amazon&storeId=153&orderAmount=1&isImport=no
2022-02-21 11:32:53,172 - test_case01.py[line:24] - test_case01 - INFO - 请求数据:{"platform":"amazon", "storeId":"153", "orderAmount":"1", "isImport":"no"}
2022-02-21 11:32:53,172 - test_case01.py[line:25] - test_case01 - INFO - 请求方式:GET
2022-02-21 11:32:53,172 - test_case01.py[line:26] - test_case01 - INFO - 请求头:yes
2022-02-21 11:32:53,172 - test_case01.py[line:27] - test_case01 - INFO - 依赖:None
2022-02-21 11:32:53,172 - test_case01.py[line:28] - test_case01 - INFO - 依赖的返回数据:None
2022-02-21 11:32:53,172 - test_case01.py[line:29] - test_case01 - INFO - 数据依赖字段:None
2022-02-21 11:32:53,172 - test_case01.py[line:30] - test_case01 - INFO - 预期结果:code
2022-02-21 11:32:53,273 - test_case01.py[line:33] - test_case01 - INFO - 返回结果为:{"code": "200", "filePath": "/wosSysFile/testOrderExcel/amazon-20220220193249.xlsx", "orderList": [{"orderId": "113-2689660-5786103", "ordersFrom": "", "storeName": "Buymax", "orderDate": "2021-08-27 05:28", "shipName": "Dimitry Gelfenbeyn", "shipCompany": null, "shipAddress1": "206 E 67TH ST APT 21", "shipAddress2": "", "shipCity": "NEW YORK", "shipState": "NY", "shipZipCode": "10065-6248", "shipCountryCode": "US", "shipPhone": "+1 415-419-8616 ext. 94980", "shipMethod": "Std US D2D Dom", "discountAmount": 0.0, "taxAmount": 0.0, "shipAmount": 48.99, "orderTotal": 211.21, "customerComments": null, "lineItemNumber": 1, "sellerSku": "B0912FTS3T", "itemCode": "WF197751AAK-H47", "altItemId": "65633385480810", "description": "Merax Twin Bed Frame with Drawers ,Twin Size Bed Frame with Storage , Wood Platform Bed Frame with Headboard for Kids,No Box Spring Needed ,White", "qty": 1, "itemUnitPrice": 145.0, "itemUnitDiscount": 0.0, "itemUnitWeight": null, "storeId": 153, "orderNumber": null, "isExported": null, "sku": "WF197751AAK-001", "itemShipAmount": 48.99, "itemTax": 12.87, "billEmail": "k71flkg1rmpz5fn@marketplace.amazon.com", "stockOut": null, "addressType": "Residential", "creationDate": "2022-02-20 19:32:49.802", "shippingTax": 4.35, "scheduledDeliveryStartDate": "", "scheduledDeliveryEndDate": "", "promiseResponseDueDate": "", "earliestShipDate": "2021-09-28 12:00", "latestShipDate": "2021-09-01 23:59", "earliestDeliveryDate": "2021-07-24 12:00", "latestDeliveryDate": "2021-10-07 23:59", "billName": "mary", "billCompany": null, "billAddress1": null, "billAddress2": null, "billCity": null, "billState": null, "billZipCode": null, "billCountryCode": null, "billPhone": null}], "operationResult": "\u63d2\u5165\u8bb0\u5f55\u6761\u6570 = 1, \u8c03\u6574\u5e93\u5b58\u7ed3\u679c = success"}
2022-02-21 11:32:53,275 - test_case01.py[line:21] - test_case01 - INFO - 用例序号:testcase_05
2022-02-21 11:32:53,275 - test_case01.py[line:22] - test_case01 - INFO - 用例名称:edit_order
2022-02-21 11:32:53,275 - test_case01.py[line:23] - test_case01 - INFO - 请求url:http://uat.drp.orsd.tech/drpapi/monitor/job/edit
2022-02-21 11:32:53,275 - test_case01.py[line:24] - test_case01 - INFO - 请求数据:{"id":60,"jobName":"callStoreProcOrderImportPickUpTask","jobGroup":"OrderImport","methodName":"runParams","methodParams":"[153]","cronExpression":"0 20/45 * ? * *","misfirePolicy":3,"status":2,"duringRunPolicy":2,"deleteIdList":null}
2022-02-21 11:32:53,275 - test_case01.py[line:25] - test_case01 - INFO - 请求方式:POST
2022-02-21 11:32:53,275 - test_case01.py[line:26] - test_case01 - INFO - 请求头:yes
2022-02-21 11:32:53,275 - test_case01.py[line:27] - test_case01 - INFO - 依赖:None
2022-02-21 11:32:53,275 - test_case01.py[line:28] - test_case01 - INFO - 依赖的返回数据:None
2022-02-21 11:32:53,276 - test_case01.py[line:29] - test_case01 - INFO - 数据依赖字段:None
2022-02-21 11:32:53,276 - test_case01.py[line:30] - test_case01 - INFO - 预期结果:code
2022-02-21 11:32:53,793 - test_case01.py[line:33] - test_case01 - INFO - 返回结果为:{"code": "0000", "msg": "success", "data": true}
2022-02-21 11:32:53,793 - test_case01.py[line:21] - test_case01 - INFO - 用例序号:testcase_06
2022-02-21 11:32:53,793 - test_case01.py[line:22] - test_case01 - INFO - 用例名称:job_run
2022-02-21 11:32:53,793 - test_case01.py[line:23] - test_case01 - INFO - 请求url:http://uat.drp.orsd.tech/drpapi/monitor/job/run
2022-02-21 11:32:53,793 - test_case01.py[line:24] - test_case01 - INFO - 请求数据:{"id":60}
2022-02-21 11:32:53,793 - test_case01.py[line:25] - test_case01 - INFO - 请求方式:POST
2022-02-21 11:32:53,793 - test_case01.py[line:26] - test_case01 - INFO - 请求头:yes
2022-02-21 11:32:53,794 - test_case01.py[line:27] - test_case01 - INFO - 依赖:None
2022-02-21 11:32:53,794 - test_case01.py[line:28] - test_case01 - INFO - 依赖的返回数据:None
2022-02-21 11:32:53,794 - test_case01.py[line:29] - test_case01 - INFO - 数据依赖字段:None
2022-02-21 11:32:53,794 - test_case01.py[line:30] - test_case01 - INFO - 预期结果:code
2022-02-21 11:32:54,111 - test_case01.py[line:33] - test_case01 - INFO - 返回结果为:{"code": "0000", "msg": "success", "data": true}
