2022-02-21 10:38:34,238 - test_case01.py[line:21] - test_case01 - INFO - 用例序号:testcase_01
2022-02-21 10:38:34,238 - test_case01.py[line:22] - test_case01 - INFO - 用例名称:loginOauth
2022-02-21 10:38:34,238 - test_case01.py[line:23] - test_case01 - INFO - 请求url:http://uat.drp.orsd.tech/drpapi/oauth/loginOauth
2022-02-21 10:38:34,238 - test_case01.py[line:24] - test_case01 - INFO - 请求数据:{"username":"wuhaiyan", "password":"49ca2906599a55321586de19c9c835e1"}
2022-02-21 10:38:34,238 - test_case01.py[line:25] - test_case01 - INFO - 请求方式:POST
2022-02-21 10:38:34,238 - test_case01.py[line:26] - test_case01 - INFO - 请求头:header
2022-02-21 10:38:34,241 - test_case01.py[line:27] - test_case01 - INFO - 依赖:None
2022-02-21 10:38:34,241 - test_case01.py[line:28] - test_case01 - INFO - 依赖的返回数据:refreshToken
2022-02-21 10:38:34,242 - test_case01.py[line:29] - test_case01 - INFO - 数据依赖字段:None
2022-02-21 10:38:34,242 - test_case01.py[line:30] - test_case01 - INFO - 预期结果:code
2022-02-21 10:38:34,586 - test_case01.py[line:33] - test_case01 - INFO - 返回结果为:{"code": "0000", "msg": "Login was successful.", "data": {"subject": "wuhaiyan", "accessToken": "eyJhbGciOiJIUzUxMiJ9.eyJhdWQiOiIxIiwic3ViIjoid3VoYWl5YW4iLCJleHAiOjE2NDU0Mzk5MTIsImlhdCI6MTY0NTQxMTExMn0.GhPd8Eqj8MMuT3NSoLYgI3PYpoPjzQ2AE7nxemWBGVRfimifchsWfxzn5Ahgq77rg7clivwe40yiHST480wcMw", "refreshToken": "eyJhbGciOiJIUzUxMiJ9.eyJhdWQiOiIyIiwic3ViIjoid3VoYWl5YW4iLCJleHAiOjE2NDYwMTU5MTIsImlhdCI6MTY0NTQxMTExMn0.vK-8-YDEhLamsHgf9uFY1175yTRjL5ZvBUUceJXJ0DUOiLmHGUD0anAFrZ8P75nht8PvqTWB7HMIDdPAavTdcg", "tokenType": "jwt", "expiresIn": 28800000, "scope": "all", "refreshTime": 7100000}}
2022-02-21 10:38:34,586 - test_case01.py[line:21] - test_case01 - INFO - 用例序号:testcase_02
2022-02-21 10:38:34,586 - test_case01.py[line:22] - test_case01 - INFO - 用例名称:refreshOauthToken
2022-02-21 10:38:34,586 - test_case01.py[line:23] - test_case01 - INFO - 请求url:http://uat.drp.orsd.tech/drpapi/oauth/refreshOauthToken
2022-02-21 10:38:34,586 - test_case01.py[line:24] - test_case01 - INFO - 请求数据:None
2022-02-21 10:38:34,586 - test_case01.py[line:25] - test_case01 - INFO - 请求方式:POST
2022-02-21 10:38:34,586 - test_case01.py[line:26] - test_case01 - INFO - 请求头:yes
2022-02-21 10:38:34,586 - test_case01.py[line:27] - test_case01 - INFO - 依赖:case1
2022-02-21 10:38:34,586 - test_case01.py[line:28] - test_case01 - INFO - 依赖的返回数据:refreshToken
2022-02-21 10:38:34,587 - test_case01.py[line:29] - test_case01 - INFO - 数据依赖字段:refreshToken
2022-02-21 10:38:34,587 - test_case01.py[line:30] - test_case01 - INFO - 预期结果:code
2022-02-21 10:38:34,658 - test_case01.py[line:33] - test_case01 - INFO - 返回结果为:{"code": "0000", "msg": "success", "data": {"subject": "wuhaiyan", "accessToken": "eyJhbGciOiJIUzUxMiJ9.eyJhdWQiOiIxIiwic3ViIjoid3VoYWl5YW4iLCJleHAiOjE2NDU0Mzk5MTIsImlhdCI6MTY0NTQxMTExMn0.GhPd8Eqj8MMuT3NSoLYgI3PYpoPjzQ2AE7nxemWBGVRfimifchsWfxzn5Ahgq77rg7clivwe40yiHST480wcMw", "refreshToken": null, "tokenType": "jwt", "expiresIn": 0, "scope": "all", "refreshTime": 30000}}
2022-02-21 10:38:34,659 - test_case01.py[line:21] - test_case01 - INFO - 用例序号:testcase_03
2022-02-21 10:38:34,659 - test_case01.py[line:22] - test_case01 - INFO - 用例名称:listWarehouse
2022-02-21 10:38:34,659 - test_case01.py[line:23] - test_case01 - INFO - 请求url:http://uat.drp.orsd.tech/drpapi/warehouse/truck/listWarehouse
2022-02-21 10:38:34,659 - test_case01.py[line:24] - test_case01 - INFO - 请求数据:None
2022-02-21 10:38:34,659 - test_case01.py[line:25] - test_case01 - INFO - 请求方式:POST
2022-02-21 10:38:34,659 - test_case01.py[line:26] - test_case01 - INFO - 请求头:yes
2022-02-21 10:38:34,659 - test_case01.py[line:27] - test_case01 - INFO - 依赖:None
2022-02-21 10:38:34,659 - test_case01.py[line:28] - test_case01 - INFO - 依赖的返回数据:None
2022-02-21 10:38:34,659 - test_case01.py[line:29] - test_case01 - INFO - 数据依赖字段:None
2022-02-21 10:38:34,659 - test_case01.py[line:30] - test_case01 - INFO - 预期结果:code
2022-02-21 10:38:35,006 - test_case01.py[line:33] - test_case01 - INFO - 返回结果为:{"code": "0000", "msg": "success", "data": [{"code": 1, "description": "CA1", "qty": null, "url": null}, {"code": 18, "description": "NJ1", "qty": null, "url": null}, {"code": 50, "description": "NJ2", "qty": null, "url": null}, {"code": 52, "description": "CA2", "qty": null, "url": null}, {"code": 58, "description": "AT1", "qty": null, "url": null}, {"code": 62, "description": "CA3", "qty": null, "url": null}, {"code": 64, "description": "NJ3", "qty": null, "url": null}, {"code": 66, "description": "CAL1", "qty": null, "url": null}, {"code": 68, "description": "AT2", "qty": null, "url": null}, {"code": 72, "description": "CA4", "qty": null, "url": null}, {"code": 76, "description": "NJ4", "qty": null, "url": null}, {"code": 80, "description": "ATX4", "qty": null, "url": null}]}
2022-02-21 10:38:35,006 - test_case01.py[line:21] - test_case01 - INFO - 用例序号:testcase_04
2022-02-21 10:38:35,006 - test_case01.py[line:22] - test_case01 - INFO - 用例名称:make_order
2022-02-21 10:38:35,006 - test_case01.py[line:23] - test_case01 - INFO - 请求url:http://192.168.20.167:9876/usosj_test/order/dealOrders?platform=amazon&storeId=153&orderAmount=1&isImport=no
2022-02-21 10:38:35,007 - test_case01.py[line:24] - test_case01 - INFO - 请求数据:{"platform":"amazon", "storeId":"153", "orderAmount":"1", "isImport":"no"}
2022-02-21 10:38:35,007 - test_case01.py[line:25] - test_case01 - INFO - 请求方式:GET
2022-02-21 10:38:35,007 - test_case01.py[line:26] - test_case01 - INFO - 请求头:yes
2022-02-21 10:38:35,007 - test_case01.py[line:27] - test_case01 - INFO - 依赖:None
2022-02-21 10:38:35,007 - test_case01.py[line:28] - test_case01 - INFO - 依赖的返回数据:None
2022-02-21 10:38:35,007 - test_case01.py[line:29] - test_case01 - INFO - 数据依赖字段:None
2022-02-21 10:38:35,007 - test_case01.py[line:30] - test_case01 - INFO - 预期结果:code
2022-02-21 10:38:35,085 - test_case01.py[line:33] - test_case01 - INFO - 返回结果为:{"code": "200", "filePath": "/wosSysFile/testOrderExcel/amazon-20220220183831.xlsx", "orderList": [{"orderId": "112-5574785-3098560", "ordersFrom": "", "storeName": "Buymax", "orderDate": "2021-09-13 17:53", "shipName": "ZHI X ZHENG", "shipCompany": null, "shipAddress1": "15115 KENOAK DR", "shipAddress2": "", "shipCity": "BALDWIN PARK", "shipState": "CA", "shipZipCode": "91706-3425", "shipCountryCode": "US", "shipPhone": "+1 763-225-9463 ext. 48024", "shipMethod": "Std US D2D Dom", "discountAmount": 0.0, "taxAmount": 0.0, "shipAmount": 0.0, "orderTotal": 283.59, "customerComments": null, "lineItemNumber": 1, "sellerSku": "B07QDX6G7H", "itemCode": "MS190423AAB1031", "altItemId": "45296405336786", "description": "Merax Electric Folding Treadmill - Easy Assembly Fitness Motorized Running Jogging Machine with Speakers for Home Use, 12 Preset Programs (Black)", "qty": 1, "itemUnitPrice": 258.99, "itemUnitDiscount": 0.0, "itemUnitWeight": null, "storeId": 153, "orderNumber": null, "isExported": null, "sku": "MS192229AAE-001", "itemShipAmount": null, "itemTax": 24.6, "billEmail": "5trxy3y0lvh1s85@marketplace.amazon.com", "stockOut": null, "addressType": "Residential", "creationDate": "2022-02-20 18:38:31.647", "shippingTax": null, "scheduledDeliveryStartDate": "", "scheduledDeliveryEndDate": "", "promiseResponseDueDate": "", "earliestShipDate": "2021-09-03 12:00", "latestShipDate": "2021-08-07 23:59", "earliestDeliveryDate": "2021-07-23 12:00", "latestDeliveryDate": "2021-08-12 23:59", "billName": "Jon Zheng", "billCompany": null, "billAddress1": null, "billAddress2": null, "billCity": null, "billState": null, "billZipCode": null, "billCountryCode": null, "billPhone": null}], "operationResult": "\u63d2\u5165\u8bb0\u5f55\u6761\u6570 = 1, \u8c03\u6574\u5e93\u5b58\u7ed3\u679c = success"}
2022-02-21 10:38:35,088 - test_case01.py[line:21] - test_case01 - INFO - 用例序号:testcase_05
2022-02-21 10:38:35,088 - test_case01.py[line:22] - test_case01 - INFO - 用例名称:edit_order
2022-02-21 10:38:35,088 - test_case01.py[line:23] - test_case01 - INFO - 请求url:http://uat.drp.orsd.tech/drpapi/monitor/job/edit
2022-02-21 10:38:35,089 - test_case01.py[line:24] - test_case01 - INFO - 请求数据:{"id":60,"jobName":"callStoreProcOrderImportPickUpTask","jobGroup":"OrderImport","methodName":"runParams","methodParams":"[153]","cronExpression":"0 20/45 * ? * *","misfirePolicy":3,"status":2,"duringRunPolicy":2,"deleteIdList":null}
2022-02-21 10:38:35,089 - test_case01.py[line:25] - test_case01 - INFO - 请求方式:POST
2022-02-21 10:38:35,089 - test_case01.py[line:26] - test_case01 - INFO - 请求头:yes
2022-02-21 10:38:35,089 - test_case01.py[line:27] - test_case01 - INFO - 依赖:None
2022-02-21 10:38:35,089 - test_case01.py[line:28] - test_case01 - INFO - 依赖的返回数据:None
2022-02-21 10:38:35,090 - test_case01.py[line:29] - test_case01 - INFO - 数据依赖字段:None
2022-02-21 10:38:35,090 - test_case01.py[line:30] - test_case01 - INFO - 预期结果:code
2022-02-21 10:38:35,559 - test_case01.py[line:33] - test_case01 - INFO - 返回结果为:{"code": "0000", "msg": "success", "data": true}
2022-02-21 10:38:35,560 - test_case01.py[line:21] - test_case01 - INFO - 用例序号:testcase_06
2022-02-21 10:38:35,560 - test_case01.py[line:22] - test_case01 - INFO - 用例名称:job_run
2022-02-21 10:38:35,560 - test_case01.py[line:23] - test_case01 - INFO - 请求url:http://uat.drp.orsd.tech/drpapi/monitor/job/run
2022-02-21 10:38:35,560 - test_case01.py[line:24] - test_case01 - INFO - 请求数据:{"id":60}
2022-02-21 10:38:35,560 - test_case01.py[line:25] - test_case01 - INFO - 请求方式:POST
2022-02-21 10:38:35,560 - test_case01.py[line:26] - test_case01 - INFO - 请求头:yes
2022-02-21 10:38:35,560 - test_case01.py[line:27] - test_case01 - INFO - 依赖:None
2022-02-21 10:38:35,560 - test_case01.py[line:28] - test_case01 - INFO - 依赖的返回数据:None
2022-02-21 10:38:35,560 - test_case01.py[line:29] - test_case01 - INFO - 数据依赖字段:None
2022-02-21 10:38:35,560 - test_case01.py[line:30] - test_case01 - INFO - 预期结果:code
2022-02-21 10:38:35,789 - test_case01.py[line:33] - test_case01 - INFO - 返回结果为:{"code": "0000", "msg": "success", "data": true}
