2022-02-21 12:03:17,139 - test_case01.py[line:21] - test_case01 - INFO - 用例序号:testcase_01
2022-02-21 12:03:17,139 - test_case01.py[line:22] - test_case01 - INFO - 用例名称:loginOauth
2022-02-21 12:03:17,139 - test_case01.py[line:23] - test_case01 - INFO - 请求url:http://uat.drp.orsd.tech/drpapi/oauth/loginOauth
2022-02-21 12:03:17,139 - test_case01.py[line:24] - test_case01 - INFO - 请求数据:{"username":"wuhaiyan", "password":"49ca2906599a55321586de19c9c835e1"}
2022-02-21 12:03:17,139 - test_case01.py[line:25] - test_case01 - INFO - 请求方式:POST
2022-02-21 12:03:17,139 - test_case01.py[line:26] - test_case01 - INFO - 请求头:header
2022-02-21 12:03:17,141 - test_case01.py[line:27] - test_case01 - INFO - 依赖:None
2022-02-21 12:03:17,141 - test_case01.py[line:28] - test_case01 - INFO - 依赖的返回数据:refreshToken
2022-02-21 12:03:17,141 - test_case01.py[line:29] - test_case01 - INFO - 数据依赖字段:None
2022-02-21 12:03:17,142 - test_case01.py[line:30] - test_case01 - INFO - 预期结果:code
2022-02-21 12:03:17,312 - test_case01.py[line:33] - test_case01 - INFO - 返回结果为:{"code": "0000", "msg": "Login was successful.", "data": {"subject": "wuhaiyan", "accessToken": "eyJhbGciOiJIUzUxMiJ9.eyJhdWQiOiIxIiwic3ViIjoid3VoYWl5YW4iLCJleHAiOjE2NDU0NDQ5OTUsImlhdCI6MTY0NTQxNjE5NX0.kO14rNWUvNTdlsqYoiBdvjUTnjywHQGFJZq90Cyh-sJ4rc0QlwUdn2sHqn3JcD69EpQOTI7QdiOONpwTwO8mdQ", "refreshToken": "eyJhbGciOiJIUzUxMiJ9.eyJhdWQiOiIyIiwic3ViIjoid3VoYWl5YW4iLCJleHAiOjE2NDYwMjA5OTUsImlhdCI6MTY0NTQxNjE5NX0.4QeoMfTB-TjD2IdQUbxG1O7eQfc_47ZGBdzihdfOTah00cbjbqoF4Nr-7Kw0X-zzSyiQwe10KuF88yqfHgVKdg", "tokenType": "jwt", "expiresIn": 28800000, "scope": "all", "refreshTime": 7100000}}
2022-02-21 12:03:17,312 - test_case01.py[line:21] - test_case01 - INFO - 用例序号:testcase_02
2022-02-21 12:03:17,312 - test_case01.py[line:22] - test_case01 - INFO - 用例名称:refreshOauthToken
2022-02-21 12:03:17,312 - test_case01.py[line:23] - test_case01 - INFO - 请求url:http://uat.drp.orsd.tech/drpapi/oauth/refreshOauthToken
2022-02-21 12:03:17,312 - test_case01.py[line:24] - test_case01 - INFO - 请求数据:None
2022-02-21 12:03:17,312 - test_case01.py[line:25] - test_case01 - INFO - 请求方式:POST
2022-02-21 12:03:17,312 - test_case01.py[line:26] - test_case01 - INFO - 请求头:yes
2022-02-21 12:03:17,312 - test_case01.py[line:27] - test_case01 - INFO - 依赖:case1
2022-02-21 12:03:17,312 - test_case01.py[line:28] - test_case01 - INFO - 依赖的返回数据:refreshToken
2022-02-21 12:03:17,312 - test_case01.py[line:29] - test_case01 - INFO - 数据依赖字段:refreshToken
2022-02-21 12:03:17,312 - test_case01.py[line:30] - test_case01 - INFO - 预期结果:code
2022-02-21 12:03:17,389 - test_case01.py[line:33] - test_case01 - INFO - 返回结果为:{"code": "0000", "msg": "success", "data": {"subject": "wuhaiyan", "accessToken": "eyJhbGciOiJIUzUxMiJ9.eyJhdWQiOiIxIiwic3ViIjoid3VoYWl5YW4iLCJleHAiOjE2NDU0NDQ5OTUsImlhdCI6MTY0NTQxNjE5NX0.kO14rNWUvNTdlsqYoiBdvjUTnjywHQGFJZq90Cyh-sJ4rc0QlwUdn2sHqn3JcD69EpQOTI7QdiOONpwTwO8mdQ", "refreshToken": null, "tokenType": "jwt", "expiresIn": 0, "scope": "all", "refreshTime": 30000}}
2022-02-21 12:03:17,390 - test_case01.py[line:21] - test_case01 - INFO - 用例序号:testcase_03
2022-02-21 12:03:17,390 - test_case01.py[line:22] - test_case01 - INFO - 用例名称:listWarehouse
2022-02-21 12:03:17,390 - test_case01.py[line:23] - test_case01 - INFO - 请求url:http://uat.drp.orsd.tech/drpapi/warehouse/truck/listWarehouse
2022-02-21 12:03:17,390 - test_case01.py[line:24] - test_case01 - INFO - 请求数据:None
2022-02-21 12:03:17,390 - test_case01.py[line:25] - test_case01 - INFO - 请求方式:POST
2022-02-21 12:03:17,390 - test_case01.py[line:26] - test_case01 - INFO - 请求头:yes
2022-02-21 12:03:17,390 - test_case01.py[line:27] - test_case01 - INFO - 依赖:None
2022-02-21 12:03:17,390 - test_case01.py[line:28] - test_case01 - INFO - 依赖的返回数据:None
2022-02-21 12:03:17,390 - test_case01.py[line:29] - test_case01 - INFO - 数据依赖字段:None
2022-02-21 12:03:17,390 - test_case01.py[line:30] - test_case01 - INFO - 预期结果:code
2022-02-21 12:03:17,906 - test_case01.py[line:33] - test_case01 - INFO - 返回结果为:{"code": "0000", "msg": "success", "data": [{"code": 1, "description": "CA1", "qty": null, "url": null}, {"code": 18, "description": "NJ1", "qty": null, "url": null}, {"code": 50, "description": "NJ2", "qty": null, "url": null}, {"code": 52, "description": "CA2", "qty": null, "url": null}, {"code": 58, "description": "AT1", "qty": null, "url": null}, {"code": 62, "description": "CA3", "qty": null, "url": null}, {"code": 64, "description": "NJ3", "qty": null, "url": null}, {"code": 66, "description": "CAL1", "qty": null, "url": null}, {"code": 68, "description": "AT2", "qty": null, "url": null}, {"code": 72, "description": "CA4", "qty": null, "url": null}, {"code": 76, "description": "NJ4", "qty": null, "url": null}, {"code": 80, "description": "ATX4", "qty": null, "url": null}]}
2022-02-21 12:03:17,906 - test_case01.py[line:21] - test_case01 - INFO - 用例序号:testcase_04
2022-02-21 12:03:17,907 - test_case01.py[line:22] - test_case01 - INFO - 用例名称:make_order
2022-02-21 12:03:17,907 - test_case01.py[line:23] - test_case01 - INFO - 请求url:http://192.168.20.167:9876/usosj_test/order/dealOrders?platform=amazon&storeId=153&orderAmount=1&isImport=no
2022-02-21 12:03:17,907 - test_case01.py[line:24] - test_case01 - INFO - 请求数据:{"platform":"amazon", "storeId":"153", "orderAmount":"1", "isImport":"no"}
2022-02-21 12:03:17,907 - test_case01.py[line:25] - test_case01 - INFO - 请求方式:GET
2022-02-21 12:03:17,907 - test_case01.py[line:26] - test_case01 - INFO - 请求头:yes
2022-02-21 12:03:17,907 - test_case01.py[line:27] - test_case01 - INFO - 依赖:None
2022-02-21 12:03:17,908 - test_case01.py[line:28] - test_case01 - INFO - 依赖的返回数据:None
2022-02-21 12:03:17,908 - test_case01.py[line:29] - test_case01 - INFO - 数据依赖字段:None
2022-02-21 12:03:17,908 - test_case01.py[line:30] - test_case01 - INFO - 预期结果:code
2022-02-21 12:03:17,988 - test_case01.py[line:33] - test_case01 - INFO - 返回结果为:{"code": "200", "filePath": "/wosSysFile/testOrderExcel/amazon-20220220200314.xlsx", "orderList": [{"orderId": "114-9676057-2757435", "ordersFrom": "", "storeName": "Buymax", "orderDate": "2021-07-26 09:31", "shipName": "DeAundrea Hackett", "shipCompany": null, "shipAddress1": "3773 Soapstone Road", "shipAddress2": "", "shipCity": "Decatur", "shipState": "GA", "shipZipCode": "30034", "shipCountryCode": "US", "shipPhone": "+1 210-728-4548 ext. 42996", "shipMethod": "Std US D2D Dom", "discountAmount": 0.0, "taxAmount": 0.0, "shipAmount": 0.0, "orderTotal": 161.99, "customerComments": null, "lineItemNumber": 1, "sellerSku": "B00XP8J8J8", "itemCode": "PP187973IAA814", "altItemId": "17190443880106", "description": "Merax Travelhouse Luggage 3 Piece Expandable Spinner Set Purple", "qty": 1, "itemUnitPrice": 149.99, "itemUnitDiscount": 0.0, "itemUnitWeight": null, "storeId": 153, "orderNumber": null, "isExported": null, "sku": "PP191030AAI-001", "itemShipAmount": null, "itemTax": 12.0, "billEmail": "2shr6v7bmglbgd3@marketplace.amazon.com", "stockOut": null, "addressType": "Residential", "creationDate": "2022-02-20 20:03:14.534", "shippingTax": null, "scheduledDeliveryStartDate": "", "scheduledDeliveryEndDate": "", "promiseResponseDueDate": "", "earliestShipDate": "2021-09-08 12:00", "latestShipDate": "2021-10-16 23:59", "earliestDeliveryDate": "2021-09-11 12:00", "latestDeliveryDate": "2021-08-19 23:59", "billName": "DeAundrea", "billCompany": null, "billAddress1": null, "billAddress2": null, "billCity": null, "billState": null, "billZipCode": null, "billCountryCode": null, "billPhone": null}], "operationResult": "\u63d2\u5165\u8bb0\u5f55\u6761\u6570 = 1, \u8c03\u6574\u5e93\u5b58\u7ed3\u679c = success"}
2022-02-21 12:03:17,990 - test_case01.py[line:21] - test_case01 - INFO - 用例序号:testcase_05
2022-02-21 12:03:17,990 - test_case01.py[line:22] - test_case01 - INFO - 用例名称:edit_order
2022-02-21 12:03:17,990 - test_case01.py[line:23] - test_case01 - INFO - 请求url:http://uat.drp.orsd.tech/drpapi/monitor/job/edit
2022-02-21 12:03:17,990 - test_case01.py[line:24] - test_case01 - INFO - 请求数据:{"id":60,"jobName":"callStoreProcOrderImportPickUpTask","jobGroup":"OrderImport","methodName":"runParams","methodParams":"[153]","cronExpression":"0 20/45 * ? * *","misfirePolicy":3,"status":2,"duringRunPolicy":2,"deleteIdList":null}
2022-02-21 12:03:17,990 - test_case01.py[line:25] - test_case01 - INFO - 请求方式:POST
2022-02-21 12:03:17,990 - test_case01.py[line:26] - test_case01 - INFO - 请求头:yes
2022-02-21 12:03:17,990 - test_case01.py[line:27] - test_case01 - INFO - 依赖:None
2022-02-21 12:03:17,990 - test_case01.py[line:28] - test_case01 - INFO - 依赖的返回数据:None
2022-02-21 12:03:17,990 - test_case01.py[line:29] - test_case01 - INFO - 数据依赖字段:None
2022-02-21 12:03:17,991 - test_case01.py[line:30] - test_case01 - INFO - 预期结果:code
2022-02-21 12:03:18,359 - test_case01.py[line:33] - test_case01 - INFO - 返回结果为:{"code": "0000", "msg": "success", "data": true}
2022-02-21 12:03:18,360 - test_case01.py[line:21] - test_case01 - INFO - 用例序号:testcase_06
2022-02-21 12:03:18,360 - test_case01.py[line:22] - test_case01 - INFO - 用例名称:job_run
2022-02-21 12:03:18,360 - test_case01.py[line:23] - test_case01 - INFO - 请求url:http://uat.drp.orsd.tech/drpapi/monitor/job/run
2022-02-21 12:03:18,360 - test_case01.py[line:24] - test_case01 - INFO - 请求数据:{"id":60}
2022-02-21 12:03:18,360 - test_case01.py[line:25] - test_case01 - INFO - 请求方式:POST
2022-02-21 12:03:18,360 - test_case01.py[line:26] - test_case01 - INFO - 请求头:yes
2022-02-21 12:03:18,360 - test_case01.py[line:27] - test_case01 - INFO - 依赖:None
2022-02-21 12:03:18,360 - test_case01.py[line:28] - test_case01 - INFO - 依赖的返回数据:None
2022-02-21 12:03:18,360 - test_case01.py[line:29] - test_case01 - INFO - 数据依赖字段:None
2022-02-21 12:03:18,360 - test_case01.py[line:30] - test_case01 - INFO - 预期结果:code
2022-02-21 12:03:18,591 - test_case01.py[line:33] - test_case01 - INFO - 返回结果为:{"code": "0000", "msg": "success", "data": true}
