2022-02-16 09:45:59,680 - test_case01.py[line:21] - test_case01 - INFO - 用例序号:testcase_01
2022-02-16 09:45:59,680 - test_case01.py[line:22] - test_case01 - INFO - 用例名称:loginOauth
2022-02-16 09:45:59,680 - test_case01.py[line:23] - test_case01 - INFO - 请求url:http://uat.drp.orsd.tech/drpapi/oauth/loginOauth
2022-02-16 09:45:59,681 - test_case01.py[line:24] - test_case01 - INFO - 请求数据:{"username":"wuhaiyan", "password":"49ca2906599a55321586de19c9c835e1"}
2022-02-16 09:45:59,681 - test_case01.py[line:25] - test_case01 - INFO - 请求方式:POST
2022-02-16 09:45:59,681 - test_case01.py[line:26] - test_case01 - INFO - 请求头:header
2022-02-16 09:45:59,681 - test_case01.py[line:27] - test_case01 - INFO - 依赖:None
2022-02-16 09:45:59,681 - test_case01.py[line:28] - test_case01 - INFO - 依赖的返回数据:refreshToken
2022-02-16 09:45:59,681 - test_case01.py[line:29] - test_case01 - INFO - 数据依赖字段:None
2022-02-16 09:45:59,681 - test_case01.py[line:30] - test_case01 - INFO - 预期结果:code
2022-02-16 09:45:59,793 - test_case01.py[line:33] - test_case01 - INFO - 返回结果为:{"code": "0000", "msg": "Login was successful.", "data": {"subject": "wuhaiyan", "accessToken": "eyJhbGciOiJIUzUxMiJ9.eyJhdWQiOiIxIiwic3ViIjoid3VoYWl5YW4iLCJleHAiOjE2NDUwMDQ3NjAsImlhdCI6MTY0NDk3NTk2MH0.-wJSPWHtT7zEMgKLZ46iWVM6QHCCpHm2NsBavg0NG0kYYjtEzV2ZKVSXS55R0P_VQShuBEgrtdHbIZSk8Trf0A", "refreshToken": "eyJhbGciOiJIUzUxMiJ9.eyJhdWQiOiIyIiwic3ViIjoid3VoYWl5YW4iLCJleHAiOjE2NDU1ODA3NjAsImlhdCI6MTY0NDk3NTk2MH0.8A_RYAG7I8qRZ8lvh_FoJz44Rdu_1Uo58yke19sQ8ZPHpov8W-7SK0yb5TF6oQs8W5Io0mxznlshAlLCl_F9LQ", "tokenType": "jwt", "expiresIn": 28800000, "scope": "all", "refreshTime": 7100000}}
2022-02-16 09:45:59,794 - test_case01.py[line:21] - test_case01 - INFO - 用例序号:testcase_02
2022-02-16 09:45:59,794 - test_case01.py[line:22] - test_case01 - INFO - 用例名称:refreshOauthToken
2022-02-16 09:45:59,794 - test_case01.py[line:23] - test_case01 - INFO - 请求url:http://uat.drp.orsd.tech/drpapi/oauth/refreshOauthToken
2022-02-16 09:45:59,794 - test_case01.py[line:24] - test_case01 - INFO - 请求数据:None
2022-02-16 09:45:59,794 - test_case01.py[line:25] - test_case01 - INFO - 请求方式:POST
2022-02-16 09:45:59,794 - test_case01.py[line:26] - test_case01 - INFO - 请求头:yes
2022-02-16 09:45:59,794 - test_case01.py[line:27] - test_case01 - INFO - 依赖:case1
2022-02-16 09:45:59,794 - test_case01.py[line:28] - test_case01 - INFO - 依赖的返回数据:refreshToken
2022-02-16 09:45:59,794 - test_case01.py[line:29] - test_case01 - INFO - 数据依赖字段:refreshToken
2022-02-16 09:45:59,794 - test_case01.py[line:30] - test_case01 - INFO - 预期结果:code
2022-02-16 09:45:59,853 - test_case01.py[line:33] - test_case01 - INFO - 返回结果为:{"code": "0000", "msg": "success", "data": {"subject": "wuhaiyan", "accessToken": "eyJhbGciOiJIUzUxMiJ9.eyJhdWQiOiIxIiwic3ViIjoid3VoYWl5YW4iLCJleHAiOjE2NDUwMDQ3NjAsImlhdCI6MTY0NDk3NTk2MH0.-wJSPWHtT7zEMgKLZ46iWVM6QHCCpHm2NsBavg0NG0kYYjtEzV2ZKVSXS55R0P_VQShuBEgrtdHbIZSk8Trf0A", "refreshToken": null, "tokenType": "jwt", "expiresIn": 0, "scope": "all", "refreshTime": 30000}}
2022-02-16 09:45:59,853 - test_case01.py[line:21] - test_case01 - INFO - 用例序号:testcase_03
2022-02-16 09:45:59,853 - test_case01.py[line:22] - test_case01 - INFO - 用例名称:listWarehouse
2022-02-16 09:45:59,853 - test_case01.py[line:23] - test_case01 - INFO - 请求url:http://uat.drp.orsd.tech/drpapi/warehouse/truck/listWarehouse
2022-02-16 09:45:59,853 - test_case01.py[line:24] - test_case01 - INFO - 请求数据:None
2022-02-16 09:45:59,853 - test_case01.py[line:25] - test_case01 - INFO - 请求方式:POST
2022-02-16 09:45:59,853 - test_case01.py[line:26] - test_case01 - INFO - 请求头:yes
2022-02-16 09:45:59,853 - test_case01.py[line:27] - test_case01 - INFO - 依赖:None
2022-02-16 09:45:59,853 - test_case01.py[line:28] - test_case01 - INFO - 依赖的返回数据:None
2022-02-16 09:45:59,853 - test_case01.py[line:29] - test_case01 - INFO - 数据依赖字段:None
2022-02-16 09:45:59,854 - test_case01.py[line:30] - test_case01 - INFO - 预期结果:code
2022-02-16 09:45:59,862 - test_case01.py[line:33] - test_case01 - INFO - 返回结果为:{"code": "401", "data": "", "msg": "Your account has expired."}
2022-02-16 09:45:59,863 - test_case01.py[line:21] - test_case01 - INFO - 用例序号:testcase_04
2022-02-16 09:45:59,863 - test_case01.py[line:22] - test_case01 - INFO - 用例名称:make_order
2022-02-16 09:45:59,863 - test_case01.py[line:23] - test_case01 - INFO - 请求url:http://192.168.20.167:9876/usosj_test/order/dealOrders?platform=amazon&storeId=153&orderAmount=1&isImport=no
2022-02-16 09:45:59,863 - test_case01.py[line:24] - test_case01 - INFO - 请求数据:{"platform":"amazon", "storeId":"153", "orderAmount":"1", "isImport":"no"}
2022-02-16 09:45:59,863 - test_case01.py[line:25] - test_case01 - INFO - 请求方式:GET
2022-02-16 09:45:59,863 - test_case01.py[line:26] - test_case01 - INFO - 请求头:yes
2022-02-16 09:45:59,863 - test_case01.py[line:27] - test_case01 - INFO - 依赖:None
2022-02-16 09:45:59,863 - test_case01.py[line:28] - test_case01 - INFO - 依赖的返回数据:None
2022-02-16 09:45:59,863 - test_case01.py[line:29] - test_case01 - INFO - 数据依赖字段:None
2022-02-16 09:45:59,863 - test_case01.py[line:30] - test_case01 - INFO - 预期结果:code
2022-02-16 09:45:59,879 - test_case01.py[line:33] - test_case01 - INFO - 返回结果为:{"timestamp": "2022-02-16T01:45:59.909+0000", "status": 405, "error": "Method Not Allowed", "message": "Request method 'POST' not supported", "path": "/usosj_test/order/dealOrders"}
2022-02-16 09:45:59,880 - test_case01.py[line:21] - test_case01 - INFO - 用例序号:testcase_05
2022-02-16 09:45:59,880 - test_case01.py[line:22] - test_case01 - INFO - 用例名称:edit_order
2022-02-16 09:45:59,880 - test_case01.py[line:23] - test_case01 - INFO - 请求url:http://uat.drp.orsd.tech/drpapi/monitor/job/edit
2022-02-16 09:45:59,880 - test_case01.py[line:24] - test_case01 - INFO - 请求数据:{"id":60,"jobName":"callStoreProcOrderImportPickUpTask","jobGroup":"OrderImport","methodName":"runParams","methodParams":"[153]","cronExpression":"0 20/45 * ? * *","misfirePolicy":3,"status":2,"duringRunPolicy":2,"remark":"上门取货平台订单导入","deleteIdList":null}
2022-02-16 09:45:59,880 - test_case01.py[line:25] - test_case01 - INFO - 请求方式:POST
2022-02-16 09:45:59,880 - test_case01.py[line:26] - test_case01 - INFO - 请求头:yes
2022-02-16 09:45:59,880 - test_case01.py[line:27] - test_case01 - INFO - 依赖:None
2022-02-16 09:45:59,880 - test_case01.py[line:28] - test_case01 - INFO - 依赖的返回数据:None
2022-02-16 09:45:59,880 - test_case01.py[line:29] - test_case01 - INFO - 数据依赖字段:None
2022-02-16 09:45:59,880 - test_case01.py[line:30] - test_case01 - INFO - 预期结果:code
2022-02-16 09:45:59,884 - test_case01.py[line:21] - test_case01 - INFO - 用例序号:testcase_06
2022-02-16 09:45:59,884 - test_case01.py[line:22] - test_case01 - INFO - 用例名称:job_run
2022-02-16 09:45:59,885 - test_case01.py[line:23] - test_case01 - INFO - 请求url:http://uat.drp.orsd.tech/drpapi/monitor/job/run
2022-02-16 09:45:59,885 - test_case01.py[line:24] - test_case01 - INFO - 请求数据:{"id":60}
2022-02-16 09:45:59,885 - test_case01.py[line:25] - test_case01 - INFO - 请求方式:POST
2022-02-16 09:45:59,885 - test_case01.py[line:26] - test_case01 - INFO - 请求头:yes
2022-02-16 09:45:59,885 - test_case01.py[line:27] - test_case01 - INFO - 依赖:None
2022-02-16 09:45:59,885 - test_case01.py[line:28] - test_case01 - INFO - 依赖的返回数据:None
2022-02-16 09:45:59,885 - test_case01.py[line:29] - test_case01 - INFO - 数据依赖字段:None
2022-02-16 09:45:59,885 - test_case01.py[line:30] - test_case01 - INFO - 预期结果:code
2022-02-16 09:45:59,894 - test_case01.py[line:33] - test_case01 - INFO - 返回结果为:{"code": "401", "data": "", "msg": "Your account has expired."}
