2022-02-09 18:14:09,898 - test_case01.py[line:22] - test_case01 - INFO - 开始执行测试用例:api_001
2022-02-09 18:14:09,898 - test_case01.py[line:23] - test_case01 - INFO - 测试功能点为:查询信息
2022-02-09 18:14:09,898 - test_case01.py[line:24] - test_case01 - INFO - 测试用例前置条件为:None
2022-02-09 18:14:09,898 - test_case01.py[line:25] - test_case01 - INFO - 测试用例依赖key为:None
2022-02-09 18:14:09,898 - test_case01.py[line:26] - test_case01 - INFO - 测试url为:http://api.nnzhp.cn/api/user/stu_info
2022-02-09 18:14:09,898 - test_case01.py[line:27] - test_case01 - INFO - 请求方法为:GET
2022-02-09 18:14:09,901 - test_case01.py[line:28] - test_case01 - INFO - 测试结果判断方法为:message_code
2022-02-09 18:14:09,901 - test_case01.py[line:29] - test_case01 - INFO - 测试预期结果为:{'error_code': 2, 'msg': '无结果'}
2022-02-09 18:14:09,939 - test_case01.py[line:22] - test_case01 - INFO - 开始执行测试用例:api_002
2022-02-09 18:14:09,939 - test_case01.py[line:23] - test_case01 - INFO - 测试功能点为:查询信息
2022-02-09 18:14:09,939 - test_case01.py[line:24] - test_case01 - INFO - 测试用例前置条件为:None
2022-02-09 18:14:09,939 - test_case01.py[line:25] - test_case01 - INFO - 测试用例依赖key为:None
2022-02-09 18:14:09,940 - test_case01.py[line:26] - test_case01 - INFO - 测试url为:http://api.nnzhp.cn/api/user/stu_info
2022-02-09 18:14:09,940 - test_case01.py[line:27] - test_case01 - INFO - 请求方法为:GET
2022-02-09 18:14:09,940 - test_case01.py[line:28] - test_case01 - INFO - 测试结果判断方法为:message_code
2022-02-09 18:14:09,940 - test_case01.py[line:29] - test_case01 - INFO - 测试预期结果为:{'error_code': 3001, 'msg': '必填参数未填！请查看接口文档！'}
2022-02-09 18:14:09,977 - test_case01.py[line:22] - test_case01 - INFO - 开始执行测试用例:api_003
2022-02-09 18:14:09,977 - test_case01.py[line:23] - test_case01 - INFO - 测试功能点为:查询信息
2022-02-09 18:14:09,977 - test_case01.py[line:24] - test_case01 - INFO - 测试用例前置条件为:None
2022-02-09 18:14:09,977 - test_case01.py[line:25] - test_case01 - INFO - 测试用例依赖key为:None
2022-02-09 18:14:09,977 - test_case01.py[line:26] - test_case01 - INFO - 测试url为:http://api.nnzhp.cn/api/user/stu_info
2022-02-09 18:14:09,977 - test_case01.py[line:27] - test_case01 - INFO - 请求方法为:GET
2022-02-09 18:14:09,977 - test_case01.py[line:28] - test_case01 - INFO - 测试结果判断方法为:json
2022-02-09 18:14:09,977 - test_case01.py[line:29] - test_case01 - INFO - 测试预期结果为:{'error_code': 0, 'stu_info': [{'id': 1000199, 'name': '0', 'sex': '?', 'age': 22, 'addr': '北京市昌平区', 'grade': '0', 'phone': '12345678924', 'gold': 100}, {'id': 1000239, 'name': '0', 'sex': '?', 'age': 22, 'addr': '北京市昌平区', 'grade': '0', 'phone': '12345638924', 'gold': 100}]}

2022-02-09 18:14:10,015 - test_case01.py[line:22] - test_case01 - INFO - 开始执行测试用例:api_004
2022-02-09 18:14:10,015 - test_case01.py[line:23] - test_case01 - INFO - 测试功能点为:查询信息
2022-02-09 18:14:10,015 - test_case01.py[line:24] - test_case01 - INFO - 测试用例前置条件为:None
2022-02-09 18:14:10,015 - test_case01.py[line:25] - test_case01 - INFO - 测试用例依赖key为:None
2022-02-09 18:14:10,015 - test_case01.py[line:26] - test_case01 - INFO - 测试url为:http://api.nnzhp.cn/api/user/stu_info
2022-02-09 18:14:10,015 - test_case01.py[line:27] - test_case01 - INFO - 请求方法为:GET
2022-02-09 18:14:10,015 - test_case01.py[line:28] - test_case01 - INFO - 测试结果判断方法为:json
2022-02-09 18:14:10,015 - test_case01.py[line:29] - test_case01 - INFO - 测试预期结果为:{'error_code': 2, 'msg': '无结果'}
2022-02-09 18:14:10,049 - test_case01.py[line:22] - test_case01 - INFO - 开始执行测试用例:api_006
2022-02-09 18:14:10,049 - test_case01.py[line:23] - test_case01 - INFO - 测试功能点为:查询信息
2022-02-09 18:14:10,050 - test_case01.py[line:24] - test_case01 - INFO - 测试用例前置条件为:None
2022-02-09 18:14:10,050 - test_case01.py[line:25] - test_case01 - INFO - 测试用例依赖key为:None
2022-02-09 18:14:10,050 - test_case01.py[line:26] - test_case01 - INFO - 测试url为:http://api.nnzhp.cn/api/user/stu_info
2022-02-09 18:14:10,050 - test_case01.py[line:27] - test_case01 - INFO - 请求方法为:GET
2022-02-09 18:14:10,050 - test_case01.py[line:28] - test_case01 - INFO - 测试结果判断方法为:json
2022-02-09 18:14:10,050 - test_case01.py[line:29] - test_case01 - INFO - 测试预期结果为:{'error_code': 2, 'msg': '无结果'}
