2022-02-24 19:28:21,126 - test_case01.py[line:21] - test_case01 - INFO - 用例序号:testcase_01
2022-02-24 19:28:21,126 - test_case01.py[line:22] - test_case01 - INFO - 用例名称:loginOauth
2022-02-24 19:28:21,126 - test_case01.py[line:23] - test_case01 - INFO - 请求url:http://uat.drp.orsd.tech/drpapi/oauth/loginOauth
2022-02-24 19:28:21,126 - test_case01.py[line:24] - test_case01 - INFO - 请求数据:{"username":"wuhaiyan", "password":"49ca2906599a55321586de19c9c835e1"}
2022-02-24 19:28:21,126 - test_case01.py[line:25] - test_case01 - INFO - 请求方式:POST
2022-02-24 19:28:21,126 - test_case01.py[line:26] - test_case01 - INFO - 请求头:header
2022-02-24 19:28:21,126 - test_case01.py[line:27] - test_case01 - INFO - 依赖:None
2022-02-24 19:28:21,126 - test_case01.py[line:28] - test_case01 - INFO - 依赖的返回数据:refreshToken
2022-02-24 19:28:21,126 - test_case01.py[line:29] - test_case01 - INFO - 数据依赖字段:None
2022-02-24 19:28:21,126 - test_case01.py[line:30] - test_case01 - INFO - 预期结果:code
2022-02-24 19:28:21,289 - test_case01.py[line:33] - test_case01 - INFO - 返回结果为:{"code": "0000", "msg": "Login was successful.", "data": {"subject": "wuhaiyan", "accessToken": "eyJhbGciOiJIUzUxMiJ9.eyJhdWQiOiIxIiwic3ViIjoid3VoYWl5YW4iLCJleHAiOjE2NDU3MzA5MDEsImlhdCI6MTY0NTcwMjEwMX0.VA7-sz2zDQgTK7apqp_opj_nQMGXnodAX2Osg8nuYInwMm7VxMLTUZl4Hi1XInlF3Y0coqgCfXza6lJ_MbRqGw", "refreshToken": "eyJhbGciOiJIUzUxMiJ9.eyJhdWQiOiIyIiwic3ViIjoid3VoYWl5YW4iLCJleHAiOjE2NDYzMDY5MDEsImlhdCI6MTY0NTcwMjEwMX0.DcENAdTbcuRWyojYB0cmuEx9oSGsg1tt0dVLJBfWj4bloqXAH_mmqa257p9LHxVJ2ucgokRsB1ecnvhPu1eMMg", "tokenType": "jwt", "expiresIn": 28800000, "scope": "all", "refreshTime": 7100000}}
2022-02-24 19:28:21,290 - test_case01.py[line:21] - test_case01 - INFO - 用例序号:testcase_02
2022-02-24 19:28:21,290 - test_case01.py[line:22] - test_case01 - INFO - 用例名称:refreshOauthToken
2022-02-24 19:28:21,290 - test_case01.py[line:23] - test_case01 - INFO - 请求url:http://uat.drp.orsd.tech/drpapi/oauth/refreshOauthToken
2022-02-24 19:28:21,290 - test_case01.py[line:24] - test_case01 - INFO - 请求数据:None
2022-02-24 19:28:21,290 - test_case01.py[line:25] - test_case01 - INFO - 请求方式:POST
2022-02-24 19:28:21,290 - test_case01.py[line:26] - test_case01 - INFO - 请求头:yes
2022-02-24 19:28:21,290 - test_case01.py[line:27] - test_case01 - INFO - 依赖:case1
2022-02-24 19:28:21,290 - test_case01.py[line:28] - test_case01 - INFO - 依赖的返回数据:refreshToken
2022-02-24 19:28:21,290 - test_case01.py[line:29] - test_case01 - INFO - 数据依赖字段:refreshToken
2022-02-24 19:28:21,290 - test_case01.py[line:30] - test_case01 - INFO - 预期结果:code
2022-02-24 19:28:21,346 - test_case01.py[line:33] - test_case01 - INFO - 返回结果为:{"code": "0000", "msg": "success", "data": {"subject": "wuhaiyan", "accessToken": "eyJhbGciOiJIUzUxMiJ9.eyJhdWQiOiIxIiwic3ViIjoid3VoYWl5YW4iLCJleHAiOjE2NDU3MzA5MDEsImlhdCI6MTY0NTcwMjEwMX0.VA7-sz2zDQgTK7apqp_opj_nQMGXnodAX2Osg8nuYInwMm7VxMLTUZl4Hi1XInlF3Y0coqgCfXza6lJ_MbRqGw", "refreshToken": null, "tokenType": "jwt", "expiresIn": 0, "scope": "all", "refreshTime": 30000}}
2022-02-24 19:28:21,347 - test_case01.py[line:21] - test_case01 - INFO - 用例序号:testcase_03
2022-02-24 19:28:21,347 - test_case01.py[line:22] - test_case01 - INFO - 用例名称:listWarehouse
2022-02-24 19:28:21,347 - test_case01.py[line:23] - test_case01 - INFO - 请求url:http://uat.drp.orsd.tech/drpapi/warehouse/truck/listWarehouse
2022-02-24 19:28:21,347 - test_case01.py[line:24] - test_case01 - INFO - 请求数据:None
2022-02-24 19:28:21,348 - test_case01.py[line:25] - test_case01 - INFO - 请求方式:POST
2022-02-24 19:28:21,348 - test_case01.py[line:26] - test_case01 - INFO - 请求头:yes
2022-02-24 19:28:21,348 - test_case01.py[line:27] - test_case01 - INFO - 依赖:None
2022-02-24 19:28:21,348 - test_case01.py[line:28] - test_case01 - INFO - 依赖的返回数据:None
2022-02-24 19:28:21,348 - test_case01.py[line:29] - test_case01 - INFO - 数据依赖字段:None
2022-02-24 19:28:21,348 - test_case01.py[line:30] - test_case01 - INFO - 预期结果:code
2022-02-24 19:28:21,635 - test_case01.py[line:33] - test_case01 - INFO - 返回结果为:{"code": "0000", "msg": "success", "data": [{"code": 1, "description": "CA1", "qty": null, "url": null}, {"code": 18, "description": "NJ1", "qty": null, "url": null}, {"code": 50, "description": "NJ2", "qty": null, "url": null}, {"code": 52, "description": "CA2", "qty": null, "url": null}, {"code": 58, "description": "AT1", "qty": null, "url": null}, {"code": 62, "description": "CA3", "qty": null, "url": null}, {"code": 64, "description": "NJ3", "qty": null, "url": null}, {"code": 66, "description": "CAL1", "qty": null, "url": null}, {"code": 68, "description": "AT2", "qty": null, "url": null}, {"code": 72, "description": "CA4", "qty": null, "url": null}, {"code": 76, "description": "NJ4", "qty": null, "url": null}, {"code": 80, "description": "ATX4", "qty": null, "url": null}]}
2022-02-24 19:28:21,635 - test_case01.py[line:21] - test_case01 - INFO - 用例序号:testcase_04
2022-02-24 19:28:21,635 - test_case01.py[line:22] - test_case01 - INFO - 用例名称:make_order
2022-02-24 19:28:21,635 - test_case01.py[line:23] - test_case01 - INFO - 请求url:http://192.168.20.167:9876/usosj_test/order/dealOrders?platform=amazon&storeId=153&orderAmount=1&isImport=no
2022-02-24 19:28:21,635 - test_case01.py[line:24] - test_case01 - INFO - 请求数据:{"platform":"amazon", "storeId":"153", "orderAmount":"1", "isImport":"no"}
2022-02-24 19:28:21,635 - test_case01.py[line:25] - test_case01 - INFO - 请求方式:GET
2022-02-24 19:28:21,635 - test_case01.py[line:26] - test_case01 - INFO - 请求头:yes
2022-02-24 19:28:21,635 - test_case01.py[line:27] - test_case01 - INFO - 依赖:None
2022-02-24 19:28:21,635 - test_case01.py[line:28] - test_case01 - INFO - 依赖的返回数据:None
2022-02-24 19:28:21,635 - test_case01.py[line:29] - test_case01 - INFO - 数据依赖字段:None
2022-02-24 19:28:21,635 - test_case01.py[line:30] - test_case01 - INFO - 预期结果:code
2022-02-24 19:28:21,723 - test_case01.py[line:33] - test_case01 - INFO - 返回结果为:{"code": "200", "filePath": "/wosSysFile/testOrderExcel/amazon-20220224032819.xlsx", "orderList": [{"orderId": "113-5620313-4135317", "ordersFrom": "", "storeName": "Buymax", "orderDate": "2021-09-24 15:17", "shipName": "Tina Defluiter", "shipCompany": null, "shipAddress1": "50 ROCKLAND WAY", "shipAddress2": "", "shipCity": "SHARPSBURG", "shipState": "GA", "shipZipCode": "30277-2137", "shipCountryCode": "US", "shipPhone": "+1 347-448-3190 ext. 61533", "shipMethod": "Std US D2D Dom", "discountAmount": 0.0, "taxAmount": 0.0, "shipAmount": 48.99, "orderTotal": 298.51, "customerComments": null, "lineItemNumber": 1, "sellerSku": "B09743YYSC", "itemCode": "MS281008AAC-H47", "altItemId": "19938009669258", "description": "Metal Swing Set with Slide , Kids Swing Set Outdoor with Swing Glider,Basketball Hoop ,5 in 1 Outdoor Tolddler Swing Set for Backyard ,Multiple Kids Playground Swing Set for Boys, Girls,Blue   Yellow", "qty": 1, "itemUnitPrice": 229.99, "itemUnitDiscount": 0.0, "itemUnitWeight": null, "storeId": 153, "orderNumber": null, "isExported": null, "sku": "MS281008AAC-001", "itemShipAmount": 48.99, "itemTax": 16.1, "billEmail": "8rlh8kpp59ddm2s@marketplace.amazon.com", "stockOut": null, "addressType": "Residential", "creationDate": "2022-02-24 03:28:19.536", "shippingTax": 3.43, "scheduledDeliveryStartDate": "", "scheduledDeliveryEndDate": "", "promiseResponseDueDate": "", "earliestShipDate": "2021-09-02 12:00", "latestShipDate": "2021-08-27 23:59", "earliestDeliveryDate": "2021-08-08 12:00", "latestDeliveryDate": "2021-09-22 23:59", "billName": "Tina Defluiter", "billCompany": null, "billAddress1": null, "billAddress2": null, "billCity": null, "billState": null, "billZipCode": null, "billCountryCode": null, "billPhone": null}], "operationResult": "\u63d2\u5165\u8bb0\u5f55\u6761\u6570 = 1, \u8c03\u6574\u5e93\u5b58\u7ed3\u679c = success"}
2022-02-24 19:28:21,736 - test_case01.py[line:21] - test_case01 - INFO - 用例序号:testcase_05
2022-02-24 19:28:21,736 - test_case01.py[line:22] - test_case01 - INFO - 用例名称:edit_order
2022-02-24 19:28:21,736 - test_case01.py[line:23] - test_case01 - INFO - 请求url:http://uat.drp.orsd.tech/drpapi/monitor/job/edit
2022-02-24 19:28:21,736 - test_case01.py[line:24] - test_case01 - INFO - 请求数据:{"id":60,"jobName":"callStoreProcOrderImportPickUpTask","jobGroup":"OrderImport","methodName":"runParams","methodParams":"[153]","cronExpression":"0 20/45 * ? * *","misfirePolicy":3,"status":2,"duringRunPolicy":2,"deleteIdList":null}
2022-02-24 19:28:21,736 - test_case01.py[line:25] - test_case01 - INFO - 请求方式:POST
2022-02-24 19:28:21,736 - test_case01.py[line:26] - test_case01 - INFO - 请求头:yes
2022-02-24 19:28:21,736 - test_case01.py[line:27] - test_case01 - INFO - 依赖:None
2022-02-24 19:28:21,737 - test_case01.py[line:28] - test_case01 - INFO - 依赖的返回数据:None
2022-02-24 19:28:21,737 - test_case01.py[line:29] - test_case01 - INFO - 数据依赖字段:None
2022-02-24 19:28:21,737 - test_case01.py[line:30] - test_case01 - INFO - 预期结果:code
2022-02-24 19:28:22,172 - test_case01.py[line:33] - test_case01 - INFO - 返回结果为:{"code": "0000", "msg": "success", "data": true}
2022-02-24 19:28:22,172 - test_case01.py[line:21] - test_case01 - INFO - 用例序号:testcase_06
2022-02-24 19:28:22,172 - test_case01.py[line:22] - test_case01 - INFO - 用例名称:job_run
2022-02-24 19:28:22,173 - test_case01.py[line:23] - test_case01 - INFO - 请求url:http://uat.drp.orsd.tech/drpapi/monitor/job/run
2022-02-24 19:28:22,173 - test_case01.py[line:24] - test_case01 - INFO - 请求数据:{"id":60}
2022-02-24 19:28:22,173 - test_case01.py[line:25] - test_case01 - INFO - 请求方式:POST
2022-02-24 19:28:22,173 - test_case01.py[line:26] - test_case01 - INFO - 请求头:yes
2022-02-24 19:28:22,173 - test_case01.py[line:27] - test_case01 - INFO - 依赖:None
2022-02-24 19:28:22,173 - test_case01.py[line:28] - test_case01 - INFO - 依赖的返回数据:None
2022-02-24 19:28:22,173 - test_case01.py[line:29] - test_case01 - INFO - 数据依赖字段:None
2022-02-24 19:28:22,173 - test_case01.py[line:30] - test_case01 - INFO - 预期结果:code
2022-02-24 19:28:22,399 - test_case01.py[line:33] - test_case01 - INFO - 返回结果为:{"code": "0000", "msg": "success", "data": true}
