2022-03-24 19:42:02,868 - test_case01.py[line:23] - test_case01 - INFO - 
                         _    _         _      _____         _
          __ _ _ __ (_)  / \  _   _| |_ __|_   _|__  ___| |_
         / _` | '_ \| | / _ \| | | | __/ _ \| |/ _ \/ __| __|
        | (_| | |_) | |/ ___ \ |_| | || (_) | |  __/\__ \ |_
         \__,_| .__/|_/_/   \_\__,_|\__\___/|_|\___||___/\__|
              |_|
              Starting      ...     ...     ...
            
2022-03-24 19:42:02,868 - test_case01.py[line:32] - test_case01 - INFO - 用例序号:testcase_01
2022-03-24 19:42:02,868 - test_case01.py[line:33] - test_case01 - INFO - 用例名称:loginOauth
2022-03-24 19:42:02,871 - test_case01.py[line:34] - test_case01 - INFO - 请求url:http://uat.drp.orsd.tech/drpapi/oauth/loginOauth
2022-03-24 19:42:02,871 - test_case01.py[line:35] - test_case01 - INFO - 请求数据:{"username":"wuhaiyan", "password":"49ca2906599a55321586de19c9c835e1"}
2022-03-24 19:42:02,871 - test_case01.py[line:36] - test_case01 - INFO - 请求方式:POST
2022-03-24 19:42:02,871 - test_case01.py[line:37] - test_case01 - INFO - 请求头:header
2022-03-24 19:42:02,871 - test_case01.py[line:38] - test_case01 - INFO - 依赖:None
2022-03-24 19:42:02,871 - test_case01.py[line:39] - test_case01 - INFO - 依赖的返回数据:refreshToken
2022-03-24 19:42:02,871 - test_case01.py[line:40] - test_case01 - INFO - 数据依赖字段:None
2022-03-24 19:42:02,871 - test_case01.py[line:41] - test_case01 - INFO - 预期结果:code
2022-03-24 19:42:03,067 - test_case01.py[line:81] - test_case01 - INFO - 返回结果为:{
  "code": "0000",
  "data": {
    "accessToken": "eyJhbGciOiJIUzUxMiJ9.eyJhdWQiOiIxIiwic3ViIjoid3VoYWl5YW4iLCJleHAiOjE2NDgxNTA5MjMsImlhdCI6MTY0ODEyMjEyM30.2J5Jt4Yncvh7ZsNzIuQNMJYOtFC8ofuFC5_8X5H6hwFJPEKz9RQ4xZkCPHyN2oSJ5YaBINsAZeTshBAY5u5iBw",
    "expiresIn": 28800000,
    "refreshTime": 7100000,
    "refreshToken": "eyJhbGciOiJIUzUxMiJ9.eyJhdWQiOiIyIiwic3ViIjoid3VoYWl5YW4iLCJleHAiOjE2NDg3MjY5MjMsImlhdCI6MTY0ODEyMjEyM30._6B3G5C0pTgpHZq-9gX13f_WclIkiIbVznE4IgA1CDyCeGxin_KZ5HkfRzjj1KyoHDXTJqdrg_svxQ67mozQGw",
    "scope": "all",
    "subject": "wuhaiyan",
    "tokenType": "jwt"
  },
  "msg": "Login was successful."
}
2022-03-24 19:42:03,068 - test_case01.py[line:23] - test_case01 - INFO - 
                         _    _         _      _____         _
          __ _ _ __ (_)  / \  _   _| |_ __|_   _|__  ___| |_
         / _` | '_ \| | / _ \| | | | __/ _ \| |/ _ \/ __| __|
        | (_| | |_) | |/ ___ \ |_| | || (_) | |  __/\__ \ |_
         \__,_| .__/|_/_/   \_\__,_|\__\___/|_|\___||___/\__|
              |_|
              Starting      ...     ...     ...
            
2022-03-24 19:42:03,068 - test_case01.py[line:32] - test_case01 - INFO - 用例序号:testcase_02
2022-03-24 19:42:03,068 - test_case01.py[line:33] - test_case01 - INFO - 用例名称:refreshOauthToken
2022-03-24 19:42:03,068 - test_case01.py[line:34] - test_case01 - INFO - 请求url:http://uat.drp.orsd.tech/drpapi/oauth/refreshOauthToken
2022-03-24 19:42:03,068 - test_case01.py[line:35] - test_case01 - INFO - 请求数据:None
2022-03-24 19:42:03,068 - test_case01.py[line:36] - test_case01 - INFO - 请求方式:POST
2022-03-24 19:42:03,068 - test_case01.py[line:37] - test_case01 - INFO - 请求头:yes
2022-03-24 19:42:03,068 - test_case01.py[line:38] - test_case01 - INFO - 依赖:case1
2022-03-24 19:42:03,068 - test_case01.py[line:39] - test_case01 - INFO - 依赖的返回数据:refreshToken
2022-03-24 19:42:03,068 - test_case01.py[line:40] - test_case01 - INFO - 数据依赖字段:refreshToken
2022-03-24 19:42:03,068 - test_case01.py[line:41] - test_case01 - INFO - 预期结果:code
2022-03-24 19:42:03,189 - test_case01.py[line:81] - test_case01 - INFO - 返回结果为:{
  "code": "0000",
  "data": {
    "accessToken": "eyJhbGciOiJIUzUxMiJ9.eyJhdWQiOiIxIiwic3ViIjoid3VoYWl5YW4iLCJleHAiOjE2NDgxNTA5MjMsImlhdCI6MTY0ODEyMjEyM30.2J5Jt4Yncvh7ZsNzIuQNMJYOtFC8ofuFC5_8X5H6hwFJPEKz9RQ4xZkCPHyN2oSJ5YaBINsAZeTshBAY5u5iBw",
    "expiresIn": 0,
    "refreshTime": 30000,
    "refreshToken": null,
    "scope": "all",
    "subject": "wuhaiyan",
    "tokenType": "jwt"
  },
  "msg": "success"
}
2022-03-24 19:42:03,190 - test_case01.py[line:23] - test_case01 - INFO - 
                         _    _         _      _____         _
          __ _ _ __ (_)  / \  _   _| |_ __|_   _|__  ___| |_
         / _` | '_ \| | / _ \| | | | __/ _ \| |/ _ \/ __| __|
        | (_| | |_) | |/ ___ \ |_| | || (_) | |  __/\__ \ |_
         \__,_| .__/|_/_/   \_\__,_|\__\___/|_|\___||___/\__|
              |_|
              Starting      ...     ...     ...
            
2022-03-24 19:42:03,190 - test_case01.py[line:32] - test_case01 - INFO - 用例序号:testcase_03
2022-03-24 19:42:03,190 - test_case01.py[line:33] - test_case01 - INFO - 用例名称:listWarehouse
2022-03-24 19:42:03,190 - test_case01.py[line:34] - test_case01 - INFO - 请求url:http://uat.drp.orsd.tech/drpapi/warehouse/truck/listWarehouse
2022-03-24 19:42:03,190 - test_case01.py[line:35] - test_case01 - INFO - 请求数据:None
2022-03-24 19:42:03,190 - test_case01.py[line:36] - test_case01 - INFO - 请求方式:POST
2022-03-24 19:42:03,190 - test_case01.py[line:37] - test_case01 - INFO - 请求头:yes
2022-03-24 19:42:03,190 - test_case01.py[line:38] - test_case01 - INFO - 依赖:None
2022-03-24 19:42:03,190 - test_case01.py[line:39] - test_case01 - INFO - 依赖的返回数据:None
2022-03-24 19:42:03,190 - test_case01.py[line:40] - test_case01 - INFO - 数据依赖字段:None
2022-03-24 19:42:03,190 - test_case01.py[line:41] - test_case01 - INFO - 预期结果:code
2022-03-24 19:42:03,583 - test_case01.py[line:81] - test_case01 - INFO - 返回结果为:{
  "code": "0000",
  "data": [
    {
      "code": 1,
      "description": "CA1",
      "qty": null,
      "url": null
    },
    {
      "code": 18,
      "description": "NJ1",
      "qty": null,
      "url": null
    },
    {
      "code": 50,
      "description": "NJ2",
      "qty": null,
      "url": null
    },
    {
      "code": 52,
      "description": "CA2",
      "qty": null,
      "url": null
    },
    {
      "code": 58,
      "description": "AT1",
      "qty": null,
      "url": null
    },
    {
      "code": 62,
      "description": "CA3",
      "qty": null,
      "url": null
    },
    {
      "code": 64,
      "description": "NJ3",
      "qty": null,
      "url": null
    },
    {
      "code": 66,
      "description": "CAL1",
      "qty": null,
      "url": null
    },
    {
      "code": 68,
      "description": "AT2",
      "qty": null,
      "url": null
    },
    {
      "code": 72,
      "description": "CA4",
      "qty": null,
      "url": null
    },
    {
      "code": 76,
      "description": "NJ4",
      "qty": null,
      "url": null
    },
    {
      "code": 78,
      "description": "ATX3",
      "qty": null,
      "url": null
    },
    {
      "code": 80,
      "description": "ATX4",
      "qty": null,
      "url": null
    }
  ],
  "msg": "success"
}
2022-03-24 19:42:03,584 - test_case01.py[line:23] - test_case01 - INFO - 
                         _    _         _      _____         _
          __ _ _ __ (_)  / \  _   _| |_ __|_   _|__  ___| |_
         / _` | '_ \| | / _ \| | | | __/ _ \| |/ _ \/ __| __|
        | (_| | |_) | |/ ___ \ |_| | || (_) | |  __/\__ \ |_
         \__,_| .__/|_/_/   \_\__,_|\__\___/|_|\___||___/\__|
              |_|
              Starting      ...     ...     ...
            
2022-03-24 19:42:03,584 - test_case01.py[line:32] - test_case01 - INFO - 用例序号:testcase_04
2022-03-24 19:42:03,584 - test_case01.py[line:33] - test_case01 - INFO - 用例名称:make_order
2022-03-24 19:42:03,584 - test_case01.py[line:34] - test_case01 - INFO - 请求url:http://192.168.20.167:9876/usosj_test/order/dealOrders?platform=amazon&storeId=153&orderAmount=1&isImport=no
2022-03-24 19:42:03,584 - test_case01.py[line:35] - test_case01 - INFO - 请求数据:{"platform":"amazon", "storeId":"153", "orderAmount":"1", "isImport":"no"}
2022-03-24 19:42:03,585 - test_case01.py[line:36] - test_case01 - INFO - 请求方式:GET
2022-03-24 19:42:03,585 - test_case01.py[line:37] - test_case01 - INFO - 请求头:yes
2022-03-24 19:42:03,585 - test_case01.py[line:38] - test_case01 - INFO - 依赖:None
2022-03-24 19:42:03,585 - test_case01.py[line:39] - test_case01 - INFO - 依赖的返回数据:None
2022-03-24 19:42:03,585 - test_case01.py[line:40] - test_case01 - INFO - 数据依赖字段:None
2022-03-24 19:42:03,585 - test_case01.py[line:41] - test_case01 - INFO - 预期结果:code
2022-03-24 19:42:03,663 - test_case01.py[line:81] - test_case01 - INFO - 返回结果为:{
  "code": "200",
  "filePath": "/wosSysFile/testOrderExcel/amazon-20220324044201.xlsx",
  "operationResult": "插入记录条数 = 1, 调整库存结果 = success",
  "orderList": [
    {
      "addressType": "Residential",
      "altItemId": "34614058266490",
      "billAddress1": null,
      "billAddress2": null,
      "billCity": null,
      "billCompany": null,
      "billCountryCode": null,
      "billEmail": "p8m4l1ycc7c2qrq@marketplace.amazon.com",
      "billName": "Kenneth Wayne Hicks",
      "billPhone": null,
      "billState": null,
      "billZipCode": null,
      "creationDate": "2022-03-24 04:42:01.299",
      "customerComments": null,
      "description": "Merax Adjustable Weight Bench 800 LBS Capacity, Incline Decline Exercise Utility Workout Bench 7+4 Positions Adjustable for Multi-Purpose Home Gym Workout",
      "discountAmount": 0.0,
      "earliestDeliveryDate": "2021-08-04 12:00",
      "earliestShipDate": "2021-10-01 12:00",
      "isExported": null,
      "itemCode": "MS036583AAN_529",
      "itemShipAmount": null,
      "itemTax": 14.0,
      "itemUnitDiscount": 0.0,
      "itemUnitPrice": 199.99,
      "itemUnitWeight": null,
      "latestDeliveryDate": "2021-09-26 23:59",
      "latestShipDate": "2021-09-20 23:59",
      "lineItemNumber": 1,
      "orderDate": "2021-08-11 18:02",
      "orderId": "112-6319314-6439041",
      "orderNumber": null,
      "orderTotal": 213.99,
      "ordersFrom": "",
      "promiseResponseDueDate": "",
      "qty": 1,
      "scheduledDeliveryEndDate": "",
      "scheduledDeliveryStartDate": "",
      "sellerSku": "B0899CLGLP",
      "shipAddress1": "79 TIFFANY TRCE",
      "shipAddress2": "",
      "shipAmount": 0.0,
      "shipCity": "PALMETTO",
      "shipCompany": null,
      "shipCountryCode": "US",
      "shipMethod": "Std US D2D Dom",
      "shipName": "Kenneth Hicks",
      "shipPhone": "+1 210-728-4548 ext. 70340",
      "shipState": "GA",
      "shipZipCode": "30268-8544",
      "shippingTax": null,
      "sku": "MS036583AAB-001",
      "stockOut": null,
      "storeId": 153,
      "storeName": "Buymax",
      "taxAmount": 0.0
    }
  ]
}
2022-03-24 19:42:03,665 - test_case01.py[line:23] - test_case01 - INFO - 
                         _    _         _      _____         _
          __ _ _ __ (_)  / \  _   _| |_ __|_   _|__  ___| |_
         / _` | '_ \| | / _ \| | | | __/ _ \| |/ _ \/ __| __|
        | (_| | |_) | |/ ___ \ |_| | || (_) | |  __/\__ \ |_
         \__,_| .__/|_/_/   \_\__,_|\__\___/|_|\___||___/\__|
              |_|
              Starting      ...     ...     ...
            
2022-03-24 19:42:03,665 - test_case01.py[line:32] - test_case01 - INFO - 用例序号:testcase_05
2022-03-24 19:42:03,665 - test_case01.py[line:33] - test_case01 - INFO - 用例名称:edit_order
2022-03-24 19:42:03,665 - test_case01.py[line:34] - test_case01 - INFO - 请求url:http://uat.drp.orsd.tech/drpapi/monitor/job/edit
2022-03-24 19:42:03,665 - test_case01.py[line:35] - test_case01 - INFO - 请求数据:{"id":60,"jobName":"callStoreProcOrderImportPickUpTask","jobGroup":"OrderImport","methodName":"runParams","methodParams":"[153]","cronExpression":"0 20/45 * ? * *","misfirePolicy":3,"status":2,"duringRunPolicy":2,"deleteIdList":null}
2022-03-24 19:42:03,665 - test_case01.py[line:36] - test_case01 - INFO - 请求方式:POST
2022-03-24 19:42:03,665 - test_case01.py[line:37] - test_case01 - INFO - 请求头:yes
2022-03-24 19:42:03,666 - test_case01.py[line:38] - test_case01 - INFO - 依赖:None
2022-03-24 19:42:03,666 - test_case01.py[line:39] - test_case01 - INFO - 依赖的返回数据:None
2022-03-24 19:42:03,666 - test_case01.py[line:40] - test_case01 - INFO - 数据依赖字段:None
2022-03-24 19:42:03,666 - test_case01.py[line:41] - test_case01 - INFO - 预期结果:code
2022-03-24 19:42:03,972 - test_case01.py[line:81] - test_case01 - INFO - 返回结果为:{
  "code": "0000",
  "data": true,
  "msg": "success"
}
2022-03-24 19:42:03,972 - test_case01.py[line:23] - test_case01 - INFO - 
                         _    _         _      _____         _
          __ _ _ __ (_)  / \  _   _| |_ __|_   _|__  ___| |_
         / _` | '_ \| | / _ \| | | | __/ _ \| |/ _ \/ __| __|
        | (_| | |_) | |/ ___ \ |_| | || (_) | |  __/\__ \ |_
         \__,_| .__/|_/_/   \_\__,_|\__\___/|_|\___||___/\__|
              |_|
              Starting      ...     ...     ...
            
2022-03-24 19:42:03,972 - test_case01.py[line:32] - test_case01 - INFO - 用例序号:testcase_06
2022-03-24 19:42:03,973 - test_case01.py[line:33] - test_case01 - INFO - 用例名称:job_run
2022-03-24 19:42:03,973 - test_case01.py[line:34] - test_case01 - INFO - 请求url:http://uat.drp.orsd.tech/drpapi/monitor/job/run
2022-03-24 19:42:03,973 - test_case01.py[line:35] - test_case01 - INFO - 请求数据:{"id":60}
2022-03-24 19:42:03,973 - test_case01.py[line:36] - test_case01 - INFO - 请求方式:POST
2022-03-24 19:42:03,973 - test_case01.py[line:37] - test_case01 - INFO - 请求头:yes
2022-03-24 19:42:03,973 - test_case01.py[line:38] - test_case01 - INFO - 依赖:None
2022-03-24 19:42:03,973 - test_case01.py[line:39] - test_case01 - INFO - 依赖的返回数据:None
2022-03-24 19:42:03,973 - test_case01.py[line:40] - test_case01 - INFO - 数据依赖字段:None
2022-03-24 19:42:03,973 - test_case01.py[line:41] - test_case01 - INFO - 预期结果:code
2022-03-24 19:42:04,386 - test_case01.py[line:81] - test_case01 - INFO - 返回结果为:{
  "code": "0000",
  "data": true,
  "msg": "success"
}
