2022-02-21 13:11:24,359 - test_case01.py[line:21] - test_case01 - INFO - 用例序号:testcase_01
2022-02-21 13:11:24,359 - test_case01.py[line:22] - test_case01 - INFO - 用例名称:loginOauth
2022-02-21 13:11:24,359 - test_case01.py[line:23] - test_case01 - INFO - 请求url:http://uat.drp.orsd.tech/drpapi/oauth/loginOauth
2022-02-21 13:11:24,359 - test_case01.py[line:24] - test_case01 - INFO - 请求数据:{"username":"wuhaiyan", "password":"49ca2906599a55321586de19c9c835e1"}
2022-02-21 13:11:24,360 - test_case01.py[line:25] - test_case01 - INFO - 请求方式:POST
2022-02-21 13:11:24,360 - test_case01.py[line:26] - test_case01 - INFO - 请求头:header
2022-02-21 13:11:24,362 - test_case01.py[line:27] - test_case01 - INFO - 依赖:None
2022-02-21 13:11:24,362 - test_case01.py[line:28] - test_case01 - INFO - 依赖的返回数据:refreshToken
2022-02-21 13:11:24,362 - test_case01.py[line:29] - test_case01 - INFO - 数据依赖字段:None
2022-02-21 13:11:24,362 - test_case01.py[line:30] - test_case01 - INFO - 预期结果:code
2022-02-21 13:11:24,501 - test_case01.py[line:33] - test_case01 - INFO - 返回结果为:{"code": "0000", "msg": "Login was successful.", "data": {"subject": "wuhaiyan", "accessToken": "eyJhbGciOiJIUzUxMiJ9.eyJhdWQiOiIxIiwic3ViIjoid3VoYWl5YW4iLCJleHAiOjE2NDU0NDkwODQsImlhdCI6MTY0NTQyMDI4NH0.b3BDYXxM6ja1gRklYfEYQkpnMNCl8wSH-rHFWe65kqOfUeANPMbyQE8i_Qoi2FAcrpzv0WM_oavf9yoEAoNr8A", "refreshToken": "eyJhbGciOiJIUzUxMiJ9.eyJhdWQiOiIyIiwic3ViIjoid3VoYWl5YW4iLCJleHAiOjE2NDYwMjUwODQsImlhdCI6MTY0NTQyMDI4NH0.brtns2ucIJzwRWN3CWThB5Dgo5f04rKcwrUw4ob6aWOMq0QRXZFI1L0oC7I4nHs8HbjCHR1fIK4C9mOoB8OUMw", "tokenType": "jwt", "expiresIn": 28800000, "scope": "all", "refreshTime": 7100000}}
2022-02-21 13:11:24,501 - test_case01.py[line:21] - test_case01 - INFO - 用例序号:testcase_02
2022-02-21 13:11:24,501 - test_case01.py[line:22] - test_case01 - INFO - 用例名称:refreshOauthToken
2022-02-21 13:11:24,501 - test_case01.py[line:23] - test_case01 - INFO - 请求url:http://uat.drp.orsd.tech/drpapi/oauth/refreshOauthToken
2022-02-21 13:11:24,501 - test_case01.py[line:24] - test_case01 - INFO - 请求数据:None
2022-02-21 13:11:24,501 - test_case01.py[line:25] - test_case01 - INFO - 请求方式:POST
2022-02-21 13:11:24,501 - test_case01.py[line:26] - test_case01 - INFO - 请求头:yes
2022-02-21 13:11:24,502 - test_case01.py[line:27] - test_case01 - INFO - 依赖:case1
2022-02-21 13:11:24,502 - test_case01.py[line:28] - test_case01 - INFO - 依赖的返回数据:refreshToken
2022-02-21 13:11:24,502 - test_case01.py[line:29] - test_case01 - INFO - 数据依赖字段:refreshToken
2022-02-21 13:11:24,502 - test_case01.py[line:30] - test_case01 - INFO - 预期结果:code
2022-02-21 13:11:24,564 - test_case01.py[line:33] - test_case01 - INFO - 返回结果为:{"code": "0000", "msg": "success", "data": {"subject": "wuhaiyan", "accessToken": "eyJhbGciOiJIUzUxMiJ9.eyJhdWQiOiIxIiwic3ViIjoid3VoYWl5YW4iLCJleHAiOjE2NDU0NDkwODQsImlhdCI6MTY0NTQyMDI4NH0.b3BDYXxM6ja1gRklYfEYQkpnMNCl8wSH-rHFWe65kqOfUeANPMbyQE8i_Qoi2FAcrpzv0WM_oavf9yoEAoNr8A", "refreshToken": null, "tokenType": "jwt", "expiresIn": 0, "scope": "all", "refreshTime": 30000}}
2022-02-21 13:11:24,564 - test_case01.py[line:21] - test_case01 - INFO - 用例序号:testcase_03
2022-02-21 13:11:24,565 - test_case01.py[line:22] - test_case01 - INFO - 用例名称:listWarehouse
2022-02-21 13:11:24,565 - test_case01.py[line:23] - test_case01 - INFO - 请求url:http://uat.drp.orsd.tech/drpapi/warehouse/truck/listWarehouse
2022-02-21 13:11:24,565 - test_case01.py[line:24] - test_case01 - INFO - 请求数据:None
2022-02-21 13:11:24,565 - test_case01.py[line:25] - test_case01 - INFO - 请求方式:POST
2022-02-21 13:11:24,565 - test_case01.py[line:26] - test_case01 - INFO - 请求头:yes
2022-02-21 13:11:24,565 - test_case01.py[line:27] - test_case01 - INFO - 依赖:None
2022-02-21 13:11:24,565 - test_case01.py[line:28] - test_case01 - INFO - 依赖的返回数据:None
2022-02-21 13:11:24,565 - test_case01.py[line:29] - test_case01 - INFO - 数据依赖字段:None
2022-02-21 13:11:24,566 - test_case01.py[line:30] - test_case01 - INFO - 预期结果:code
2022-02-21 13:11:24,911 - test_case01.py[line:33] - test_case01 - INFO - 返回结果为:{"code": "0000", "msg": "success", "data": [{"code": 1, "description": "CA1", "qty": null, "url": null}, {"code": 18, "description": "NJ1", "qty": null, "url": null}, {"code": 50, "description": "NJ2", "qty": null, "url": null}, {"code": 52, "description": "CA2", "qty": null, "url": null}, {"code": 58, "description": "AT1", "qty": null, "url": null}, {"code": 62, "description": "CA3", "qty": null, "url": null}, {"code": 64, "description": "NJ3", "qty": null, "url": null}, {"code": 66, "description": "CAL1", "qty": null, "url": null}, {"code": 68, "description": "AT2", "qty": null, "url": null}, {"code": 72, "description": "CA4", "qty": null, "url": null}, {"code": 76, "description": "NJ4", "qty": null, "url": null}, {"code": 80, "description": "ATX4", "qty": null, "url": null}]}
2022-02-21 13:11:24,911 - test_case01.py[line:21] - test_case01 - INFO - 用例序号:testcase_04
2022-02-21 13:11:24,911 - test_case01.py[line:22] - test_case01 - INFO - 用例名称:make_order
2022-02-21 13:11:24,911 - test_case01.py[line:23] - test_case01 - INFO - 请求url:http://192.168.20.167:9876/usosj_test/order/dealOrders?platform=amazon&storeId=153&orderAmount=1&isImport=no
2022-02-21 13:11:24,911 - test_case01.py[line:24] - test_case01 - INFO - 请求数据:{"platform":"amazon", "storeId":"153", "orderAmount":"1", "isImport":"no"}
2022-02-21 13:11:24,911 - test_case01.py[line:25] - test_case01 - INFO - 请求方式:GET
2022-02-21 13:11:24,912 - test_case01.py[line:26] - test_case01 - INFO - 请求头:yes
2022-02-21 13:11:24,912 - test_case01.py[line:27] - test_case01 - INFO - 依赖:None
2022-02-21 13:11:24,912 - test_case01.py[line:28] - test_case01 - INFO - 依赖的返回数据:None
2022-02-21 13:11:24,912 - test_case01.py[line:29] - test_case01 - INFO - 数据依赖字段:None
2022-02-21 13:11:24,912 - test_case01.py[line:30] - test_case01 - INFO - 预期结果:code
2022-02-21 13:11:24,983 - test_case01.py[line:33] - test_case01 - INFO - 返回结果为:{"code": "200", "filePath": "/wosSysFile/testOrderExcel/amazon-20220220211123.xlsx", "orderList": [{"orderId": "113-8222739-6594319", "ordersFrom": "", "storeName": "Buymax", "orderDate": "2021-07-09 09:11", "shipName": "Adam Lynch", "shipCompany": null, "shipAddress1": "100 OCEANSIDE AVE", "shipAddress2": "", "shipCity": "BREEZY POINT", "shipState": "NY", "shipZipCode": "11697-1801", "shipCountryCode": "US", "shipPhone": "+1 314-282-9402 ext. 59701", "shipMethod": "Std US D2D Dom", "discountAmount": 0.0, "taxAmount": 0.0, "shipAmount": 0.0, "orderTotal": 174.19, "customerComments": null, "lineItemNumber": 1, "sellerSku": "B07FXGBWJ1", "itemCode": "ES186816NAA824", "altItemId": "43859825270730", "description": "Portable Countertop Clear Ice Maker Electric Maker Machine 48 lbs Per Day, Make Real Clear Ice Cubes", "qty": 1, "itemUnitPrice": 159.99, "itemUnitDiscount": 0.0, "itemUnitWeight": null, "storeId": 153, "orderNumber": null, "isExported": null, "sku": "ES186816NAA-001", "itemShipAmount": null, "itemTax": 14.2, "billEmail": "03kgmw9s711486x@marketplace.amazon.com", "stockOut": null, "addressType": "Residential", "creationDate": "2022-02-20 21:11:23.573", "shippingTax": null, "scheduledDeliveryStartDate": "", "scheduledDeliveryEndDate": "", "promiseResponseDueDate": "", "earliestShipDate": "2021-08-07 12:00", "latestShipDate": "2021-07-24 23:59", "earliestDeliveryDate": "2021-08-15 12:00", "latestDeliveryDate": "2021-08-08 23:59", "billName": "Adam Lynch", "billCompany": null, "billAddress1": null, "billAddress2": null, "billCity": null, "billState": null, "billZipCode": null, "billCountryCode": null, "billPhone": null}], "operationResult": "\u63d2\u5165\u8bb0\u5f55\u6761\u6570 = 1, \u8c03\u6574\u5e93\u5b58\u7ed3\u679c = success"}
2022-02-21 13:11:24,985 - test_case01.py[line:21] - test_case01 - INFO - 用例序号:testcase_05
2022-02-21 13:11:24,985 - test_case01.py[line:22] - test_case01 - INFO - 用例名称:edit_order
2022-02-21 13:11:24,985 - test_case01.py[line:23] - test_case01 - INFO - 请求url:http://uat.drp.orsd.tech/drpapi/monitor/job/edit
2022-02-21 13:11:24,985 - test_case01.py[line:24] - test_case01 - INFO - 请求数据:{"id":60,"jobName":"callStoreProcOrderImportPickUpTask","jobGroup":"OrderImport","methodName":"runParams","methodParams":"[153]","cronExpression":"0 20/45 * ? * *","misfirePolicy":3,"status":2,"duringRunPolicy":2,"deleteIdList":null}
2022-02-21 13:11:24,985 - test_case01.py[line:25] - test_case01 - INFO - 请求方式:POST
2022-02-21 13:11:24,986 - test_case01.py[line:26] - test_case01 - INFO - 请求头:yes
2022-02-21 13:11:24,986 - test_case01.py[line:27] - test_case01 - INFO - 依赖:None
2022-02-21 13:11:24,986 - test_case01.py[line:28] - test_case01 - INFO - 依赖的返回数据:None
2022-02-21 13:11:24,986 - test_case01.py[line:29] - test_case01 - INFO - 数据依赖字段:None
2022-02-21 13:11:24,986 - test_case01.py[line:30] - test_case01 - INFO - 预期结果:code
2022-02-21 13:11:25,394 - test_case01.py[line:33] - test_case01 - INFO - 返回结果为:{"code": "0000", "msg": "success", "data": true}
2022-02-21 13:11:25,395 - test_case01.py[line:21] - test_case01 - INFO - 用例序号:testcase_06
2022-02-21 13:11:25,395 - test_case01.py[line:22] - test_case01 - INFO - 用例名称:job_run
2022-02-21 13:11:25,395 - test_case01.py[line:23] - test_case01 - INFO - 请求url:http://uat.drp.orsd.tech/drpapi/monitor/job/run
2022-02-21 13:11:25,395 - test_case01.py[line:24] - test_case01 - INFO - 请求数据:{"id":60}
2022-02-21 13:11:25,395 - test_case01.py[line:25] - test_case01 - INFO - 请求方式:POST
2022-02-21 13:11:25,395 - test_case01.py[line:26] - test_case01 - INFO - 请求头:yes
2022-02-21 13:11:25,395 - test_case01.py[line:27] - test_case01 - INFO - 依赖:None
2022-02-21 13:11:25,395 - test_case01.py[line:28] - test_case01 - INFO - 依赖的返回数据:None
2022-02-21 13:11:25,395 - test_case01.py[line:29] - test_case01 - INFO - 数据依赖字段:None
2022-02-21 13:11:25,395 - test_case01.py[line:30] - test_case01 - INFO - 预期结果:code
2022-02-21 13:11:25,799 - test_case01.py[line:33] - test_case01 - INFO - 返回结果为:{"code": "0000", "msg": "success", "data": true}
