2022-03-24 19:40:56,419 - test_case01.py[line:23] - test_case01 - INFO - 
                         _    _         _      _____         _
          __ _ _ __ (_)  / \  _   _| |_ __|_   _|__  ___| |_
         / _` | '_ \| | / _ \| | | | __/ _ \| |/ _ \/ __| __|
        | (_| | |_) | |/ ___ \ |_| | || (_) | |  __/\__ \ |_
         \__,_| .__/|_/_/   \_\__,_|\__\___/|_|\___||___/\__|
              |_|
              Starting      ...     ...     ...
            
2022-03-24 19:40:56,419 - test_case01.py[line:32] - test_case01 - INFO - 用例序号:testcase_01
2022-03-24 19:40:56,419 - test_case01.py[line:33] - test_case01 - INFO - 用例名称:loginOauth
2022-03-24 19:40:56,422 - test_case01.py[line:34] - test_case01 - INFO - 请求url:http://uat.drp.orsd.tech/drpapi/oauth/loginOauth
2022-03-24 19:40:56,422 - test_case01.py[line:35] - test_case01 - INFO - 请求数据:{"username":"wuhaiyan", "password":"49ca2906599a55321586de19c9c835e1"}
2022-03-24 19:40:56,422 - test_case01.py[line:36] - test_case01 - INFO - 请求方式:POST
2022-03-24 19:40:56,422 - test_case01.py[line:37] - test_case01 - INFO - 请求头:header
2022-03-24 19:40:56,422 - test_case01.py[line:38] - test_case01 - INFO - 依赖:None
2022-03-24 19:40:56,422 - test_case01.py[line:39] - test_case01 - INFO - 依赖的返回数据:refreshToken
2022-03-24 19:40:56,422 - test_case01.py[line:40] - test_case01 - INFO - 数据依赖字段:None
2022-03-24 19:40:56,422 - test_case01.py[line:41] - test_case01 - INFO - 预期结果:code
2022-03-24 19:40:56,663 - test_case01.py[line:81] - test_case01 - INFO - 返回结果为:{
  "code": "0000",
  "data": {
    "accessToken": "eyJhbGciOiJIUzUxMiJ9.eyJhdWQiOiIxIiwic3ViIjoid3VoYWl5YW4iLCJleHAiOjE2NDgxNTA4NTYsImlhdCI6MTY0ODEyMjA1Nn0.H42yYcerIdbOtdQ67R00qmEA8mD2v6Ja9TSUivJVkXZ5XItU0I2dpusrYKJfMbtUeZuyAE5t3-4Le7hqUcCEnQ",
    "expiresIn": 28800000,
    "refreshTime": 7100000,
    "refreshToken": "eyJhbGciOiJIUzUxMiJ9.eyJhdWQiOiIyIiwic3ViIjoid3VoYWl5YW4iLCJleHAiOjE2NDg3MjY4NTYsImlhdCI6MTY0ODEyMjA1Nn0.nlYZj5_Xx-oARkbRwfr1FbFTSNsefeghmpXgyd55S_X4dNrXRI4xzDYP3MZIJRCVXzlMp0N4DHqnK6EZllrTXQ",
    "scope": "all",
    "subject": "wuhaiyan",
    "tokenType": "jwt"
  },
  "msg": "Login was successful."
}
2022-03-24 19:40:56,664 - test_case01.py[line:23] - test_case01 - INFO - 
                         _    _         _      _____         _
          __ _ _ __ (_)  / \  _   _| |_ __|_   _|__  ___| |_
         / _` | '_ \| | / _ \| | | | __/ _ \| |/ _ \/ __| __|
        | (_| | |_) | |/ ___ \ |_| | || (_) | |  __/\__ \ |_
         \__,_| .__/|_/_/   \_\__,_|\__\___/|_|\___||___/\__|
              |_|
              Starting      ...     ...     ...
            
2022-03-24 19:40:56,664 - test_case01.py[line:32] - test_case01 - INFO - 用例序号:testcase_02
2022-03-24 19:40:56,664 - test_case01.py[line:33] - test_case01 - INFO - 用例名称:refreshOauthToken
2022-03-24 19:40:56,664 - test_case01.py[line:34] - test_case01 - INFO - 请求url:http://uat.drp.orsd.tech/drpapi/oauth/refreshOauthToken
2022-03-24 19:40:56,665 - test_case01.py[line:35] - test_case01 - INFO - 请求数据:None
2022-03-24 19:40:56,665 - test_case01.py[line:36] - test_case01 - INFO - 请求方式:POST
2022-03-24 19:40:56,665 - test_case01.py[line:37] - test_case01 - INFO - 请求头:yes
2022-03-24 19:40:56,665 - test_case01.py[line:38] - test_case01 - INFO - 依赖:case1
2022-03-24 19:40:56,665 - test_case01.py[line:39] - test_case01 - INFO - 依赖的返回数据:refreshToken
2022-03-24 19:40:56,665 - test_case01.py[line:40] - test_case01 - INFO - 数据依赖字段:refreshToken
2022-03-24 19:40:56,666 - test_case01.py[line:41] - test_case01 - INFO - 预期结果:code
2022-03-24 19:40:56,743 - test_case01.py[line:81] - test_case01 - INFO - 返回结果为:{
  "code": "0000",
  "data": {
    "accessToken": "eyJhbGciOiJIUzUxMiJ9.eyJhdWQiOiIxIiwic3ViIjoid3VoYWl5YW4iLCJleHAiOjE2NDgxNTA4NTYsImlhdCI6MTY0ODEyMjA1Nn0.H42yYcerIdbOtdQ67R00qmEA8mD2v6Ja9TSUivJVkXZ5XItU0I2dpusrYKJfMbtUeZuyAE5t3-4Le7hqUcCEnQ",
    "expiresIn": 0,
    "refreshTime": 30000,
    "refreshToken": null,
    "scope": "all",
    "subject": "wuhaiyan",
    "tokenType": "jwt"
  },
  "msg": "success"
}
2022-03-24 19:40:56,743 - test_case01.py[line:23] - test_case01 - INFO - 
                         _    _         _      _____         _
          __ _ _ __ (_)  / \  _   _| |_ __|_   _|__  ___| |_
         / _` | '_ \| | / _ \| | | | __/ _ \| |/ _ \/ __| __|
        | (_| | |_) | |/ ___ \ |_| | || (_) | |  __/\__ \ |_
         \__,_| .__/|_/_/   \_\__,_|\__\___/|_|\___||___/\__|
              |_|
              Starting      ...     ...     ...
            
2022-03-24 19:40:56,743 - test_case01.py[line:32] - test_case01 - INFO - 用例序号:testcase_03
2022-03-24 19:40:56,743 - test_case01.py[line:33] - test_case01 - INFO - 用例名称:listWarehouse
2022-03-24 19:40:56,743 - test_case01.py[line:34] - test_case01 - INFO - 请求url:http://uat.drp.orsd.tech/drpapi/warehouse/truck/listWarehouse
2022-03-24 19:40:56,743 - test_case01.py[line:35] - test_case01 - INFO - 请求数据:None
2022-03-24 19:40:56,743 - test_case01.py[line:36] - test_case01 - INFO - 请求方式:POST
2022-03-24 19:40:56,743 - test_case01.py[line:37] - test_case01 - INFO - 请求头:yes
2022-03-24 19:40:56,743 - test_case01.py[line:38] - test_case01 - INFO - 依赖:None
2022-03-24 19:40:56,744 - test_case01.py[line:39] - test_case01 - INFO - 依赖的返回数据:None
2022-03-24 19:40:56,744 - test_case01.py[line:40] - test_case01 - INFO - 数据依赖字段:None
2022-03-24 19:40:56,744 - test_case01.py[line:41] - test_case01 - INFO - 预期结果:code
2022-03-24 19:40:57,273 - test_case01.py[line:81] - test_case01 - INFO - 返回结果为:{
  "code": "0000",
  "data": [
    {
      "code": 1,
      "description": "CA1",
      "qty": null,
      "url": null
    },
    {
      "code": 18,
      "description": "NJ1",
      "qty": null,
      "url": null
    },
    {
      "code": 50,
      "description": "NJ2",
      "qty": null,
      "url": null
    },
    {
      "code": 52,
      "description": "CA2",
      "qty": null,
      "url": null
    },
    {
      "code": 58,
      "description": "AT1",
      "qty": null,
      "url": null
    },
    {
      "code": 62,
      "description": "CA3",
      "qty": null,
      "url": null
    },
    {
      "code": 64,
      "description": "NJ3",
      "qty": null,
      "url": null
    },
    {
      "code": 66,
      "description": "CAL1",
      "qty": null,
      "url": null
    },
    {
      "code": 68,
      "description": "AT2",
      "qty": null,
      "url": null
    },
    {
      "code": 72,
      "description": "CA4",
      "qty": null,
      "url": null
    },
    {
      "code": 76,
      "description": "NJ4",
      "qty": null,
      "url": null
    },
    {
      "code": 78,
      "description": "ATX3",
      "qty": null,
      "url": null
    },
    {
      "code": 80,
      "description": "ATX4",
      "qty": null,
      "url": null
    }
  ],
  "msg": "success"
}
2022-03-24 19:40:57,274 - test_case01.py[line:23] - test_case01 - INFO - 
                         _    _         _      _____         _
          __ _ _ __ (_)  / \  _   _| |_ __|_   _|__  ___| |_
         / _` | '_ \| | / _ \| | | | __/ _ \| |/ _ \/ __| __|
        | (_| | |_) | |/ ___ \ |_| | || (_) | |  __/\__ \ |_
         \__,_| .__/|_/_/   \_\__,_|\__\___/|_|\___||___/\__|
              |_|
              Starting      ...     ...     ...
            
2022-03-24 19:40:57,274 - test_case01.py[line:32] - test_case01 - INFO - 用例序号:testcase_04
2022-03-24 19:40:57,274 - test_case01.py[line:33] - test_case01 - INFO - 用例名称:make_order
2022-03-24 19:40:57,274 - test_case01.py[line:34] - test_case01 - INFO - 请求url:http://192.168.20.167:9876/usosj_test/order/dealOrders?platform=amazon&storeId=153&orderAmount=1&isImport=no
2022-03-24 19:40:57,274 - test_case01.py[line:35] - test_case01 - INFO - 请求数据:{"platform":"amazon", "storeId":"153", "orderAmount":"1", "isImport":"no"}
2022-03-24 19:40:57,274 - test_case01.py[line:36] - test_case01 - INFO - 请求方式:GET
2022-03-24 19:40:57,274 - test_case01.py[line:37] - test_case01 - INFO - 请求头:yes
2022-03-24 19:40:57,274 - test_case01.py[line:38] - test_case01 - INFO - 依赖:None
2022-03-24 19:40:57,274 - test_case01.py[line:39] - test_case01 - INFO - 依赖的返回数据:None
2022-03-24 19:40:57,274 - test_case01.py[line:40] - test_case01 - INFO - 数据依赖字段:None
2022-03-24 19:40:57,274 - test_case01.py[line:41] - test_case01 - INFO - 预期结果:code
2022-03-24 19:40:57,337 - test_case01.py[line:81] - test_case01 - INFO - 返回结果为:{
  "code": "200",
  "filePath": "/wosSysFile/testOrderExcel/amazon-20220324044055.xlsx",
  "operationResult": "插入记录条数 = 1, 调整库存结果 = success",
  "orderList": [
    {
      "addressType": "Residential",
      "altItemId": "06160704872562",
      "billAddress1": null,
      "billAddress2": null,
      "billCity": null,
      "billCompany": null,
      "billCountryCode": null,
      "billEmail": "2s7dr00q35q87tt@marketplace.amazon.com",
      "billName": "Guiana",
      "billPhone": null,
      "billState": null,
      "billZipCode": null,
      "creationDate": "2022-03-24 04:40:54.982",
      "customerComments": null,
      "description": "Merax Easy Assembly Folding Treadmill Motorized Running Jogging Machine (Gray Black)",
      "discountAmount": 0.0,
      "earliestDeliveryDate": "2021-09-23 12:00",
      "earliestShipDate": "2021-08-23 12:00",
      "isExported": null,
      "itemCode": "MS192229AAB_707",
      "itemShipAmount": null,
      "itemTax": 18.85,
      "itemUnitDiscount": 0.0,
      "itemUnitPrice": 259.99,
      "itemUnitWeight": null,
      "latestDeliveryDate": "2021-10-07 23:59",
      "latestShipDate": "2021-09-07 23:59",
      "lineItemNumber": 1,
      "orderDate": "2021-08-18 14:29",
      "orderId": "112-1385104-6059529",
      "orderNumber": null,
      "orderTotal": 278.84,
      "ordersFrom": "",
      "promiseResponseDueDate": "",
      "qty": 1,
      "scheduledDeliveryEndDate": "",
      "scheduledDeliveryStartDate": "",
      "sellerSku": "B071SLBCQY",
      "shipAddress1": "3423 KIMBER DR",
      "shipAddress2": "",
      "shipAmount": 0.0,
      "shipCity": "NEWBURY PARK",
      "shipCompany": null,
      "shipCountryCode": "US",
      "shipMethod": "Std US D2D Dom",
      "shipName": "Guiana Bloom",
      "shipPhone": "+1 763-225-9463 ext. 06217",
      "shipState": "CA",
      "shipZipCode": "91320-4354",
      "shippingTax": null,
      "sku": "MS192229AAE-001",
      "stockOut": null,
      "storeId": 153,
      "storeName": "Buymax",
      "taxAmount": 0.0
    }
  ]
}
2022-03-24 19:40:57,338 - test_case01.py[line:23] - test_case01 - INFO - 
                         _    _         _      _____         _
          __ _ _ __ (_)  / \  _   _| |_ __|_   _|__  ___| |_
         / _` | '_ \| | / _ \| | | | __/ _ \| |/ _ \/ __| __|
        | (_| | |_) | |/ ___ \ |_| | || (_) | |  __/\__ \ |_
         \__,_| .__/|_/_/   \_\__,_|\__\___/|_|\___||___/\__|
              |_|
              Starting      ...     ...     ...
            
2022-03-24 19:40:57,338 - test_case01.py[line:32] - test_case01 - INFO - 用例序号:testcase_05
2022-03-24 19:40:57,338 - test_case01.py[line:33] - test_case01 - INFO - 用例名称:edit_order
2022-03-24 19:40:57,338 - test_case01.py[line:34] - test_case01 - INFO - 请求url:http://uat.drp.orsd.tech/drpapi/monitor/job/edit
2022-03-24 19:40:57,338 - test_case01.py[line:35] - test_case01 - INFO - 请求数据:{"id":60,"jobName":"callStoreProcOrderImportPickUpTask","jobGroup":"OrderImport","methodName":"runParams","methodParams":"[153]","cronExpression":"0 20/45 * ? * *","misfirePolicy":3,"status":2,"duringRunPolicy":2,"deleteIdList":null}
2022-03-24 19:40:57,338 - test_case01.py[line:36] - test_case01 - INFO - 请求方式:POST
2022-03-24 19:40:57,339 - test_case01.py[line:37] - test_case01 - INFO - 请求头:yes
2022-03-24 19:40:57,339 - test_case01.py[line:38] - test_case01 - INFO - 依赖:None
2022-03-24 19:40:57,339 - test_case01.py[line:39] - test_case01 - INFO - 依赖的返回数据:None
2022-03-24 19:40:57,339 - test_case01.py[line:40] - test_case01 - INFO - 数据依赖字段:None
2022-03-24 19:40:57,339 - test_case01.py[line:41] - test_case01 - INFO - 预期结果:code
2022-03-24 19:40:58,940 - test_case01.py[line:81] - test_case01 - INFO - 返回结果为:{
  "code": "0000",
  "data": true,
  "msg": "success"
}
2022-03-24 19:40:58,940 - test_case01.py[line:23] - test_case01 - INFO - 
                         _    _         _      _____         _
          __ _ _ __ (_)  / \  _   _| |_ __|_   _|__  ___| |_
         / _` | '_ \| | / _ \| | | | __/ _ \| |/ _ \/ __| __|
        | (_| | |_) | |/ ___ \ |_| | || (_) | |  __/\__ \ |_
         \__,_| .__/|_/_/   \_\__,_|\__\___/|_|\___||___/\__|
              |_|
              Starting      ...     ...     ...
            
2022-03-24 19:40:58,940 - test_case01.py[line:32] - test_case01 - INFO - 用例序号:testcase_06
2022-03-24 19:40:58,940 - test_case01.py[line:33] - test_case01 - INFO - 用例名称:job_run
2022-03-24 19:40:58,941 - test_case01.py[line:34] - test_case01 - INFO - 请求url:http://uat.drp.orsd.tech/drpapi/monitor/job/run
2022-03-24 19:40:58,941 - test_case01.py[line:35] - test_case01 - INFO - 请求数据:{"id":60}
2022-03-24 19:40:58,941 - test_case01.py[line:36] - test_case01 - INFO - 请求方式:POST
2022-03-24 19:40:58,941 - test_case01.py[line:37] - test_case01 - INFO - 请求头:yes
2022-03-24 19:40:58,941 - test_case01.py[line:38] - test_case01 - INFO - 依赖:None
2022-03-24 19:40:58,941 - test_case01.py[line:39] - test_case01 - INFO - 依赖的返回数据:None
2022-03-24 19:40:58,941 - test_case01.py[line:40] - test_case01 - INFO - 数据依赖字段:None
2022-03-24 19:40:58,941 - test_case01.py[line:41] - test_case01 - INFO - 预期结果:code
2022-03-24 19:40:59,245 - test_case01.py[line:81] - test_case01 - INFO - 返回结果为:{
  "code": "0000",
  "data": true,
  "msg": "success"
}
