2022-02-15 20:02:45,538 - test_case01.py[line:21] - test_case01 - INFO - 用例序号:testcase_01
2022-02-15 20:02:45,539 - test_case01.py[line:22] - test_case01 - INFO - 用例名称:loginOauth
2022-02-15 20:02:45,539 - test_case01.py[line:23] - test_case01 - INFO - 请求url:http://uat.drp.orsd.tech/drpapi/oauth/loginOauth
2022-02-15 20:02:45,539 - test_case01.py[line:24] - test_case01 - INFO - 请求数据:{"username":"wuhaiyan", "password":"49ca2906599a55321586de19c9c835e1"}
2022-02-15 20:02:45,539 - test_case01.py[line:25] - test_case01 - INFO - 请求方式:POST
2022-02-15 20:02:45,539 - test_case01.py[line:26] - test_case01 - INFO - 请求头:header
2022-02-15 20:02:45,539 - test_case01.py[line:27] - test_case01 - INFO - 依赖:None
2022-02-15 20:02:45,539 - test_case01.py[line:28] - test_case01 - INFO - 依赖的返回数据:refreshToken
2022-02-15 20:02:45,539 - test_case01.py[line:29] - test_case01 - INFO - 数据依赖字段:None
2022-02-15 20:02:45,539 - test_case01.py[line:30] - test_case01 - INFO - 预期结果:code
2022-02-15 20:02:45,683 - test_case01.py[line:33] - test_case01 - INFO - 返回结果为:{"code": "0000", "msg": "Login was successful.", "data": {"subject": "wuhaiyan", "accessToken": "eyJhbGciOiJIUzUxMiJ9.eyJhdWQiOiIxIiwic3ViIjoid3VoYWl5YW4iLCJleHAiOjE2NDQ5NTUzNjYsImlhdCI6MTY0NDkyNjU2Nn0.wLN0ykjT1jUHy4jYsT-fYm7Bt3x6ed-fuaN1b7n3JOL74p0PgabfzYeEnPeRJprMud78r30JkxDX5VeS81d26A", "refreshToken": "eyJhbGciOiJIUzUxMiJ9.eyJhdWQiOiIyIiwic3ViIjoid3VoYWl5YW4iLCJleHAiOjE2NDU1MzEzNjYsImlhdCI6MTY0NDkyNjU2Nn0.R2u8CEeeFcY1eCgEFK7qWxcdu9CxNj_LUt9jeudU5J21PskjpeGiCjeGqmX26qbU2Lj_BNr_H3qBtHSrZOln7Q", "tokenType": "jwt", "expiresIn": 28800000, "scope": "all", "refreshTime": 7100000}}
2022-02-15 20:02:45,684 - test_case01.py[line:21] - test_case01 - INFO - 用例序号:testcase_02
2022-02-15 20:02:45,684 - test_case01.py[line:22] - test_case01 - INFO - 用例名称:refreshOauthToken
2022-02-15 20:02:45,684 - test_case01.py[line:23] - test_case01 - INFO - 请求url:http://uat.drp.orsd.tech/drpapi/oauth/refreshOauthToken
2022-02-15 20:02:45,684 - test_case01.py[line:24] - test_case01 - INFO - 请求数据:None
2022-02-15 20:02:45,684 - test_case01.py[line:25] - test_case01 - INFO - 请求方式:POST
2022-02-15 20:02:45,684 - test_case01.py[line:26] - test_case01 - INFO - 请求头:yes
2022-02-15 20:02:45,684 - test_case01.py[line:27] - test_case01 - INFO - 依赖:case1
2022-02-15 20:02:45,684 - test_case01.py[line:28] - test_case01 - INFO - 依赖的返回数据:refreshToken
2022-02-15 20:02:45,684 - test_case01.py[line:29] - test_case01 - INFO - 数据依赖字段:refreshToken
2022-02-15 20:02:45,684 - test_case01.py[line:30] - test_case01 - INFO - 预期结果:code
