2022-02-21 11:58:01,037 - test_case01.py[line:21] - test_case01 - INFO - 用例序号:testcase_01
2022-02-21 11:58:01,037 - test_case01.py[line:22] - test_case01 - INFO - 用例名称:loginOauth
2022-02-21 11:58:01,037 - test_case01.py[line:23] - test_case01 - INFO - 请求url:http://uat.drp.orsd.tech/drpapi/oauth/loginOauth
2022-02-21 11:58:01,037 - test_case01.py[line:24] - test_case01 - INFO - 请求数据:{"username":"wuhaiyan", "password":"49ca2906599a55321586de19c9c835e1"}
2022-02-21 11:58:01,038 - test_case01.py[line:25] - test_case01 - INFO - 请求方式:POST
2022-02-21 11:58:01,038 - test_case01.py[line:26] - test_case01 - INFO - 请求头:header
2022-02-21 11:58:01,040 - test_case01.py[line:27] - test_case01 - INFO - 依赖:None
2022-02-21 11:58:01,040 - test_case01.py[line:28] - test_case01 - INFO - 依赖的返回数据:refreshToken
2022-02-21 11:58:01,041 - test_case01.py[line:29] - test_case01 - INFO - 数据依赖字段:None
2022-02-21 11:58:01,041 - test_case01.py[line:30] - test_case01 - INFO - 预期结果:code
2022-02-21 11:58:01,238 - test_case01.py[line:33] - test_case01 - INFO - 返回结果为:{"code": "0000", "msg": "Login was successful.", "data": {"subject": "wuhaiyan", "accessToken": "eyJhbGciOiJIUzUxMiJ9.eyJhdWQiOiIxIiwic3ViIjoid3VoYWl5YW4iLCJleHAiOjE2NDU0NDQ2NzgsImlhdCI6MTY0NTQxNTg3OH0.LL8OqTtW1WaELMh7QU4R8OFM9Ryp29PzburENZt6TJvwMqI6jvy4wyFhZvynmsopaLmTvjdCstDRsnrajCqfaQ", "refreshToken": "eyJhbGciOiJIUzUxMiJ9.eyJhdWQiOiIyIiwic3ViIjoid3VoYWl5YW4iLCJleHAiOjE2NDYwMjA2NzgsImlhdCI6MTY0NTQxNTg3OH0.34QqXOa5e5bW81MRCiPZtco6Up22pyCAJauzLXFZKDSu0mnFVntbpKiKc-KZe87__gMn46G7P_zFdhhNtGqaEA", "tokenType": "jwt", "expiresIn": 28800000, "scope": "all", "refreshTime": 7100000}}
2022-02-21 11:58:01,238 - test_case01.py[line:21] - test_case01 - INFO - 用例序号:testcase_02
2022-02-21 11:58:01,238 - test_case01.py[line:22] - test_case01 - INFO - 用例名称:refreshOauthToken
2022-02-21 11:58:01,239 - test_case01.py[line:23] - test_case01 - INFO - 请求url:http://uat.drp.orsd.tech/drpapi/oauth/refreshOauthToken
2022-02-21 11:58:01,239 - test_case01.py[line:24] - test_case01 - INFO - 请求数据:None
2022-02-21 11:58:01,239 - test_case01.py[line:25] - test_case01 - INFO - 请求方式:POST
2022-02-21 11:58:01,240 - test_case01.py[line:26] - test_case01 - INFO - 请求头:yes
2022-02-21 11:58:01,240 - test_case01.py[line:27] - test_case01 - INFO - 依赖:case1
2022-02-21 11:58:01,240 - test_case01.py[line:28] - test_case01 - INFO - 依赖的返回数据:refreshToken
2022-02-21 11:58:01,240 - test_case01.py[line:29] - test_case01 - INFO - 数据依赖字段:refreshToken
2022-02-21 11:58:01,240 - test_case01.py[line:30] - test_case01 - INFO - 预期结果:code
2022-02-21 11:58:01,335 - test_case01.py[line:33] - test_case01 - INFO - 返回结果为:{"code": "0000", "msg": "success", "data": {"subject": "wuhaiyan", "accessToken": "eyJhbGciOiJIUzUxMiJ9.eyJhdWQiOiIxIiwic3ViIjoid3VoYWl5YW4iLCJleHAiOjE2NDU0NDQ2NzksImlhdCI6MTY0NTQxNTg3OX0.jeEtt_uDvNYsNMHRlWWey5_j99RYHv6Fb7KaXX6ftV3OcYTq9irEnjySaln9Kgz-D19KV8OOKY8xunkQZPvqYw", "refreshToken": null, "tokenType": "jwt", "expiresIn": 0, "scope": "all", "refreshTime": 30000}}
2022-02-21 11:58:01,335 - test_case01.py[line:21] - test_case01 - INFO - 用例序号:testcase_03
2022-02-21 11:58:01,335 - test_case01.py[line:22] - test_case01 - INFO - 用例名称:listWarehouse
2022-02-21 11:58:01,335 - test_case01.py[line:23] - test_case01 - INFO - 请求url:http://uat.drp.orsd.tech/drpapi/warehouse/truck/listWarehouse
2022-02-21 11:58:01,335 - test_case01.py[line:24] - test_case01 - INFO - 请求数据:None
2022-02-21 11:58:01,335 - test_case01.py[line:25] - test_case01 - INFO - 请求方式:POST
2022-02-21 11:58:01,335 - test_case01.py[line:26] - test_case01 - INFO - 请求头:yes
2022-02-21 11:58:01,335 - test_case01.py[line:27] - test_case01 - INFO - 依赖:None
2022-02-21 11:58:01,335 - test_case01.py[line:28] - test_case01 - INFO - 依赖的返回数据:None
2022-02-21 11:58:01,336 - test_case01.py[line:29] - test_case01 - INFO - 数据依赖字段:None
2022-02-21 11:58:01,336 - test_case01.py[line:30] - test_case01 - INFO - 预期结果:code
2022-02-21 11:58:01,390 - test_case01.py[line:33] - test_case01 - INFO - 返回结果为:{"code": "401", "data": "", "msg": "Your account has been logged in elsewhere,please log in again."}
2022-02-21 11:58:01,391 - test_case01.py[line:21] - test_case01 - INFO - 用例序号:testcase_04
2022-02-21 11:58:01,391 - test_case01.py[line:22] - test_case01 - INFO - 用例名称:make_order
2022-02-21 11:58:01,391 - test_case01.py[line:23] - test_case01 - INFO - 请求url:http://192.168.20.167:9876/usosj_test/order/dealOrders?platform=amazon&storeId=153&orderAmount=1&isImport=no
2022-02-21 11:58:01,391 - test_case01.py[line:24] - test_case01 - INFO - 请求数据:{"platform":"amazon", "storeId":"153", "orderAmount":"1", "isImport":"no"}
2022-02-21 11:58:01,391 - test_case01.py[line:25] - test_case01 - INFO - 请求方式:GET
2022-02-21 11:58:01,391 - test_case01.py[line:26] - test_case01 - INFO - 请求头:yes
2022-02-21 11:58:01,391 - test_case01.py[line:27] - test_case01 - INFO - 依赖:None
2022-02-21 11:58:01,391 - test_case01.py[line:28] - test_case01 - INFO - 依赖的返回数据:None
2022-02-21 11:58:01,391 - test_case01.py[line:29] - test_case01 - INFO - 数据依赖字段:None
2022-02-21 11:58:01,391 - test_case01.py[line:30] - test_case01 - INFO - 预期结果:code
2022-02-21 11:58:01,464 - test_case01.py[line:33] - test_case01 - INFO - 返回结果为:{"code": "200", "filePath": "/wosSysFile/testOrderExcel/amazon-20220220195758.xlsx", "orderList": [{"orderId": "114-7575781-8612692", "ordersFrom": "", "storeName": "Buymax", "orderDate": "2021-07-26 17:13", "shipName": "Mike McKenna", "shipCompany": null, "shipAddress1": "20108 E MISSION AVE", "shipAddress2": "", "shipCity": "LIBERTY LAKE", "shipState": "WA", "shipZipCode": "99016-9497", "shipCountryCode": "US", "shipPhone": "+1 347-448-3190 ext. 56662", "shipMethod": "Std US D2D Dom", "discountAmount": 0.0, "taxAmount": 0.0, "shipAmount": 0.0, "orderTotal": 282.04, "customerComments": null, "lineItemNumber": 1, "sellerSku": "B07QDX6G7H", "itemCode": "MS190423AAB1031", "altItemId": "51770993609346", "description": "Merax Electric Folding Treadmill - Easy Assembly Fitness Motorized Running Jogging Machine with Speakers for Home Use, 12 Preset Programs (Black)", "qty": 1, "itemUnitPrice": 258.99, "itemUnitDiscount": 0.0, "itemUnitWeight": null, "storeId": 153, "orderNumber": null, "isExported": null, "sku": "MS192229AAE-001", "itemShipAmount": null, "itemTax": 23.05, "billEmail": "94zyw7y685n1jw9@marketplace.amazon.com", "stockOut": null, "addressType": "Residential", "creationDate": "2022-02-20 19:57:58.016", "shippingTax": null, "scheduledDeliveryStartDate": "", "scheduledDeliveryEndDate": "", "promiseResponseDueDate": "", "earliestShipDate": "2021-09-21 12:00", "latestShipDate": "2021-09-22 23:59", "earliestDeliveryDate": "2021-09-28 12:00", "latestDeliveryDate": "2021-09-18 23:59", "billName": "Mike McKenna", "billCompany": null, "billAddress1": null, "billAddress2": null, "billCity": null, "billState": null, "billZipCode": null, "billCountryCode": null, "billPhone": null}], "operationResult": "\u63d2\u5165\u8bb0\u5f55\u6761\u6570 = 1, \u8c03\u6574\u5e93\u5b58\u7ed3\u679c = success"}
2022-02-21 11:58:01,465 - test_case01.py[line:21] - test_case01 - INFO - 用例序号:testcase_05
2022-02-21 11:58:01,465 - test_case01.py[line:22] - test_case01 - INFO - 用例名称:edit_order
2022-02-21 11:58:01,465 - test_case01.py[line:23] - test_case01 - INFO - 请求url:http://uat.drp.orsd.tech/drpapi/monitor/job/edit
2022-02-21 11:58:01,465 - test_case01.py[line:24] - test_case01 - INFO - 请求数据:{"id":60,"jobName":"callStoreProcOrderImportPickUpTask","jobGroup":"OrderImport","methodName":"runParams","methodParams":"[153]","cronExpression":"0 20/45 * ? * *","misfirePolicy":3,"status":2,"duringRunPolicy":2,"deleteIdList":null}
2022-02-21 11:58:01,465 - test_case01.py[line:25] - test_case01 - INFO - 请求方式:POST
2022-02-21 11:58:01,465 - test_case01.py[line:26] - test_case01 - INFO - 请求头:yes
2022-02-21 11:58:01,465 - test_case01.py[line:27] - test_case01 - INFO - 依赖:None
2022-02-21 11:58:01,465 - test_case01.py[line:28] - test_case01 - INFO - 依赖的返回数据:None
2022-02-21 11:58:01,465 - test_case01.py[line:29] - test_case01 - INFO - 数据依赖字段:None
2022-02-21 11:58:01,465 - test_case01.py[line:30] - test_case01 - INFO - 预期结果:code
2022-02-21 11:58:01,508 - test_case01.py[line:33] - test_case01 - INFO - 返回结果为:{"code": "401", "data": "", "msg": "Your account has been logged in elsewhere,please log in again."}
2022-02-21 11:58:01,509 - test_case01.py[line:21] - test_case01 - INFO - 用例序号:testcase_06
2022-02-21 11:58:01,509 - test_case01.py[line:22] - test_case01 - INFO - 用例名称:job_run
2022-02-21 11:58:01,509 - test_case01.py[line:23] - test_case01 - INFO - 请求url:http://uat.drp.orsd.tech/drpapi/monitor/job/run
2022-02-21 11:58:01,509 - test_case01.py[line:24] - test_case01 - INFO - 请求数据:{"id":60}
2022-02-21 11:58:01,509 - test_case01.py[line:25] - test_case01 - INFO - 请求方式:POST
2022-02-21 11:58:01,509 - test_case01.py[line:26] - test_case01 - INFO - 请求头:yes
2022-02-21 11:58:01,509 - test_case01.py[line:27] - test_case01 - INFO - 依赖:None
2022-02-21 11:58:01,509 - test_case01.py[line:28] - test_case01 - INFO - 依赖的返回数据:None
2022-02-21 11:58:01,509 - test_case01.py[line:29] - test_case01 - INFO - 数据依赖字段:None
2022-02-21 11:58:01,511 - test_case01.py[line:30] - test_case01 - INFO - 预期结果:code
2022-02-21 11:58:01,542 - test_case01.py[line:33] - test_case01 - INFO - 返回结果为:{"code": "401", "data": "", "msg": "Your account has been logged in elsewhere,please log in again."}
