2022-03-24 19:42:36,915 - test_case01.py[line:23] - test_case01 - INFO - 
                         _    _         _      _____         _
          __ _ _ __ (_)  / \  _   _| |_ __|_   _|__  ___| |_
         / _` | '_ \| | / _ \| | | | __/ _ \| |/ _ \/ __| __|
        | (_| | |_) | |/ ___ \ |_| | || (_) | |  __/\__ \ |_
         \__,_| .__/|_/_/   \_\__,_|\__\___/|_|\___||___/\__|
              |_|
              Starting      ...     ...     ...
            
2022-03-24 19:42:36,915 - test_case01.py[line:32] - test_case01 - INFO - 用例序号:testcase_01
2022-03-24 19:42:36,915 - test_case01.py[line:33] - test_case01 - INFO - 用例名称:loginOauth
2022-03-24 19:42:36,917 - test_case01.py[line:34] - test_case01 - INFO - 请求url:http://uat.drp.orsd.tech/drpapi/oauth/loginOauth
2022-03-24 19:42:36,917 - test_case01.py[line:35] - test_case01 - INFO - 请求数据:{"username":"wuhaiyan", "password":"49ca2906599a55321586de19c9c835e1"}
2022-03-24 19:42:36,917 - test_case01.py[line:36] - test_case01 - INFO - 请求方式:POST
2022-03-24 19:42:36,917 - test_case01.py[line:37] - test_case01 - INFO - 请求头:header
2022-03-24 19:42:36,917 - test_case01.py[line:38] - test_case01 - INFO - 依赖:None
2022-03-24 19:42:36,918 - test_case01.py[line:39] - test_case01 - INFO - 依赖的返回数据:refreshToken
2022-03-24 19:42:36,918 - test_case01.py[line:40] - test_case01 - INFO - 数据依赖字段:None
2022-03-24 19:42:36,918 - test_case01.py[line:41] - test_case01 - INFO - 预期结果:code
2022-03-24 19:42:37,115 - test_case01.py[line:81] - test_case01 - INFO - 返回结果为:{
  "code": "0000",
  "data": {
    "accessToken": "eyJhbGciOiJIUzUxMiJ9.eyJhdWQiOiIxIiwic3ViIjoid3VoYWl5YW4iLCJleHAiOjE2NDgxNTA5NTcsImlhdCI6MTY0ODEyMjE1N30.SVJK9QP6xwvY7tF9KS2XcsGNMK3kZA7CevfRHvoFpGk5B81Rqbd1-X1gyOvn6BC_8V28fxTFyato8PhYTGOTIg",
    "expiresIn": 28800000,
    "refreshTime": 7100000,
    "refreshToken": "eyJhbGciOiJIUzUxMiJ9.eyJhdWQiOiIyIiwic3ViIjoid3VoYWl5YW4iLCJleHAiOjE2NDg3MjY5NTcsImlhdCI6MTY0ODEyMjE1N30.kMlKnRfR0iBbkmK5qKiAMRYw1jPi4UmXKE-G5f7JZqP4qGjaVbu0rET_bkFWeeVWdn-nokMBqm7siVAYwbcezw",
    "scope": "all",
    "subject": "wuhaiyan",
    "tokenType": "jwt"
  },
  "msg": "Login was successful."
}
2022-03-24 19:42:37,115 - test_case01.py[line:23] - test_case01 - INFO - 
                         _    _         _      _____         _
          __ _ _ __ (_)  / \  _   _| |_ __|_   _|__  ___| |_
         / _` | '_ \| | / _ \| | | | __/ _ \| |/ _ \/ __| __|
        | (_| | |_) | |/ ___ \ |_| | || (_) | |  __/\__ \ |_
         \__,_| .__/|_/_/   \_\__,_|\__\___/|_|\___||___/\__|
              |_|
              Starting      ...     ...     ...
            
2022-03-24 19:42:37,115 - test_case01.py[line:32] - test_case01 - INFO - 用例序号:testcase_02
2022-03-24 19:42:37,115 - test_case01.py[line:33] - test_case01 - INFO - 用例名称:refreshOauthToken
2022-03-24 19:42:37,115 - test_case01.py[line:34] - test_case01 - INFO - 请求url:http://uat.drp.orsd.tech/drpapi/oauth/refreshOauthToken
2022-03-24 19:42:37,115 - test_case01.py[line:35] - test_case01 - INFO - 请求数据:None
2022-03-24 19:42:37,115 - test_case01.py[line:36] - test_case01 - INFO - 请求方式:POST
2022-03-24 19:42:37,115 - test_case01.py[line:37] - test_case01 - INFO - 请求头:yes
2022-03-24 19:42:37,116 - test_case01.py[line:38] - test_case01 - INFO - 依赖:case1
2022-03-24 19:42:37,116 - test_case01.py[line:39] - test_case01 - INFO - 依赖的返回数据:refreshToken
2022-03-24 19:42:37,116 - test_case01.py[line:40] - test_case01 - INFO - 数据依赖字段:refreshToken
2022-03-24 19:42:37,116 - test_case01.py[line:41] - test_case01 - INFO - 预期结果:code
2022-03-24 19:42:37,194 - test_case01.py[line:81] - test_case01 - INFO - 返回结果为:{
  "code": "0000",
  "data": {
    "accessToken": "eyJhbGciOiJIUzUxMiJ9.eyJhdWQiOiIxIiwic3ViIjoid3VoYWl5YW4iLCJleHAiOjE2NDgxNTA5NTcsImlhdCI6MTY0ODEyMjE1N30.SVJK9QP6xwvY7tF9KS2XcsGNMK3kZA7CevfRHvoFpGk5B81Rqbd1-X1gyOvn6BC_8V28fxTFyato8PhYTGOTIg",
    "expiresIn": 0,
    "refreshTime": 30000,
    "refreshToken": null,
    "scope": "all",
    "subject": "wuhaiyan",
    "tokenType": "jwt"
  },
  "msg": "success"
}
2022-03-24 19:42:37,195 - test_case01.py[line:23] - test_case01 - INFO - 
                         _    _         _      _____         _
          __ _ _ __ (_)  / \  _   _| |_ __|_   _|__  ___| |_
         / _` | '_ \| | / _ \| | | | __/ _ \| |/ _ \/ __| __|
        | (_| | |_) | |/ ___ \ |_| | || (_) | |  __/\__ \ |_
         \__,_| .__/|_/_/   \_\__,_|\__\___/|_|\___||___/\__|
              |_|
              Starting      ...     ...     ...
            
2022-03-24 19:42:37,195 - test_case01.py[line:32] - test_case01 - INFO - 用例序号:testcase_03
2022-03-24 19:42:37,195 - test_case01.py[line:33] - test_case01 - INFO - 用例名称:listWarehouse
2022-03-24 19:42:37,195 - test_case01.py[line:34] - test_case01 - INFO - 请求url:http://uat.drp.orsd.tech/drpapi/warehouse/truck/listWarehouse
2022-03-24 19:42:37,195 - test_case01.py[line:35] - test_case01 - INFO - 请求数据:None
2022-03-24 19:42:37,195 - test_case01.py[line:36] - test_case01 - INFO - 请求方式:POST
2022-03-24 19:42:37,195 - test_case01.py[line:37] - test_case01 - INFO - 请求头:yes
2022-03-24 19:42:37,195 - test_case01.py[line:38] - test_case01 - INFO - 依赖:None
2022-03-24 19:42:37,195 - test_case01.py[line:39] - test_case01 - INFO - 依赖的返回数据:None
2022-03-24 19:42:37,195 - test_case01.py[line:40] - test_case01 - INFO - 数据依赖字段:None
2022-03-24 19:42:37,195 - test_case01.py[line:41] - test_case01 - INFO - 预期结果:code
2022-03-24 19:42:37,477 - test_case01.py[line:81] - test_case01 - INFO - 返回结果为:{
  "code": "0000",
  "data": [
    {
      "code": 1,
      "description": "CA1",
      "qty": null,
      "url": null
    },
    {
      "code": 18,
      "description": "NJ1",
      "qty": null,
      "url": null
    },
    {
      "code": 50,
      "description": "NJ2",
      "qty": null,
      "url": null
    },
    {
      "code": 52,
      "description": "CA2",
      "qty": null,
      "url": null
    },
    {
      "code": 58,
      "description": "AT1",
      "qty": null,
      "url": null
    },
    {
      "code": 62,
      "description": "CA3",
      "qty": null,
      "url": null
    },
    {
      "code": 64,
      "description": "NJ3",
      "qty": null,
      "url": null
    },
    {
      "code": 66,
      "description": "CAL1",
      "qty": null,
      "url": null
    },
    {
      "code": 68,
      "description": "AT2",
      "qty": null,
      "url": null
    },
    {
      "code": 72,
      "description": "CA4",
      "qty": null,
      "url": null
    },
    {
      "code": 76,
      "description": "NJ4",
      "qty": null,
      "url": null
    },
    {
      "code": 78,
      "description": "ATX3",
      "qty": null,
      "url": null
    },
    {
      "code": 80,
      "description": "ATX4",
      "qty": null,
      "url": null
    }
  ],
  "msg": "success"
}
2022-03-24 19:42:37,479 - test_case01.py[line:23] - test_case01 - INFO - 
                         _    _         _      _____         _
          __ _ _ __ (_)  / \  _   _| |_ __|_   _|__  ___| |_
         / _` | '_ \| | / _ \| | | | __/ _ \| |/ _ \/ __| __|
        | (_| | |_) | |/ ___ \ |_| | || (_) | |  __/\__ \ |_
         \__,_| .__/|_/_/   \_\__,_|\__\___/|_|\___||___/\__|
              |_|
              Starting      ...     ...     ...
            
2022-03-24 19:42:37,479 - test_case01.py[line:32] - test_case01 - INFO - 用例序号:testcase_04
2022-03-24 19:42:37,479 - test_case01.py[line:33] - test_case01 - INFO - 用例名称:make_order
2022-03-24 19:42:37,479 - test_case01.py[line:34] - test_case01 - INFO - 请求url:http://192.168.20.167:9876/usosj_test/order/dealOrders?platform=amazon&storeId=153&orderAmount=1&isImport=no
2022-03-24 19:42:37,480 - test_case01.py[line:35] - test_case01 - INFO - 请求数据:{"platform":"amazon", "storeId":"153", "orderAmount":"1", "isImport":"no"}
2022-03-24 19:42:37,481 - test_case01.py[line:36] - test_case01 - INFO - 请求方式:GET
2022-03-24 19:42:37,481 - test_case01.py[line:37] - test_case01 - INFO - 请求头:yes
2022-03-24 19:42:37,481 - test_case01.py[line:38] - test_case01 - INFO - 依赖:None
2022-03-24 19:42:37,481 - test_case01.py[line:39] - test_case01 - INFO - 依赖的返回数据:None
2022-03-24 19:42:37,481 - test_case01.py[line:40] - test_case01 - INFO - 数据依赖字段:None
2022-03-24 19:42:37,482 - test_case01.py[line:41] - test_case01 - INFO - 预期结果:code
2022-03-24 19:42:37,564 - test_case01.py[line:81] - test_case01 - INFO - 返回结果为:{
  "code": "200",
  "filePath": "/wosSysFile/testOrderExcel/amazon-20220324044235.xlsx",
  "operationResult": "插入记录条数 = 1, 调整库存结果 = success",
  "orderList": [
    {
      "addressType": "Residential",
      "altItemId": "17190443880106",
      "billAddress1": null,
      "billAddress2": null,
      "billCity": null,
      "billCompany": null,
      "billCountryCode": null,
      "billEmail": "2shr6v7bmglbgd3@marketplace.amazon.com",
      "billName": "DeAundrea",
      "billPhone": null,
      "billState": null,
      "billZipCode": null,
      "creationDate": "2022-03-24 04:42:35.202",
      "customerComments": null,
      "description": "Merax Travelhouse Luggage 3 Piece Expandable Spinner Set Purple",
      "discountAmount": 0.0,
      "earliestDeliveryDate": "2021-08-25 12:00",
      "earliestShipDate": "2021-08-09 12:00",
      "isExported": null,
      "itemCode": "PP187973IAA814",
      "itemShipAmount": null,
      "itemTax": 12.0,
      "itemUnitDiscount": 0.0,
      "itemUnitPrice": 149.99,
      "itemUnitWeight": null,
      "latestDeliveryDate": "2021-08-30 23:59",
      "latestShipDate": "2021-07-26 23:59",
      "lineItemNumber": 1,
      "orderDate": "2021-09-04 09:31",
      "orderId": "114-1447471-9550858",
      "orderNumber": null,
      "orderTotal": 161.99,
      "ordersFrom": "",
      "promiseResponseDueDate": "",
      "qty": 1,
      "scheduledDeliveryEndDate": "",
      "scheduledDeliveryStartDate": "",
      "sellerSku": "B00XP8J8J8",
      "shipAddress1": "3773 Soapstone Road",
      "shipAddress2": "",
      "shipAmount": 0.0,
      "shipCity": "Decatur",
      "shipCompany": null,
      "shipCountryCode": "US",
      "shipMethod": "Std US D2D Dom",
      "shipName": "DeAundrea Hackett",
      "shipPhone": "+1 210-728-4548 ext. 42996",
      "shipState": "GA",
      "shipZipCode": "30034",
      "shippingTax": null,
      "sku": "PP191030AAI-001",
      "stockOut": null,
      "storeId": 153,
      "storeName": "Buymax",
      "taxAmount": 0.0
    }
  ]
}
2022-03-24 19:42:37,566 - test_case01.py[line:23] - test_case01 - INFO - 
                         _    _         _      _____         _
          __ _ _ __ (_)  / \  _   _| |_ __|_   _|__  ___| |_
         / _` | '_ \| | / _ \| | | | __/ _ \| |/ _ \/ __| __|
        | (_| | |_) | |/ ___ \ |_| | || (_) | |  __/\__ \ |_
         \__,_| .__/|_/_/   \_\__,_|\__\___/|_|\___||___/\__|
              |_|
              Starting      ...     ...     ...
            
2022-03-24 19:42:37,567 - test_case01.py[line:32] - test_case01 - INFO - 用例序号:testcase_05
2022-03-24 19:42:37,567 - test_case01.py[line:33] - test_case01 - INFO - 用例名称:edit_order
2022-03-24 19:42:37,567 - test_case01.py[line:34] - test_case01 - INFO - 请求url:http://uat.drp.orsd.tech/drpapi/monitor/job/edit
2022-03-24 19:42:37,567 - test_case01.py[line:35] - test_case01 - INFO - 请求数据:{"id":60,"jobName":"callStoreProcOrderImportPickUpTask","jobGroup":"OrderImport","methodName":"runParams","methodParams":"[153]","cronExpression":"0 20/45 * ? * *","misfirePolicy":3,"status":2,"duringRunPolicy":2,"deleteIdList":null}
2022-03-24 19:42:37,567 - test_case01.py[line:36] - test_case01 - INFO - 请求方式:POST
2022-03-24 19:42:37,567 - test_case01.py[line:37] - test_case01 - INFO - 请求头:yes
2022-03-24 19:42:37,567 - test_case01.py[line:38] - test_case01 - INFO - 依赖:None
2022-03-24 19:42:37,567 - test_case01.py[line:39] - test_case01 - INFO - 依赖的返回数据:None
2022-03-24 19:42:37,567 - test_case01.py[line:40] - test_case01 - INFO - 数据依赖字段:None
2022-03-24 19:42:37,567 - test_case01.py[line:41] - test_case01 - INFO - 预期结果:code
2022-03-24 19:42:37,943 - test_case01.py[line:81] - test_case01 - INFO - 返回结果为:{
  "code": "0000",
  "data": true,
  "msg": "success"
}
2022-03-24 19:42:37,944 - test_case01.py[line:23] - test_case01 - INFO - 
                         _    _         _      _____         _
          __ _ _ __ (_)  / \  _   _| |_ __|_   _|__  ___| |_
         / _` | '_ \| | / _ \| | | | __/ _ \| |/ _ \/ __| __|
        | (_| | |_) | |/ ___ \ |_| | || (_) | |  __/\__ \ |_
         \__,_| .__/|_/_/   \_\__,_|\__\___/|_|\___||___/\__|
              |_|
              Starting      ...     ...     ...
            
2022-03-24 19:42:37,944 - test_case01.py[line:32] - test_case01 - INFO - 用例序号:testcase_06
2022-03-24 19:42:37,944 - test_case01.py[line:33] - test_case01 - INFO - 用例名称:job_run
2022-03-24 19:42:37,944 - test_case01.py[line:34] - test_case01 - INFO - 请求url:http://uat.drp.orsd.tech/drpapi/monitor/job/run
2022-03-24 19:42:37,944 - test_case01.py[line:35] - test_case01 - INFO - 请求数据:{"id":60}
2022-03-24 19:42:37,944 - test_case01.py[line:36] - test_case01 - INFO - 请求方式:POST
2022-03-24 19:42:37,944 - test_case01.py[line:37] - test_case01 - INFO - 请求头:yes
2022-03-24 19:42:37,944 - test_case01.py[line:38] - test_case01 - INFO - 依赖:None
2022-03-24 19:42:37,944 - test_case01.py[line:39] - test_case01 - INFO - 依赖的返回数据:None
2022-03-24 19:42:37,944 - test_case01.py[line:40] - test_case01 - INFO - 数据依赖字段:None
2022-03-24 19:42:37,944 - test_case01.py[line:41] - test_case01 - INFO - 预期结果:code
2022-03-24 19:42:38,207 - test_case01.py[line:81] - test_case01 - INFO - 返回结果为:{
  "code": "0000",
  "data": true,
  "msg": "success"
}
